ARM GAS  C:\Users\aditi\AppData\Local\Temp\cc8LRFu9.s 			page 1


   1              		.syntax unified
   2              		.cpu cortex-m3
   3              		.fpu softvfp
   4              		.eabi_attribute 20, 1
   5              		.eabi_attribute 21, 1
   6              		.eabi_attribute 23, 3
   7              		.eabi_attribute 24, 1
   8              		.eabi_attribute 25, 1
   9              		.eabi_attribute 26, 1
  10              		.eabi_attribute 30, 1
  11              		.eabi_attribute 34, 1
  12              		.eabi_attribute 18, 4
  13              		.thumb
  14              		.syntax unified
  15              		.file	"cymetadata.c"
  16              		.text
  17              	.Ltext0:
  18              		.cfi_sections	.debug_frame
  19              		.global	cy_metadata
  20              		.global	cy_meta_flashprotect
  21              		.global	cy_meta_wonvl
  22              		.global	cy_meta_custnvl
  23              		.global	cy_meta_configecc
  24              		.section	.cyconfigecc,"a",%progbits
  25              		.align	2
  26              		.type	cy_meta_configecc, %object
  27              		.size	cy_meta_configecc, 1764
  28              	cy_meta_configecc:
  29 0000 03       		.byte	3
  30 0001 64       		.byte	100
  31 0002 00       		.byte	0
  32 0003 40       		.byte	64
  33 0004 02       		.byte	2
  34 0005 65       		.byte	101
  35 0006 00       		.byte	0
  36 0007 40       		.byte	64
  37 0008 01       		.byte	1
  38 0009 03       		.byte	3
  39 000a 01       		.byte	1
  40 000b 40       		.byte	64
  41 000c 03       		.byte	3
  42 000d 05       		.byte	5
  43 000e 01       		.byte	1
  44 000f 40       		.byte	64
  45 0010 4E       		.byte	78
  46 0011 06       		.byte	6
  47 0012 01       		.byte	1
  48 0013 40       		.byte	64
  49 0014 43       		.byte	67
  50 0015 07       		.byte	7
  51 0016 01       		.byte	1
  52 0017 40       		.byte	64
  53 0018 65       		.byte	101
  54 0019 08       		.byte	8
  55 001a 01       		.byte	1
  56 001b 40       		.byte	64
  57 001c 4E       		.byte	78
ARM GAS  C:\Users\aditi\AppData\Local\Temp\cc8LRFu9.s 			page 2


  58 001d 09       		.byte	9
  59 001e 01       		.byte	1
  60 001f 40       		.byte	64
  61 0020 0D       		.byte	13
  62 0021 0A       		.byte	10
  63 0022 01       		.byte	1
  64 0023 40       		.byte	64
  65 0024 34       		.byte	52
  66 0025 0B       		.byte	11
  67 0026 01       		.byte	1
  68 0027 40       		.byte	64
  69 0028 0A       		.byte	10
  70 0029 17       		.byte	23
  71 002a 01       		.byte	1
  72 002b 40       		.byte	64
  73 002c 42       		.byte	66
  74 002d 18       		.byte	24
  75 002e 01       		.byte	1
  76 002f 40       		.byte	64
  77 0030 4A       		.byte	74
  78 0031 19       		.byte	25
  79 0032 01       		.byte	1
  80 0033 40       		.byte	64
  81 0034 52       		.byte	82
  82 0035 1A       		.byte	26
  83 0036 01       		.byte	1
  84 0037 40       		.byte	64
  85 0038 43       		.byte	67
  86 0039 1B       		.byte	27
  87 003a 01       		.byte	1
  88 003b 40       		.byte	64
  89 003c 02       		.byte	2
  90 003d 40       		.byte	64
  91 003e 01       		.byte	1
  92 003f 40       		.byte	64
  93 0040 07       		.byte	7
  94 0041 41       		.byte	65
  95 0042 01       		.byte	1
  96 0043 40       		.byte	64
  97 0044 05       		.byte	5
  98 0045 42       		.byte	66
  99 0046 01       		.byte	1
 100 0047 40       		.byte	64
 101 0048 03       		.byte	3
 102 0049 43       		.byte	67
 103 004a 01       		.byte	1
 104 004b 40       		.byte	64
 105 004c 02       		.byte	2
 106 004d 44       		.byte	68
 107 004e 01       		.byte	1
 108 004f 40       		.byte	64
 109 0050 01       		.byte	1
 110 0051 45       		.byte	69
 111 0052 01       		.byte	1
 112 0053 40       		.byte	64
 113 0054 02       		.byte	2
 114 0055 46       		.byte	70
ARM GAS  C:\Users\aditi\AppData\Local\Temp\cc8LRFu9.s 			page 3


 115 0056 01       		.byte	1
 116 0057 40       		.byte	64
 117 0058 01       		.byte	1
 118 0059 47       		.byte	71
 119 005a 01       		.byte	1
 120 005b 40       		.byte	64
 121 005c 02       		.byte	2
 122 005d 48       		.byte	72
 123 005e 01       		.byte	1
 124 005f 40       		.byte	64
 125 0060 01       		.byte	1
 126 0061 4C       		.byte	76
 127 0062 01       		.byte	1
 128 0063 40       		.byte	64
 129 0064 0B       		.byte	11
 130 0065 4D       		.byte	77
 131 0066 01       		.byte	1
 132 0067 40       		.byte	64
 133 0068 05       		.byte	5
 134 0069 50       		.byte	80
 135 006a 01       		.byte	1
 136 006b 40       		.byte	64
 137 006c 01       		.byte	1
 138 006d 51       		.byte	81
 139 006e 01       		.byte	1
 140 006f 40       		.byte	64
 141 0070 86       		.byte	-122
 142 0071 0F       		.byte	15
 143 0072 89       		.byte	-119
 144 0073 0D       		.byte	13
 145 0074 8B       		.byte	-117
 146 0075 0F       		.byte	15
 147 0076 89       		.byte	-119
 148 0077 72       		.byte	114
 149 0078 8B       		.byte	-117
 150 0079 38       		.byte	56
 151 007a 81       		.byte	-127
 152 007b 20       		.byte	32
 153 007c 99       		.byte	-103
 154 007d 20       		.byte	32
 155 007e A3       		.byte	-93
 156 007f 20       		.byte	32
 157 0080 AB       		.byte	-85
 158 0081 20       		.byte	32
 159 0082 03       		.byte	3
 160 0083 0A       		.byte	10
 161 0084 05       		.byte	5
 162 0085 20       		.byte	32
 163 0086 09       		.byte	9
 164 0087 06       		.byte	6
 165 0088 0A       		.byte	10
 166 0089 02       		.byte	2
 167 008a 0B       		.byte	11
 168 008b 08       		.byte	8
 169 008c 0C       		.byte	12
 170 008d 01       		.byte	1
 171 008e 13       		.byte	19
ARM GAS  C:\Users\aditi\AppData\Local\Temp\cc8LRFu9.s 			page 4


 172 008f 10       		.byte	16
 173 0090 15       		.byte	21
 174 0091 14       		.byte	20
 175 0092 16       		.byte	22
 176 0093 01       		.byte	1
 177 0094 17       		.byte	23
 178 0095 08       		.byte	8
 179 0096 19       		.byte	25
 180 0097 06       		.byte	6
 181 0098 1A       		.byte	26
 182 0099 02       		.byte	2
 183 009a 1B       		.byte	27
 184 009b 18       		.byte	24
 185 009c 1E       		.byte	30
 186 009d 01       		.byte	1
 187 009e 21       		.byte	33
 188 009f 06       		.byte	6
 189 00a0 23       		.byte	35
 190 00a1 08       		.byte	8
 191 00a2 25       		.byte	37
 192 00a3 01       		.byte	1
 193 00a4 26       		.byte	38
 194 00a5 01       		.byte	1
 195 00a6 28       		.byte	40
 196 00a7 01       		.byte	1
 197 00a8 29       		.byte	41
 198 00a9 01       		.byte	1
 199 00aa 30       		.byte	48
 200 00ab 01       		.byte	1
 201 00ac 32       		.byte	50
 202 00ad 02       		.byte	2
 203 00ae 33       		.byte	51
 204 00af 1E       		.byte	30
 205 00b0 35       		.byte	53
 206 00b1 20       		.byte	32
 207 00b2 37       		.byte	55
 208 00b3 01       		.byte	1
 209 00b4 39       		.byte	57
 210 00b5 80       		.byte	-128
 211 00b6 3B       		.byte	59
 212 00b7 08       		.byte	8
 213 00b8 3E       		.byte	62
 214 00b9 01       		.byte	1
 215 00ba 3F       		.byte	63
 216 00bb 50       		.byte	80
 217 00bc 40       		.byte	64
 218 00bd 36       		.byte	54
 219 00be 41       		.byte	65
 220 00bf 01       		.byte	1
 221 00c0 46       		.byte	70
 222 00c1 C0       		.byte	-64
 223 00c2 47       		.byte	71
 224 00c3 BE       		.byte	-66
 225 00c4 48       		.byte	72
 226 00c5 38       		.byte	56
 227 00c6 49       		.byte	73
 228 00c7 FF       		.byte	-1
ARM GAS  C:\Users\aditi\AppData\Local\Temp\cc8LRFu9.s 			page 5


 229 00c8 4A       		.byte	74
 230 00c9 FF       		.byte	-1
 231 00ca 4B       		.byte	75
 232 00cb FF       		.byte	-1
 233 00cc 4E       		.byte	78
 234 00cd F0       		.byte	-16
 235 00ce 4F       		.byte	79
 236 00cf 44       		.byte	68
 237 00d0 50       		.byte	80
 238 00d1 0C       		.byte	12
 239 00d2 54       		.byte	84
 240 00d3 01       		.byte	1
 241 00d4 58       		.byte	88
 242 00d5 04       		.byte	4
 243 00d6 59       		.byte	89
 244 00d7 04       		.byte	4
 245 00d8 5A       		.byte	90
 246 00d9 04       		.byte	4
 247 00da 5B       		.byte	91
 248 00db 04       		.byte	4
 249 00dc 5C       		.byte	92
 250 00dd 12       		.byte	18
 251 00de 5D       		.byte	93
 252 00df 11       		.byte	17
 253 00e0 5F       		.byte	95
 254 00e1 01       		.byte	1
 255 00e2 66       		.byte	102
 256 00e3 C0       		.byte	-64
 257 00e4 6A       		.byte	106
 258 00e5 40       		.byte	64
 259 00e6 6B       		.byte	107
 260 00e7 02       		.byte	2
 261 00e8 84       		.byte	-124
 262 00e9 2C       		.byte	44
 263 00ea 86       		.byte	-122
 264 00eb 11       		.byte	17
 265 00ec 87       		.byte	-121
 266 00ed 02       		.byte	2
 267 00ee 8A       		.byte	-118
 268 00ef 03       		.byte	3
 269 00f0 8C       		.byte	-116
 270 00f1 09       		.byte	9
 271 00f2 8E       		.byte	-114
 272 00f3 10       		.byte	16
 273 00f4 90       		.byte	-112
 274 00f5 14       		.byte	20
 275 00f6 91       		.byte	-111
 276 00f7 02       		.byte	2
 277 00f8 94       		.byte	-108
 278 00f9 30       		.byte	48
 279 00fa 96       		.byte	-106
 280 00fb 0C       		.byte	12
 281 00fc 98       		.byte	-104
 282 00fd 40       		.byte	64
 283 00fe 9C       		.byte	-100
 284 00ff 10       		.byte	16
 285 0100 A3       		.byte	-93
ARM GAS  C:\Users\aditi\AppData\Local\Temp\cc8LRFu9.s 			page 6


 286 0101 01       		.byte	1
 287 0102 A4       		.byte	-92
 288 0103 1C       		.byte	28
 289 0104 A6       		.byte	-90
 290 0105 22       		.byte	34
 291 0106 B0       		.byte	-80
 292 0107 60       		.byte	96
 293 0108 B2       		.byte	-78
 294 0109 1F       		.byte	31
 295 010a B5       		.byte	-75
 296 010b 01       		.byte	1
 297 010c B7       		.byte	-73
 298 010d 02       		.byte	2
 299 010e B8       		.byte	-72
 300 010f 02       		.byte	2
 301 0110 D2       		.byte	-46
 302 0111 80       		.byte	-128
 303 0112 D8       		.byte	-40
 304 0113 04       		.byte	4
 305 0114 D9       		.byte	-39
 306 0115 04       		.byte	4
 307 0116 DB       		.byte	-37
 308 0117 04       		.byte	4
 309 0118 DC       		.byte	-36
 310 0119 21       		.byte	33
 311 011a DD       		.byte	-35
 312 011b 20       		.byte	32
 313 011c DF       		.byte	-33
 314 011d 01       		.byte	1
 315 011e 00       		.byte	0
 316 011f 40       		.byte	64
 317 0120 01       		.byte	1
 318 0121 08       		.byte	8
 319 0122 03       		.byte	3
 320 0123 08       		.byte	8
 321 0124 06       		.byte	6
 322 0125 06       		.byte	6
 323 0126 09       		.byte	9
 324 0127 89       		.byte	-119
 325 0128 0A       		.byte	10
 326 0129 08       		.byte	8
 327 012a 0D       		.byte	13
 328 012b 10       		.byte	16
 329 012c 0E       		.byte	14
 330 012d 10       		.byte	16
 331 012e 0F       		.byte	15
 332 012f 22       		.byte	34
 333 0130 10       		.byte	16
 334 0131 20       		.byte	32
 335 0132 17       		.byte	23
 336 0133 24       		.byte	36
 337 0134 18       		.byte	24
 338 0135 40       		.byte	64
 339 0136 19       		.byte	25
 340 0137 02       		.byte	2
 341 0138 1B       		.byte	27
 342 0139 08       		.byte	8
ARM GAS  C:\Users\aditi\AppData\Local\Temp\cc8LRFu9.s 			page 7


 343 013a 1E       		.byte	30
 344 013b 80       		.byte	-128
 345 013c 1F       		.byte	31
 346 013d 04       		.byte	4
 347 013e 20       		.byte	32
 348 013f 08       		.byte	8
 349 0140 21       		.byte	33
 350 0141 10       		.byte	16
 351 0142 22       		.byte	34
 352 0143 40       		.byte	64
 353 0144 25       		.byte	37
 354 0145 08       		.byte	8
 355 0146 26       		.byte	38
 356 0147 80       		.byte	-128
 357 0148 27       		.byte	39
 358 0149 28       		.byte	40
 359 014a 29       		.byte	41
 360 014b 01       		.byte	1
 361 014c 2D       		.byte	45
 362 014d 20       		.byte	32
 363 014e 2E       		.byte	46
 364 014f 02       		.byte	2
 365 0150 2F       		.byte	47
 366 0151 20       		.byte	32
 367 0152 30       		.byte	48
 368 0153 01       		.byte	1
 369 0154 35       		.byte	53
 370 0155 02       		.byte	2
 371 0156 37       		.byte	55
 372 0157 24       		.byte	36
 373 0158 3A       		.byte	58
 374 0159 04       		.byte	4
 375 015a 3D       		.byte	61
 376 015b 08       		.byte	8
 377 015c 3F       		.byte	63
 378 015d 22       		.byte	34
 379 015e 45       		.byte	69
 380 015f 08       		.byte	8
 381 0160 46       		.byte	70
 382 0161 02       		.byte	2
 383 0162 4E       		.byte	78
 384 0163 04       		.byte	4
 385 0164 55       		.byte	85
 386 0165 05       		.byte	5
 387 0166 56       		.byte	86
 388 0167 08       		.byte	8
 389 0168 57       		.byte	87
 390 0169 10       		.byte	16
 391 016a 5E       		.byte	94
 392 016b 90       		.byte	-112
 393 016c 5F       		.byte	95
 394 016d 0A       		.byte	10
 395 016e 71       		.byte	113
 396 016f 01       		.byte	1
 397 0170 82       		.byte	-126
 398 0171 44       		.byte	68
 399 0172 85       		.byte	-123
ARM GAS  C:\Users\aditi\AppData\Local\Temp\cc8LRFu9.s 			page 8


 400 0173 08       		.byte	8
 401 0174 86       		.byte	-122
 402 0175 02       		.byte	2
 403 0176 87       		.byte	-121
 404 0177 20       		.byte	32
 405 0178 8A       		.byte	-118
 406 0179 04       		.byte	4
 407 017a 8B       		.byte	-117
 408 017b 01       		.byte	1
 409 017c 8C       		.byte	-116
 410 017d 60       		.byte	96
 411 017e 8D       		.byte	-115
 412 017f 80       		.byte	-128
 413 0180 8F       		.byte	-113
 414 0181 04       		.byte	4
 415 0182 97       		.byte	-105
 416 0183 08       		.byte	8
 417 0184 99       		.byte	-103
 418 0185 20       		.byte	32
 419 0186 A3       		.byte	-93
 420 0187 20       		.byte	32
 421 0188 AF       		.byte	-81
 422 0189 04       		.byte	4
 423 018a C0       		.byte	-64
 424 018b C7       		.byte	-57
 425 018c C2       		.byte	-62
 426 018d EF       		.byte	-17
 427 018e C4       		.byte	-60
 428 018f 64       		.byte	100
 429 0190 CA       		.byte	-54
 430 0191 E1       		.byte	-31
 431 0192 CC       		.byte	-52
 432 0193 E1       		.byte	-31
 433 0194 CE       		.byte	-50
 434 0195 E2       		.byte	-30
 435 0196 D0       		.byte	-48
 436 0197 50       		.byte	80
 437 0198 D2       		.byte	-46
 438 0199 20       		.byte	32
 439 019a D6       		.byte	-42
 440 019b F0       		.byte	-16
 441 019c E0       		.byte	-32
 442 019d 02       		.byte	2
 443 019e E2       		.byte	-30
 444 019f 01       		.byte	1
 445 01a0 E4       		.byte	-28
 446 01a1 01       		.byte	1
 447 01a2 E6       		.byte	-26
 448 01a3 08       		.byte	8
 449 01a4 01       		.byte	1
 450 01a5 01       		.byte	1
 451 01a6 03       		.byte	3
 452 01a7 0E       		.byte	14
 453 01a8 04       		.byte	4
 454 01a9 1D       		.byte	29
 455 01aa 07       		.byte	7
 456 01ab 03       		.byte	3
ARM GAS  C:\Users\aditi\AppData\Local\Temp\cc8LRFu9.s 			page 9


 457 01ac 09       		.byte	9
 458 01ad 1C       		.byte	28
 459 01ae 0A       		.byte	10
 460 01af 10       		.byte	16
 461 01b0 0B       		.byte	11
 462 01b1 03       		.byte	3
 463 01b2 0C       		.byte	12
 464 01b3 0D       		.byte	13
 465 01b4 0E       		.byte	14
 466 01b5 10       		.byte	16
 467 01b6 10       		.byte	16
 468 01b7 02       		.byte	2
 469 01b8 11       		.byte	17
 470 01b9 01       		.byte	1
 471 01ba 12       		.byte	18
 472 01bb 0D       		.byte	13
 473 01bc 13       		.byte	19
 474 01bd 16       		.byte	22
 475 01be 14       		.byte	20
 476 01bf 01       		.byte	1
 477 01c0 16       		.byte	22
 478 01c1 02       		.byte	2
 479 01c2 18       		.byte	24
 480 01c3 02       		.byte	2
 481 01c4 1A       		.byte	26
 482 01c5 08       		.byte	8
 483 01c6 1B       		.byte	27
 484 01c7 08       		.byte	8
 485 01c8 1C       		.byte	28
 486 01c9 1D       		.byte	29
 487 01ca 20       		.byte	32
 488 01cb 1D       		.byte	29
 489 01cc 23       		.byte	35
 490 01cd 1C       		.byte	28
 491 01ce 24       		.byte	36
 492 01cf 1D       		.byte	29
 493 01d0 28       		.byte	40
 494 01d1 02       		.byte	2
 495 01d2 2A       		.byte	42
 496 01d3 04       		.byte	4
 497 01d4 30       		.byte	48
 498 01d5 0F       		.byte	15
 499 01d6 34       		.byte	52
 500 01d7 10       		.byte	16
 501 01d8 35       		.byte	53
 502 01d9 0F       		.byte	15
 503 01da 37       		.byte	55
 504 01db 1A       		.byte	26
 505 01dc 3A       		.byte	58
 506 01dd 02       		.byte	2
 507 01de 3B       		.byte	59
 508 01df A0       		.byte	-96
 509 01e0 3E       		.byte	62
 510 01e1 10       		.byte	16
 511 01e2 40       		.byte	64
 512 01e3 01       		.byte	1
 513 01e4 45       		.byte	69
ARM GAS  C:\Users\aditi\AppData\Local\Temp\cc8LRFu9.s 			page 10


 514 01e5 40       		.byte	64
 515 01e6 49       		.byte	73
 516 01e7 FF       		.byte	-1
 517 01e8 4A       		.byte	74
 518 01e9 07       		.byte	7
 519 01ea 4B       		.byte	75
 520 01eb FF       		.byte	-1
 521 01ec 4C       		.byte	76
 522 01ed 40       		.byte	64
 523 01ee 4D       		.byte	77
 524 01ef 20       		.byte	32
 525 01f0 4E       		.byte	78
 526 01f1 F0       		.byte	-16
 527 01f2 4F       		.byte	79
 528 01f3 05       		.byte	5
 529 01f4 50       		.byte	80
 530 01f5 08       		.byte	8
 531 01f6 54       		.byte	84
 532 01f7 09       		.byte	9
 533 01f8 58       		.byte	88
 534 01f9 04       		.byte	4
 535 01fa 59       		.byte	89
 536 01fb 04       		.byte	4
 537 01fc 5A       		.byte	90
 538 01fd 04       		.byte	4
 539 01fe 5B       		.byte	91
 540 01ff 04       		.byte	4
 541 0200 5C       		.byte	92
 542 0201 10       		.byte	16
 543 0202 5D       		.byte	93
 544 0203 01       		.byte	1
 545 0204 5F       		.byte	95
 546 0205 01       		.byte	1
 547 0206 60       		.byte	96
 548 0207 40       		.byte	64
 549 0208 61       		.byte	97
 550 0209 A8       		.byte	-88
 551 020a 62       		.byte	98
 552 020b 40       		.byte	64
 553 020c 63       		.byte	99
 554 020d 20       		.byte	32
 555 020e 80       		.byte	-128
 556 020f 0E       		.byte	14
 557 0210 85       		.byte	-123
 558 0211 0D       		.byte	13
 559 0212 87       		.byte	-121
 560 0213 30       		.byte	48
 561 0214 88       		.byte	-120
 562 0215 05       		.byte	5
 563 0216 89       		.byte	-119
 564 0217 08       		.byte	8
 565 0218 8A       		.byte	-118
 566 0219 0A       		.byte	10
 567 021a 8B       		.byte	-117
 568 021b 34       		.byte	52
 569 021c 95       		.byte	-107
 570 021d 14       		.byte	20
ARM GAS  C:\Users\aditi\AppData\Local\Temp\cc8LRFu9.s 			page 11


 571 021e 97       		.byte	-105
 572 021f 2B       		.byte	43
 573 0220 98       		.byte	-104
 574 0221 04       		.byte	4
 575 0222 9A       		.byte	-102
 576 0223 09       		.byte	9
 577 0224 9B       		.byte	-101
 578 0225 02       		.byte	2
 579 0226 A4       		.byte	-92
 580 0227 03       		.byte	3
 581 0228 A5       		.byte	-91
 582 0229 24       		.byte	36
 583 022a A6       		.byte	-90
 584 022b 04       		.byte	4
 585 022c A7       		.byte	-89
 586 022d 1B       		.byte	27
 587 022e B0       		.byte	-80
 588 022f 0F       		.byte	15
 589 0230 B3       		.byte	-77
 590 0231 3C       		.byte	60
 591 0232 B5       		.byte	-75
 592 0233 03       		.byte	3
 593 0234 B8       		.byte	-72
 594 0235 02       		.byte	2
 595 0236 BB       		.byte	-69
 596 0237 08       		.byte	8
 597 0238 C0       		.byte	-64
 598 0239 30       		.byte	48
 599 023a C1       		.byte	-63
 600 023b 02       		.byte	2
 601 023c C5       		.byte	-59
 602 023d D2       		.byte	-46
 603 023e C6       		.byte	-58
 604 023f 10       		.byte	16
 605 0240 C8       		.byte	-56
 606 0241 0B       		.byte	11
 607 0242 C9       		.byte	-55
 608 0243 FF       		.byte	-1
 609 0244 CA       		.byte	-54
 610 0245 FF       		.byte	-1
 611 0246 CB       		.byte	-53
 612 0247 FF       		.byte	-1
 613 0248 CD       		.byte	-51
 614 0249 A0       		.byte	-96
 615 024a CF       		.byte	-49
 616 024b 04       		.byte	4
 617 024c D0       		.byte	-48
 618 024d 18       		.byte	24
 619 024e D4       		.byte	-44
 620 024f 05       		.byte	5
 621 0250 D8       		.byte	-40
 622 0251 04       		.byte	4
 623 0252 D9       		.byte	-39
 624 0253 04       		.byte	4
 625 0254 DA       		.byte	-38
 626 0255 04       		.byte	4
 627 0256 DB       		.byte	-37
ARM GAS  C:\Users\aditi\AppData\Local\Temp\cc8LRFu9.s 			page 12


 628 0257 04       		.byte	4
 629 0258 DD       		.byte	-35
 630 0259 22       		.byte	34
 631 025a DF       		.byte	-33
 632 025b 01       		.byte	1
 633 025c E0       		.byte	-32
 634 025d 40       		.byte	64
 635 025e E2       		.byte	-30
 636 025f C0       		.byte	-64
 637 0260 E4       		.byte	-28
 638 0261 40       		.byte	64
 639 0262 E5       		.byte	-27
 640 0263 40       		.byte	64
 641 0264 E6       		.byte	-26
 642 0265 C0       		.byte	-64
 643 0266 E8       		.byte	-24
 644 0267 C0       		.byte	-64
 645 0268 EA       		.byte	-22
 646 0269 C0       		.byte	-64
 647 026a EC       		.byte	-20
 648 026b C0       		.byte	-64
 649 026c EE       		.byte	-18
 650 026d C0       		.byte	-64
 651 026e 01       		.byte	1
 652 026f 02       		.byte	2
 653 0270 02       		.byte	2
 654 0271 08       		.byte	8
 655 0272 04       		.byte	4
 656 0273 20       		.byte	32
 657 0274 06       		.byte	6
 658 0275 08       		.byte	8
 659 0276 07       		.byte	7
 660 0277 11       		.byte	17
 661 0278 09       		.byte	9
 662 0279 20       		.byte	32
 663 027a 0C       		.byte	12
 664 027b 80       		.byte	-128
 665 027c 0D       		.byte	13
 666 027d 20       		.byte	32
 667 027e 0E       		.byte	14
 668 027f 60       		.byte	96
 669 0280 13       		.byte	19
 670 0281 08       		.byte	8
 671 0282 15       		.byte	21
 672 0283 01       		.byte	1
 673 0284 17       		.byte	23
 674 0285 24       		.byte	36
 675 0286 19       		.byte	25
 676 0287 02       		.byte	2
 677 0288 1E       		.byte	30
 678 0289 40       		.byte	64
 679 028a 1F       		.byte	31
 680 028b 10       		.byte	16
 681 028c 20       		.byte	32
 682 028d 04       		.byte	4
 683 028e 22       		.byte	34
 684 028f 10       		.byte	16
ARM GAS  C:\Users\aditi\AppData\Local\Temp\cc8LRFu9.s 			page 13


 685 0290 23       		.byte	35
 686 0291 10       		.byte	16
 687 0292 25       		.byte	37
 688 0293 10       		.byte	16
 689 0294 26       		.byte	38
 690 0295 80       		.byte	-128
 691 0296 28       		.byte	40
 692 0297 10       		.byte	16
 693 0298 2F       		.byte	47
 694 0299 80       		.byte	-128
 695 029a 32       		.byte	50
 696 029b 18       		.byte	24
 697 029c 34       		.byte	52
 698 029d 09       		.byte	9
 699 029e 35       		.byte	53
 700 029f 24       		.byte	36
 701 02a0 38       		.byte	56
 702 02a1 08       		.byte	8
 703 02a2 3B       		.byte	59
 704 02a3 10       		.byte	16
 705 02a4 3D       		.byte	61
 706 02a5 20       		.byte	32
 707 02a6 3F       		.byte	63
 708 02a7 0A       		.byte	10
 709 02a8 40       		.byte	64
 710 02a9 08       		.byte	8
 711 02aa 43       		.byte	67
 712 02ab 08       		.byte	8
 713 02ac 45       		.byte	69
 714 02ad 40       		.byte	64
 715 02ae 49       		.byte	73
 716 02af 05       		.byte	5
 717 02b0 4D       		.byte	77
 718 02b1 08       		.byte	8
 719 02b2 4E       		.byte	78
 720 02b3 40       		.byte	64
 721 02b4 4F       		.byte	79
 722 02b5 08       		.byte	8
 723 02b6 50       		.byte	80
 724 02b7 20       		.byte	32
 725 02b8 59       		.byte	89
 726 02b9 01       		.byte	1
 727 02ba 5A       		.byte	90
 728 02bb 08       		.byte	8
 729 02bc 5B       		.byte	91
 730 02bd 40       		.byte	64
 731 02be 5C       		.byte	92
 732 02bf 60       		.byte	96
 733 02c0 5D       		.byte	93
 734 02c1 04       		.byte	4
 735 02c2 5E       		.byte	94
 736 02c3 02       		.byte	2
 737 02c4 64       		.byte	100
 738 02c5 02       		.byte	2
 739 02c6 80       		.byte	-128
 740 02c7 24       		.byte	36
 741 02c8 83       		.byte	-125
ARM GAS  C:\Users\aditi\AppData\Local\Temp\cc8LRFu9.s 			page 14


 742 02c9 40       		.byte	64
 743 02ca 84       		.byte	-124
 744 02cb 01       		.byte	1
 745 02cc 86       		.byte	-122
 746 02cd 80       		.byte	-128
 747 02ce 87       		.byte	-121
 748 02cf 01       		.byte	1
 749 02d0 89       		.byte	-119
 750 02d1 08       		.byte	8
 751 02d2 8D       		.byte	-115
 752 02d3 30       		.byte	48
 753 02d4 8E       		.byte	-114
 754 02d5 40       		.byte	64
 755 02d6 8F       		.byte	-113
 756 02d7 80       		.byte	-128
 757 02d8 90       		.byte	-112
 758 02d9 4A       		.byte	74
 759 02da 91       		.byte	-111
 760 02db 05       		.byte	5
 761 02dc 97       		.byte	-105
 762 02dd 10       		.byte	16
 763 02de 98       		.byte	-104
 764 02df 32       		.byte	50
 765 02e0 9A       		.byte	-102
 766 02e1 28       		.byte	40
 767 02e2 9B       		.byte	-101
 768 02e3 3D       		.byte	61
 769 02e4 A0       		.byte	-96
 770 02e5 80       		.byte	-128
 771 02e6 A1       		.byte	-95
 772 02e7 20       		.byte	32
 773 02e8 A2       		.byte	-94
 774 02e9 19       		.byte	25
 775 02ea A8       		.byte	-88
 776 02eb 02       		.byte	2
 777 02ec A9       		.byte	-87
 778 02ed 04       		.byte	4
 779 02ee B0       		.byte	-80
 780 02ef 20       		.byte	32
 781 02f0 B3       		.byte	-77
 782 02f1 80       		.byte	-128
 783 02f2 C0       		.byte	-64
 784 02f3 EA       		.byte	-22
 785 02f4 C2       		.byte	-62
 786 02f5 F2       		.byte	-14
 787 02f6 C4       		.byte	-60
 788 02f7 74       		.byte	116
 789 02f8 CA       		.byte	-54
 790 02f9 82       		.byte	-126
 791 02fa CC       		.byte	-52
 792 02fb A6       		.byte	-90
 793 02fc CE       		.byte	-50
 794 02fd E6       		.byte	-26
 795 02fe D0       		.byte	-48
 796 02ff 16       		.byte	22
 797 0300 D6       		.byte	-42
 798 0301 FB       		.byte	-5
ARM GAS  C:\Users\aditi\AppData\Local\Temp\cc8LRFu9.s 			page 15


 799 0302 D8       		.byte	-40
 800 0303 10       		.byte	16
 801 0304 E0       		.byte	-32
 802 0305 44       		.byte	68
 803 0306 E2       		.byte	-30
 804 0307 90       		.byte	-112
 805 0308 E6       		.byte	-26
 806 0309 10       		.byte	16
 807 030a 05       		.byte	5
 808 030b 01       		.byte	1
 809 030c 07       		.byte	7
 810 030d 02       		.byte	2
 811 030e 15       		.byte	21
 812 030f 06       		.byte	6
 813 0310 17       		.byte	23
 814 0311 01       		.byte	1
 815 0312 19       		.byte	25
 816 0313 04       		.byte	4
 817 0314 2D       		.byte	45
 818 0315 04       		.byte	4
 819 0316 35       		.byte	53
 820 0317 07       		.byte	7
 821 0318 3A       		.byte	58
 822 0319 80       		.byte	-128
 823 031a 3B       		.byte	59
 824 031b 20       		.byte	32
 825 031c 58       		.byte	88
 826 031d 04       		.byte	4
 827 031e 59       		.byte	89
 828 031f 04       		.byte	4
 829 0320 5C       		.byte	92
 830 0321 01       		.byte	1
 831 0322 5F       		.byte	95
 832 0323 01       		.byte	1
 833 0324 04       		.byte	4
 834 0325 24       		.byte	36
 835 0326 05       		.byte	5
 836 0327 02       		.byte	2
 837 0328 07       		.byte	7
 838 0329 01       		.byte	1
 839 032a 0C       		.byte	12
 840 032b 90       		.byte	-112
 841 032c 0D       		.byte	13
 842 032d 20       		.byte	32
 843 032e 0E       		.byte	14
 844 032f A0       		.byte	-96
 845 0330 15       		.byte	21
 846 0331 01       		.byte	1
 847 0332 17       		.byte	23
 848 0333 14       		.byte	20
 849 0334 18       		.byte	24
 850 0335 02       		.byte	2
 851 0336 1C       		.byte	28
 852 0337 44       		.byte	68
 853 0338 1D       		.byte	29
 854 0339 84       		.byte	-124
 855 033a 1E       		.byte	30
ARM GAS  C:\Users\aditi\AppData\Local\Temp\cc8LRFu9.s 			page 16


 856 033b 02       		.byte	2
 857 033c 21       		.byte	33
 858 033d 20       		.byte	32
 859 033e 24       		.byte	36
 860 033f 28       		.byte	40
 861 0340 25       		.byte	37
 862 0341 10       		.byte	16
 863 0342 26       		.byte	38
 864 0343 58       		.byte	88
 865 0344 27       		.byte	39
 866 0345 28       		.byte	40
 867 0346 2A       		.byte	42
 868 0347 40       		.byte	64
 869 0348 2C       		.byte	44
 870 0349 10       		.byte	16
 871 034a 2D       		.byte	45
 872 034b 81       		.byte	-127
 873 034c 2F       		.byte	47
 874 034d 08       		.byte	8
 875 034e 31       		.byte	49
 876 034f 20       		.byte	32
 877 0350 32       		.byte	50
 878 0351 08       		.byte	8
 879 0352 36       		.byte	54
 880 0353 48       		.byte	72
 881 0354 37       		.byte	55
 882 0355 01       		.byte	1
 883 0356 38       		.byte	56
 884 0357 08       		.byte	8
 885 0358 3D       		.byte	61
 886 0359 20       		.byte	32
 887 035a 3E       		.byte	62
 888 035b 04       		.byte	4
 889 035c 3F       		.byte	63
 890 035d 80       		.byte	-128
 891 035e 45       		.byte	69
 892 035f A0       		.byte	-96
 893 0360 47       		.byte	71
 894 0361 08       		.byte	8
 895 0362 4D       		.byte	77
 896 0363 06       		.byte	6
 897 0364 4E       		.byte	78
 898 0365 08       		.byte	8
 899 0366 56       		.byte	86
 900 0367 68       		.byte	104
 901 0368 57       		.byte	87
 902 0369 C0       		.byte	-64
 903 036a 67       		.byte	103
 904 036b 10       		.byte	16
 905 036c 6D       		.byte	109
 906 036d 01       		.byte	1
 907 036e 6E       		.byte	110
 908 036f 04       		.byte	4
 909 0370 6F       		.byte	111
 910 0371 1D       		.byte	29
 911 0372 74       		.byte	116
 912 0373 80       		.byte	-128
ARM GAS  C:\Users\aditi\AppData\Local\Temp\cc8LRFu9.s 			page 17


 913 0374 75       		.byte	117
 914 0375 80       		.byte	-128
 915 0376 94       		.byte	-108
 916 0377 04       		.byte	4
 917 0378 B4       		.byte	-76
 918 0379 04       		.byte	4
 919 037a C0       		.byte	-64
 920 037b F0       		.byte	-16
 921 037c C2       		.byte	-62
 922 037d F0       		.byte	-16
 923 037e C4       		.byte	-60
 924 037f 70       		.byte	112
 925 0380 CA       		.byte	-54
 926 0381 F8       		.byte	-8
 927 0382 CC       		.byte	-52
 928 0383 D6       		.byte	-42
 929 0384 CE       		.byte	-50
 930 0385 72       		.byte	114
 931 0386 D0       		.byte	-48
 932 0387 70       		.byte	112
 933 0388 D2       		.byte	-46
 934 0389 20       		.byte	32
 935 038a D8       		.byte	-40
 936 038b 40       		.byte	64
 937 038c 83       		.byte	-125
 938 038d 08       		.byte	8
 939 038e 84       		.byte	-124
 940 038f 01       		.byte	1
 941 0390 9C       		.byte	-100
 942 0391 01       		.byte	1
 943 0392 A3       		.byte	-93
 944 0393 08       		.byte	8
 945 0394 AA       		.byte	-86
 946 0395 80       		.byte	-128
 947 0396 B0       		.byte	-80
 948 0397 04       		.byte	4
 949 0398 B6       		.byte	-74
 950 0399 08       		.byte	8
 951 039a B7       		.byte	-73
 952 039b 02       		.byte	2
 953 039c E2       		.byte	-30
 954 039d 02       		.byte	2
 955 039e E4       		.byte	-28
 956 039f 01       		.byte	1
 957 03a0 00       		.byte	0
 958 03a1 01       		.byte	1
 959 03a2 07       		.byte	7
 960 03a3 02       		.byte	2
 961 03a4 08       		.byte	8
 962 03a5 01       		.byte	1
 963 03a6 09       		.byte	9
 964 03a7 04       		.byte	4
 965 03a8 10       		.byte	16
 966 03a9 01       		.byte	1
 967 03aa 1D       		.byte	29
 968 03ab 06       		.byte	6
 969 03ac 27       		.byte	39
ARM GAS  C:\Users\aditi\AppData\Local\Temp\cc8LRFu9.s 			page 18


 970 03ad 01       		.byte	1
 971 03ae 2C       		.byte	44
 972 03af 01       		.byte	1
 973 03b0 2D       		.byte	45
 974 03b1 06       		.byte	6
 975 03b2 33       		.byte	51
 976 03b3 01       		.byte	1
 977 03b4 36       		.byte	54
 978 03b5 01       		.byte	1
 979 03b6 37       		.byte	55
 980 03b7 06       		.byte	6
 981 03b8 39       		.byte	57
 982 03b9 80       		.byte	-128
 983 03ba 3E       		.byte	62
 984 03bb 40       		.byte	64
 985 03bc 3F       		.byte	63
 986 03bd 40       		.byte	64
 987 03be 54       		.byte	84
 988 03bf 40       		.byte	64
 989 03c0 58       		.byte	88
 990 03c1 04       		.byte	4
 991 03c2 59       		.byte	89
 992 03c3 04       		.byte	4
 993 03c4 5B       		.byte	91
 994 03c5 04       		.byte	4
 995 03c6 5C       		.byte	92
 996 03c7 20       		.byte	32
 997 03c8 5F       		.byte	95
 998 03c9 01       		.byte	1
 999 03ca 82       		.byte	-126
 1000 03cb 04       		.byte	4
 1001 03cc 84       		.byte	-124
 1002 03cd 67       		.byte	103
 1003 03ce 85       		.byte	-123
 1004 03cf 0C       		.byte	12
 1005 03d0 86       		.byte	-122
 1006 03d1 18       		.byte	24
 1007 03d2 88       		.byte	-120
 1008 03d3 7F       		.byte	127
 1009 03d4 8D       		.byte	-115
 1010 03d5 0E       		.byte	14
 1011 03d6 8E       		.byte	-114
 1012 03d7 63       		.byte	99
 1013 03d8 90       		.byte	-112
 1014 03d9 1C       		.byte	28
 1015 03da 92       		.byte	-110
 1016 03db 62       		.byte	98
 1017 03dc 93       		.byte	-109
 1018 03dd 02       		.byte	2
 1019 03de 94       		.byte	-108
 1020 03df 24       		.byte	36
 1021 03e0 96       		.byte	-106
 1022 03e1 80       		.byte	-128
 1023 03e2 97       		.byte	-105
 1024 03e3 01       		.byte	1
 1025 03e4 98       		.byte	-104
 1026 03e5 08       		.byte	8
ARM GAS  C:\Users\aditi\AppData\Local\Temp\cc8LRFu9.s 			page 19


 1027 03e6 99       		.byte	-103
 1028 03e7 04       		.byte	4
 1029 03e8 9C       		.byte	-100
 1030 03e9 40       		.byte	64
 1031 03ea 9D       		.byte	-99
 1032 03eb 08       		.byte	8
 1033 03ec A0       		.byte	-96
 1034 03ed 10       		.byte	16
 1035 03ee A1       		.byte	-95
 1036 03ef 0C       		.byte	12
 1037 03f0 A3       		.byte	-93
 1038 03f1 02       		.byte	2
 1039 03f2 A4       		.byte	-92
 1040 03f3 60       		.byte	96
 1041 03f4 A7       		.byte	-89
 1042 03f5 01       		.byte	1
 1043 03f6 A8       		.byte	-88
 1044 03f7 18       		.byte	24
 1045 03f8 A9       		.byte	-87
 1046 03f9 02       		.byte	2
 1047 03fa AB       		.byte	-85
 1048 03fb 0C       		.byte	12
 1049 03fc AC       		.byte	-84
 1050 03fd 7C       		.byte	124
 1051 03fe AD       		.byte	-83
 1052 03ff 0C       		.byte	12
 1053 0400 AE       		.byte	-82
 1054 0401 01       		.byte	1
 1055 0402 AF       		.byte	-81
 1056 0403 02       		.byte	2
 1057 0404 B0       		.byte	-80
 1058 0405 1F       		.byte	31
 1059 0406 B3       		.byte	-77
 1060 0407 01       		.byte	1
 1061 0408 B4       		.byte	-76
 1062 0409 78       		.byte	120
 1063 040a B6       		.byte	-74
 1064 040b 80       		.byte	-128
 1065 040c B7       		.byte	-73
 1066 040d 0E       		.byte	14
 1067 040e BA       		.byte	-70
 1068 040f 22       		.byte	34
 1069 0410 BB       		.byte	-69
 1070 0411 80       		.byte	-128
 1071 0412 BF       		.byte	-65
 1072 0413 04       		.byte	4
 1073 0414 D6       		.byte	-42
 1074 0415 02       		.byte	2
 1075 0416 D7       		.byte	-41
 1076 0417 10       		.byte	16
 1077 0418 D8       		.byte	-40
 1078 0419 04       		.byte	4
 1079 041a D9       		.byte	-39
 1080 041b 04       		.byte	4
 1081 041c DB       		.byte	-37
 1082 041d 04       		.byte	4
 1083 041e DC       		.byte	-36
ARM GAS  C:\Users\aditi\AppData\Local\Temp\cc8LRFu9.s 			page 20


 1084 041f 11       		.byte	17
 1085 0420 DD       		.byte	-35
 1086 0421 10       		.byte	16
 1087 0422 DF       		.byte	-33
 1088 0423 01       		.byte	1
 1089 0424 00       		.byte	0
 1090 0425 04       		.byte	4
 1091 0426 02       		.byte	2
 1092 0427 0A       		.byte	10
 1093 0428 03       		.byte	3
 1094 0429 80       		.byte	-128
 1095 042a 04       		.byte	4
 1096 042b 02       		.byte	2
 1097 042c 05       		.byte	5
 1098 042d 20       		.byte	32
 1099 042e 06       		.byte	6
 1100 042f 44       		.byte	68
 1101 0430 08       		.byte	8
 1102 0431 40       		.byte	64
 1103 0432 0A       		.byte	10
 1104 0433 60       		.byte	96
 1105 0434 0B       		.byte	11
 1106 0435 04       		.byte	4
 1107 0436 0E       		.byte	14
 1108 0437 40       		.byte	64
 1109 0438 10       		.byte	16
 1110 0439 88       		.byte	-120
 1111 043a 11       		.byte	17
 1112 043b 40       		.byte	64
 1113 043c 12       		.byte	18
 1114 043d 20       		.byte	32
 1115 043e 14       		.byte	20
 1116 043f 02       		.byte	2
 1117 0440 15       		.byte	21
 1118 0441 C0       		.byte	-64
 1119 0442 18       		.byte	24
 1120 0443 04       		.byte	4
 1121 0444 19       		.byte	25
 1122 0445 21       		.byte	33
 1123 0446 1A       		.byte	26
 1124 0447 40       		.byte	64
 1125 0448 1B       		.byte	27
 1126 0449 80       		.byte	-128
 1127 044a 1D       		.byte	29
 1128 044b 40       		.byte	64
 1129 044c 21       		.byte	33
 1130 044d 40       		.byte	64
 1131 044e 22       		.byte	34
 1132 044f 04       		.byte	4
 1133 0450 25       		.byte	37
 1134 0451 40       		.byte	64
 1135 0452 27       		.byte	39
 1136 0453 20       		.byte	32
 1137 0454 28       		.byte	40
 1138 0455 02       		.byte	2
 1139 0456 29       		.byte	41
 1140 0457 25       		.byte	37
ARM GAS  C:\Users\aditi\AppData\Local\Temp\cc8LRFu9.s 			page 21


 1141 0458 2C       		.byte	44
 1142 0459 21       		.byte	33
 1143 045a 30       		.byte	48
 1144 045b 80       		.byte	-128
 1145 045c 31       		.byte	49
 1146 045d 10       		.byte	16
 1147 045e 32       		.byte	50
 1148 045f 02       		.byte	2
 1149 0460 33       		.byte	51
 1150 0461 08       		.byte	8
 1151 0462 36       		.byte	54
 1152 0463 80       		.byte	-128
 1153 0464 38       		.byte	56
 1154 0465 08       		.byte	8
 1155 0466 3B       		.byte	59
 1156 0467 40       		.byte	64
 1157 0468 3D       		.byte	61
 1158 0469 20       		.byte	32
 1159 046a 3F       		.byte	63
 1160 046b 08       		.byte	8
 1161 046c 4C       		.byte	76
 1162 046d 01       		.byte	1
 1163 046e 4F       		.byte	79
 1164 046f 40       		.byte	64
 1165 0470 59       		.byte	89
 1166 0471 40       		.byte	64
 1167 0472 65       		.byte	101
 1168 0473 80       		.byte	-128
 1169 0474 66       		.byte	102
 1170 0475 20       		.byte	32
 1171 0476 67       		.byte	103
 1172 0477 20       		.byte	32
 1173 0478 69       		.byte	105
 1174 0479 04       		.byte	4
 1175 047a 6A       		.byte	106
 1176 047b 14       		.byte	20
 1177 047c 6B       		.byte	107
 1178 047d 01       		.byte	1
 1179 047e 70       		.byte	112
 1180 047f 8C       		.byte	-116
 1181 0480 71       		.byte	113
 1182 0481 10       		.byte	16
 1183 0482 73       		.byte	115
 1184 0483 04       		.byte	4
 1185 0484 80       		.byte	-128
 1186 0485 80       		.byte	-128
 1187 0486 87       		.byte	-121
 1188 0487 20       		.byte	32
 1189 0488 8A       		.byte	-118
 1190 0489 48       		.byte	72
 1191 048a 90       		.byte	-112
 1192 048b 02       		.byte	2
 1193 048c 93       		.byte	-109
 1194 048d 20       		.byte	32
 1195 048e 96       		.byte	-106
 1196 048f 08       		.byte	8
 1197 0490 98       		.byte	-104
ARM GAS  C:\Users\aditi\AppData\Local\Temp\cc8LRFu9.s 			page 22


 1198 0491 01       		.byte	1
 1199 0492 99       		.byte	-103
 1200 0493 84       		.byte	-124
 1201 0494 9A       		.byte	-102
 1202 0495 20       		.byte	32
 1203 0496 A0       		.byte	-96
 1204 0497 20       		.byte	32
 1205 0498 A1       		.byte	-95
 1206 0499 10       		.byte	16
 1207 049a A2       		.byte	-94
 1208 049b 80       		.byte	-128
 1209 049c A3       		.byte	-93
 1210 049d 0C       		.byte	12
 1211 049e A5       		.byte	-91
 1212 049f 40       		.byte	64
 1213 04a0 A8       		.byte	-88
 1214 04a1 10       		.byte	16
 1215 04a2 A9       		.byte	-87
 1216 04a3 80       		.byte	-128
 1217 04a4 B3       		.byte	-77
 1218 04a5 08       		.byte	8
 1219 04a6 C0       		.byte	-64
 1220 04a7 5F       		.byte	95
 1221 04a8 C2       		.byte	-62
 1222 04a9 1F       		.byte	31
 1223 04aa C4       		.byte	-60
 1224 04ab 8F       		.byte	-113
 1225 04ac CA       		.byte	-54
 1226 04ad 5F       		.byte	95
 1227 04ae CC       		.byte	-52
 1228 04af 1F       		.byte	31
 1229 04b0 CE       		.byte	-50
 1230 04b1 6A       		.byte	106
 1231 04b2 D6       		.byte	-42
 1232 04b3 08       		.byte	8
 1233 04b4 D8       		.byte	-40
 1234 04b5 70       		.byte	112
 1235 04b6 E8       		.byte	-24
 1236 04b7 20       		.byte	32
 1237 04b8 00       		.byte	0
 1238 04b9 1F       		.byte	31
 1239 04ba 01       		.byte	1
 1240 04bb 22       		.byte	34
 1241 04bc 03       		.byte	3
 1242 04bd 51       		.byte	81
 1243 04be 04       		.byte	4
 1244 04bf 07       		.byte	7
 1245 04c0 05       		.byte	5
 1246 04c1 67       		.byte	103
 1247 04c2 06       		.byte	6
 1248 04c3 18       		.byte	24
 1249 04c4 09       		.byte	9
 1250 04c5 67       		.byte	103
 1251 04c6 0C       		.byte	12
 1252 04c7 18       		.byte	24
 1253 04c8 0E       		.byte	14
 1254 04c9 07       		.byte	7
ARM GAS  C:\Users\aditi\AppData\Local\Temp\cc8LRFu9.s 			page 23


 1255 04ca 10       		.byte	16
 1256 04cb 1C       		.byte	28
 1257 04cc 12       		.byte	18
 1258 04cd 03       		.byte	3
 1259 04ce 14       		.byte	20
 1260 04cf 01       		.byte	1
 1261 04d0 15       		.byte	21
 1262 04d1 44       		.byte	68
 1263 04d2 17       		.byte	23
 1264 04d3 31       		.byte	49
 1265 04d4 18       		.byte	24
 1266 04d5 08       		.byte	8
 1267 04d6 19       		.byte	25
 1268 04d7 01       		.byte	1
 1269 04d8 1B       		.byte	27
 1270 04d9 0E       		.byte	14
 1271 04da 1C       		.byte	28
 1272 04db 02       		.byte	2
 1273 04dc 20       		.byte	32
 1274 04dd 10       		.byte	16
 1275 04de 21       		.byte	33
 1276 04df 80       		.byte	-128
 1277 04e0 24       		.byte	36
 1278 04e1 03       		.byte	3
 1279 04e2 28       		.byte	40
 1280 04e3 18       		.byte	24
 1281 04e4 2E       		.byte	46
 1282 04e5 07       		.byte	7
 1283 04e6 30       		.byte	48
 1284 04e7 03       		.byte	3
 1285 04e8 31       		.byte	49
 1286 04e9 80       		.byte	-128
 1287 04ea 32       		.byte	50
 1288 04eb 1C       		.byte	28
 1289 04ec 33       		.byte	51
 1290 04ed 60       		.byte	96
 1291 04ee 35       		.byte	53
 1292 04ef 07       		.byte	7
 1293 04f0 37       		.byte	55
 1294 04f1 18       		.byte	24
 1295 04f2 3F       		.byte	63
 1296 04f3 41       		.byte	65
 1297 04f4 58       		.byte	88
 1298 04f5 04       		.byte	4
 1299 04f6 59       		.byte	89
 1300 04f7 04       		.byte	4
 1301 04f8 5C       		.byte	92
 1302 04f9 11       		.byte	17
 1303 04fa 5F       		.byte	95
 1304 04fb 01       		.byte	1
 1305 04fc 83       		.byte	-125
 1306 04fd 02       		.byte	2
 1307 04fe 85       		.byte	-123
 1308 04ff 01       		.byte	1
 1309 0500 88       		.byte	-120
 1310 0501 01       		.byte	1
 1311 0502 89       		.byte	-119
ARM GAS  C:\Users\aditi\AppData\Local\Temp\cc8LRFu9.s 			page 24


 1312 0503 01       		.byte	1
 1313 0504 91       		.byte	-111
 1314 0505 01       		.byte	1
 1315 0506 92       		.byte	-110
 1316 0507 01       		.byte	1
 1317 0508 A0       		.byte	-96
 1318 0509 01       		.byte	1
 1319 050a A3       		.byte	-93
 1320 050b 04       		.byte	4
 1321 050c A7       		.byte	-89
 1322 050d 02       		.byte	2
 1323 050e AB       		.byte	-85
 1324 050f 04       		.byte	4
 1325 0510 AE       		.byte	-82
 1326 0511 01       		.byte	1
 1327 0512 B1       		.byte	-79
 1328 0513 01       		.byte	1
 1329 0514 B3       		.byte	-77
 1330 0515 04       		.byte	4
 1331 0516 B5       		.byte	-75
 1332 0517 02       		.byte	2
 1333 0518 B6       		.byte	-74
 1334 0519 01       		.byte	1
 1335 051a B8       		.byte	-72
 1336 051b 80       		.byte	-128
 1337 051c BF       		.byte	-65
 1338 051d 14       		.byte	20
 1339 051e C0       		.byte	-64
 1340 051f 24       		.byte	36
 1341 0520 C1       		.byte	-63
 1342 0521 05       		.byte	5
 1343 0522 C2       		.byte	-62
 1344 0523 03       		.byte	3
 1345 0524 C4       		.byte	-60
 1346 0525 01       		.byte	1
 1347 0526 C5       		.byte	-59
 1348 0527 C0       		.byte	-64
 1349 0528 C7       		.byte	-57
 1350 0529 0E       		.byte	14
 1351 052a C8       		.byte	-56
 1352 052b 12       		.byte	18
 1353 052c C9       		.byte	-55
 1354 052d FF       		.byte	-1
 1355 052e CA       		.byte	-54
 1356 052f FF       		.byte	-1
 1357 0530 CB       		.byte	-53
 1358 0531 FF       		.byte	-1
 1359 0532 CC       		.byte	-52
 1360 0533 62       		.byte	98
 1361 0534 CD       		.byte	-51
 1362 0535 A0       		.byte	-96
 1363 0536 CE       		.byte	-50
 1364 0537 F0       		.byte	-16
 1365 0538 CF       		.byte	-49
 1366 0539 41       		.byte	65
 1367 053a D0       		.byte	-48
 1368 053b 0C       		.byte	12
ARM GAS  C:\Users\aditi\AppData\Local\Temp\cc8LRFu9.s 			page 25


 1369 053c D4       		.byte	-44
 1370 053d 18       		.byte	24
 1371 053e D8       		.byte	-40
 1372 053f 04       		.byte	4
 1373 0540 D9       		.byte	-39
 1374 0541 04       		.byte	4
 1375 0542 DA       		.byte	-38
 1376 0543 04       		.byte	4
 1377 0544 DB       		.byte	-37
 1378 0545 04       		.byte	4
 1379 0546 DC       		.byte	-36
 1380 0547 11       		.byte	17
 1381 0548 DD       		.byte	-35
 1382 0549 11       		.byte	17
 1383 054a DF       		.byte	-33
 1384 054b 01       		.byte	1
 1385 054c E6       		.byte	-26
 1386 054d 40       		.byte	64
 1387 054e E7       		.byte	-25
 1388 054f 02       		.byte	2
 1389 0550 E9       		.byte	-23
 1390 0551 10       		.byte	16
 1391 0552 EA       		.byte	-22
 1392 0553 30       		.byte	48
 1393 0554 EB       		.byte	-21
 1394 0555 10       		.byte	16
 1395 0556 ED       		.byte	-19
 1396 0557 10       		.byte	16
 1397 0558 EE       		.byte	-18
 1398 0559 10       		.byte	16
 1399 055a EF       		.byte	-17
 1400 055b 12       		.byte	18
 1401 055c 01       		.byte	1
 1402 055d 40       		.byte	64
 1403 055e 02       		.byte	2
 1404 055f 40       		.byte	64
 1405 0560 03       		.byte	3
 1406 0561 10       		.byte	16
 1407 0562 06       		.byte	6
 1408 0563 04       		.byte	4
 1409 0564 08       		.byte	8
 1410 0565 40       		.byte	64
 1411 0566 0A       		.byte	10
 1412 0567 60       		.byte	96
 1413 0568 0B       		.byte	11
 1414 0569 04       		.byte	4
 1415 056a 0E       		.byte	14
 1416 056b 40       		.byte	64
 1417 056c 10       		.byte	16
 1418 056d 88       		.byte	-120
 1419 056e 12       		.byte	18
 1420 056f 22       		.byte	34
 1421 0570 15       		.byte	21
 1422 0571 40       		.byte	64
 1423 0572 16       		.byte	22
 1424 0573 40       		.byte	64
 1425 0574 19       		.byte	25
ARM GAS  C:\Users\aditi\AppData\Local\Temp\cc8LRFu9.s 			page 26


 1426 0575 0A       		.byte	10
 1427 0576 1F       		.byte	31
 1428 0577 80       		.byte	-128
 1429 0578 20       		.byte	32
 1430 0579 80       		.byte	-128
 1431 057a 21       		.byte	33
 1432 057b 80       		.byte	-128
 1433 057c 22       		.byte	34
 1434 057d 24       		.byte	36
 1435 057e 25       		.byte	37
 1436 057f 11       		.byte	17
 1437 0580 26       		.byte	38
 1438 0581 0A       		.byte	10
 1439 0582 28       		.byte	40
 1440 0583 80       		.byte	-128
 1441 0584 2C       		.byte	44
 1442 0585 10       		.byte	16
 1443 0586 2D       		.byte	45
 1444 0587 08       		.byte	8
 1445 0588 2F       		.byte	47
 1446 0589 88       		.byte	-120
 1447 058a 32       		.byte	50
 1448 058b 24       		.byte	36
 1449 058c 34       		.byte	52
 1450 058d 08       		.byte	8
 1451 058e 36       		.byte	54
 1452 058f 08       		.byte	8
 1453 0590 37       		.byte	55
 1454 0591 01       		.byte	1
 1455 0592 38       		.byte	56
 1456 0593 02       		.byte	2
 1457 0594 39       		.byte	57
 1458 0595 14       		.byte	20
 1459 0596 3D       		.byte	61
 1460 0597 10       		.byte	16
 1461 0598 3E       		.byte	62
 1462 0599 14       		.byte	20
 1463 059a 3F       		.byte	63
 1464 059b 01       		.byte	1
 1465 059c 44       		.byte	68
 1466 059d 10       		.byte	16
 1467 059e 45       		.byte	69
 1468 059f 81       		.byte	-127
 1469 05a0 46       		.byte	70
 1470 05a1 04       		.byte	4
 1471 05a2 47       		.byte	71
 1472 05a3 10       		.byte	16
 1473 05a4 4F       		.byte	79
 1474 05a5 41       		.byte	65
 1475 05a6 57       		.byte	87
 1476 05a7 08       		.byte	8
 1477 05a8 5D       		.byte	93
 1478 05a9 02       		.byte	2
 1479 05aa 64       		.byte	100
 1480 05ab 08       		.byte	8
 1481 05ac 66       		.byte	102
 1482 05ad 80       		.byte	-128
ARM GAS  C:\Users\aditi\AppData\Local\Temp\cc8LRFu9.s 			page 27


 1483 05ae 84       		.byte	-124
 1484 05af 40       		.byte	64
 1485 05b0 86       		.byte	-122
 1486 05b1 04       		.byte	4
 1487 05b2 88       		.byte	-120
 1488 05b3 40       		.byte	64
 1489 05b4 8C       		.byte	-116
 1490 05b5 01       		.byte	1
 1491 05b6 8D       		.byte	-115
 1492 05b7 10       		.byte	16
 1493 05b8 8E       		.byte	-114
 1494 05b9 90       		.byte	-112
 1495 05ba 91       		.byte	-111
 1496 05bb 44       		.byte	68
 1497 05bc 92       		.byte	-110
 1498 05bd 54       		.byte	84
 1499 05be 93       		.byte	-109
 1500 05bf 44       		.byte	68
 1501 05c0 96       		.byte	-106
 1502 05c1 20       		.byte	32
 1503 05c2 98       		.byte	-104
 1504 05c3 80       		.byte	-128
 1505 05c4 9A       		.byte	-102
 1506 05c5 44       		.byte	68
 1507 05c6 9B       		.byte	-101
 1508 05c7 01       		.byte	1
 1509 05c8 9C       		.byte	-100
 1510 05c9 40       		.byte	64
 1511 05ca A0       		.byte	-96
 1512 05cb 88       		.byte	-120
 1513 05cc A6       		.byte	-90
 1514 05cd 22       		.byte	34
 1515 05ce C0       		.byte	-64
 1516 05cf 4D       		.byte	77
 1517 05d0 C2       		.byte	-62
 1518 05d1 1F       		.byte	31
 1519 05d2 C4       		.byte	-60
 1520 05d3 9F       		.byte	-97
 1521 05d4 CA       		.byte	-54
 1522 05d5 E1       		.byte	-31
 1523 05d6 CC       		.byte	-52
 1524 05d7 86       		.byte	-122
 1525 05d8 CE       		.byte	-50
 1526 05d9 E7       		.byte	-25
 1527 05da D0       		.byte	-48
 1528 05db F0       		.byte	-16
 1529 05dc D2       		.byte	-46
 1530 05dd 10       		.byte	16
 1531 05de D6       		.byte	-42
 1532 05df 80       		.byte	-128
 1533 05e0 D8       		.byte	-40
 1534 05e1 30       		.byte	48
 1535 05e2 33       		.byte	51
 1536 05e3 80       		.byte	-128
 1537 05e4 CC       		.byte	-52
 1538 05e5 10       		.byte	16
 1539 05e6 04       		.byte	4
ARM GAS  C:\Users\aditi\AppData\Local\Temp\cc8LRFu9.s 			page 28


 1540 05e7 10       		.byte	16
 1541 05e8 0A       		.byte	10
 1542 05e9 20       		.byte	32
 1543 05ea 80       		.byte	-128
 1544 05eb 10       		.byte	16
 1545 05ec A7       		.byte	-89
 1546 05ed 80       		.byte	-128
 1547 05ee C0       		.byte	-64
 1548 05ef 80       		.byte	-128
 1549 05f0 C2       		.byte	-62
 1550 05f1 10       		.byte	16
 1551 05f2 E4       		.byte	-28
 1552 05f3 80       		.byte	-128
 1553 05f4 52       		.byte	82
 1554 05f5 80       		.byte	-128
 1555 05f6 A7       		.byte	-89
 1556 05f7 80       		.byte	-128
 1557 05f8 AA       		.byte	-86
 1558 05f9 10       		.byte	16
 1559 05fa D4       		.byte	-44
 1560 05fb 20       		.byte	32
 1561 05fc EC       		.byte	-20
 1562 05fd 20       		.byte	32
 1563 05fe A7       		.byte	-89
 1564 05ff 80       		.byte	-128
 1565 0600 AE       		.byte	-82
 1566 0601 80       		.byte	-128
 1567 0602 EE       		.byte	-18
 1568 0603 10       		.byte	16
 1569 0604 70       		.byte	112
 1570 0605 02       		.byte	2
 1571 0606 DC       		.byte	-36
 1572 0607 01       		.byte	1
 1573 0608 A4       		.byte	-92
 1574 0609 02       		.byte	2
 1575 060a B4       		.byte	-76
 1576 060b 02       		.byte	2
 1577 060c EC       		.byte	-20
 1578 060d 02       		.byte	2
 1579 060e 82       		.byte	-126
 1580 060f 20       		.byte	32
 1581 0610 AB       		.byte	-85
 1582 0611 80       		.byte	-128
 1583 0612 EE       		.byte	-18
 1584 0613 20       		.byte	32
 1585 0614 9A       		.byte	-102
 1586 0615 20       		.byte	32
 1587 0616 12       		.byte	18
 1588 0617 80       		.byte	-128
 1589 0618 72       		.byte	114
 1590 0619 20       		.byte	32
 1591 061a 77       		.byte	119
 1592 061b 80       		.byte	-128
 1593 061c 8B       		.byte	-117
 1594 061d 80       		.byte	-128
 1595 061e 8E       		.byte	-114
 1596 061f 80       		.byte	-128
ARM GAS  C:\Users\aditi\AppData\Local\Temp\cc8LRFu9.s 			page 29


 1597 0620 9A       		.byte	-102
 1598 0621 20       		.byte	32
 1599 0622 C4       		.byte	-60
 1600 0623 08       		.byte	8
 1601 0624 DC       		.byte	-36
 1602 0625 01       		.byte	1
 1603 0626 DE       		.byte	-34
 1604 0627 04       		.byte	4
 1605 0628 E2       		.byte	-30
 1606 0629 02       		.byte	2
 1607 062a E4       		.byte	-28
 1608 062b 04       		.byte	4
 1609 062c 00       		.byte	0
 1610 062d 07       		.byte	7
 1611 062e 0A       		.byte	10
 1612 062f 06       		.byte	6
 1613 0630 0C       		.byte	12
 1614 0631 07       		.byte	7
 1615 0632 10       		.byte	16
 1616 0633 07       		.byte	7
 1617 0634 1C       		.byte	28
 1618 0635 07       		.byte	7
 1619 0636 00       		.byte	0
 1620 0637 03       		.byte	3
 1621 0638 80       		.byte	-128
 1622 0639 94       		.byte	-108
 1623 063a 00       		.byte	0
 1624 063b 00       		.byte	0
 1625 063c 40       		.byte	64
 1626 063d 00       		.byte	0
 1627 063e 00       		.byte	0
 1628 063f 00       		.byte	0
 1629 0640 60       		.byte	96
 1630 0641 00       		.byte	0
 1631 0642 00       		.byte	0
 1632 0643 00       		.byte	0
 1633 0644 01       		.byte	1
 1634 0645 98       		.byte	-104
 1635 0646 00       		.byte	0
 1636 0647 02       		.byte	2
 1637 0648 0A       		.byte	10
 1638 0649 13       		.byte	19
 1639 064a 10       		.byte	16
 1640 064b 64       		.byte	100
 1641 064c 04       		.byte	4
 1642 064d 02       		.byte	2
 1643 064e 80       		.byte	-128
 1644 064f 00       		.byte	0
 1645 0650 04       		.byte	4
 1646 0651 98       		.byte	-104
 1647 0652 00       		.byte	0
 1648 0653 02       		.byte	2
 1649 0654 07       		.byte	7
 1650 0655 21       		.byte	33
 1651 0656 38       		.byte	56
 1652 0657 D8       		.byte	-40
 1653 0658 56       		.byte	86
ARM GAS  C:\Users\aditi\AppData\Local\Temp\cc8LRFu9.s 			page 30


 1654 0659 00       		.byte	0
 1655 065a 09       		.byte	9
 1656 065b 00       		.byte	0
 1657 065c 84       		.byte	-124
 1658 065d 38       		.byte	56
 1659 065e 00       		.byte	0
 1660 065f C0       		.byte	-64
 1661 0660 84       		.byte	-124
 1662 0661 9A       		.byte	-102
 1663 0662 00       		.byte	0
 1664 0663 00       		.byte	0
 1665 0664 80       		.byte	-128
 1666 0665 FC       		.byte	-4
 1667 0666 04       		.byte	4
 1668 0667 03       		.byte	3
 1669 0668 84       		.byte	-124
 1670 0669 02       		.byte	2
 1671 066a 00       		.byte	0
 1672 066b 98       		.byte	-104
 1673 066c 00       		.byte	0
 1674 066d 9A       		.byte	-102
 1675 066e 00       		.byte	0
 1676 066f 00       		.byte	0
 1677 0670 08       		.byte	8
 1678 0671 00       		.byte	0
 1679 0672 02       		.byte	2
 1680 0673 0F       		.byte	15
 1681 0674 7F       		.byte	127
 1682 0675 13       		.byte	19
 1683 0676 80       		.byte	-128
 1684 0677 E0       		.byte	-32
 1685 0678 20       		.byte	32
 1686 0679 00       		.byte	0
 1687 067a 00       		.byte	0
 1688 067b 88       		.byte	-120
 1689 067c 00       		.byte	0
 1690 067d 00       		.byte	0
 1691 067e 45       		.byte	69
 1692 067f 00       		.byte	0
 1693 0680 62       		.byte	98
 1694 0681 03       		.byte	3
 1695 0682 10       		.byte	16
 1696 0683 00       		.byte	0
 1697 0684 00       		.byte	0
 1698 0685 BE       		.byte	-66
 1699 0686 FC       		.byte	-4
 1700 0687 0D       		.byte	13
 1701 0688 1F       		.byte	31
 1702 0689 FF       		.byte	-1
 1703 068a FF       		.byte	-1
 1704 068b FF       		.byte	-1
 1705 068c 22       		.byte	34
 1706 068d 00       		.byte	0
 1707 068e F0       		.byte	-16
 1708 068f 08       		.byte	8
 1709 0690 04       		.byte	4
 1710 0691 00       		.byte	0
ARM GAS  C:\Users\aditi\AppData\Local\Temp\cc8LRFu9.s 			page 31


 1711 0692 00       		.byte	0
 1712 0693 00       		.byte	0
 1713 0694 00       		.byte	0
 1714 0695 00       		.byte	0
 1715 0696 02       		.byte	2
 1716 0697 28       		.byte	40
 1717 0698 04       		.byte	4
 1718 0699 04       		.byte	4
 1719 069a 04       		.byte	4
 1720 069b 04       		.byte	4
 1721 069c 00       		.byte	0
 1722 069d 00       		.byte	0
 1723 069e 00       		.byte	0
 1724 069f 01       		.byte	1
 1725 06a0 00       		.byte	0
 1726 06a1 00       		.byte	0
 1727 06a2 C0       		.byte	-64
 1728 06a3 00       		.byte	0
 1729 06a4 40       		.byte	64
 1730 06a5 01       		.byte	1
 1731 06a6 10       		.byte	16
 1732 06a7 11       		.byte	17
 1733 06a8 C0       		.byte	-64
 1734 06a9 01       		.byte	1
 1735 06aa 00       		.byte	0
 1736 06ab 11       		.byte	17
 1737 06ac 40       		.byte	64
 1738 06ad 01       		.byte	1
 1739 06ae 40       		.byte	64
 1740 06af 01       		.byte	1
 1741 06b0 00       		.byte	0
 1742 06b1 00       		.byte	0
 1743 06b2 00       		.byte	0
 1744 06b3 00       		.byte	0
 1745 06b4 00       		.byte	0
 1746 06b5 00       		.byte	0
 1747 06b6 00       		.byte	0
 1748 06b7 00       		.byte	0
 1749 06b8 00       		.byte	0
 1750 06b9 00       		.byte	0
 1751 06ba 00       		.byte	0
 1752 06bb 00       		.byte	0
 1753 06bc 00       		.byte	0
 1754 06bd 00       		.byte	0
 1755 06be 00       		.byte	0
 1756 06bf 00       		.byte	0
 1757 06c0 18       		.byte	24
 1758 06c1 00       		.byte	0
 1759 06c2 00       		.byte	0
 1760 06c3 00       		.byte	0
 1761 06c4 00       		.byte	0
 1762 06c5 00       		.byte	0
 1763 06c6 00       		.byte	0
 1764 06c7 00       		.byte	0
 1765 06c8 80       		.byte	-128
 1766 06c9 00       		.byte	0
 1767 06ca 40       		.byte	64
ARM GAS  C:\Users\aditi\AppData\Local\Temp\cc8LRFu9.s 			page 32


 1768 06cb BC       		.byte	-68
 1769 06cc BC       		.byte	-68
 1770 06cd 00       		.byte	0
 1771 06ce B4       		.byte	-76
 1772 06cf 00       		.byte	0
 1773 06d0 00       		.byte	0
 1774 06d1 00       		.byte	0
 1775 06d2 00       		.byte	0
 1776 06d3 00       		.byte	0
 1777 06d4 00       		.byte	0
 1778 06d5 0B       		.byte	11
 1779 06d6 0B       		.byte	11
 1780 06d7 00       		.byte	0
 1781 06d8 00       		.byte	0
 1782 06d9 00       		.byte	0
 1783 06da 00       		.byte	0
 1784 06db 00       		.byte	0
 1785 06dc 00       		.byte	0
 1786 06dd 18       		.byte	24
 1787 06de 18       		.byte	24
 1788 06df 00       		.byte	0
 1789 06e0 00       		.byte	0
 1790 06e1 00       		.byte	0
 1791 06e2 00       		.byte	0
 1792 06e3 00       		.byte	0
 1793              		.section	.cywolatch,"a",%progbits
 1794              		.align	2
 1795              		.type	cy_meta_wonvl, %object
 1796              		.size	cy_meta_wonvl, 4
 1797              	cy_meta_wonvl:
 1798 0000 BC       		.byte	-68
 1799 0001 90       		.byte	-112
 1800 0002 AC       		.byte	-84
 1801 0003 AF       		.byte	-81
 1802              		.section	.cycustnvl,"a",%progbits
 1803              		.align	2
 1804              		.type	cy_meta_custnvl, %object
 1805              		.size	cy_meta_custnvl, 4
 1806              	cy_meta_custnvl:
 1807 0000 00       		.byte	0
 1808 0001 00       		.byte	0
 1809 0002 40       		.byte	64
 1810 0003 05       		.byte	5
 1811              		.section	.cymeta,"a",%progbits
 1812              		.align	2
 1813              		.type	cy_metadata, %object
 1814              		.size	cy_metadata, 12
 1815              	cy_metadata:
 1816 0000 00       		.byte	0
 1817 0001 01       		.byte	1
 1818 0002 2E       		.byte	46
 1819 0003 16       		.byte	22
 1820 0004 10       		.byte	16
 1821 0005 69       		.byte	105
 1822 0006 00       		.byte	0
 1823 0007 01       		.byte	1
 1824 0008 00       		.byte	0
ARM GAS  C:\Users\aditi\AppData\Local\Temp\cc8LRFu9.s 			page 33


 1825 0009 00       		.byte	0
 1826 000a 00       		.byte	0
 1827 000b 00       		.byte	0
 1828              		.section	.cyflashprotect,"a",%progbits
 1829              		.align	2
 1830              		.type	cy_meta_flashprotect, %object
 1831              		.size	cy_meta_flashprotect, 256
 1832              	cy_meta_flashprotect:
 1833 0000 00000000 		.space	256
 1833      00000000 
 1833      00000000 
 1833      00000000 
 1833      00000000 
 1834              		.text
 1835              	.Letext0:
 1836              		.file 1 "c:\\program files (x86)\\cypress\\psoc creator\\4.4\\psoc creator\\import\\gnu\\arm\\5.4.
 1837              		.file 2 "c:\\program files (x86)\\cypress\\psoc creator\\4.4\\psoc creator\\import\\gnu\\arm\\5.4.
 1838              		.file 3 "Generated_Source\\PSoC5\\cymetadata.c"
 1839              		.section	.debug_info,"",%progbits
 1840              	.Ldebug_info0:
 1841 0000 35010000 		.4byte	0x135
 1842 0004 0400     		.2byte	0x4
 1843 0006 00000000 		.4byte	.Ldebug_abbrev0
 1844 000a 04       		.byte	0x4
 1845 000b 01       		.uleb128 0x1
 1846 000c 24000000 		.4byte	.LASF17
 1847 0010 0C       		.byte	0xc
 1848 0011 C0010000 		.4byte	.LASF18
 1849 0015 E7000000 		.4byte	.LASF19
 1850 0019 00000000 		.4byte	.Ldebug_line0
 1851 001d 02       		.uleb128 0x2
 1852 001e 01       		.byte	0x1
 1853 001f 06       		.byte	0x6
 1854 0020 B4010000 		.4byte	.LASF0
 1855 0024 03       		.uleb128 0x3
 1856 0025 00000000 		.4byte	.LASF9
 1857 0029 01       		.byte	0x1
 1858 002a 1D       		.byte	0x1d
 1859 002b 2F000000 		.4byte	0x2f
 1860 002f 02       		.uleb128 0x2
 1861 0030 01       		.byte	0x1
 1862 0031 08       		.byte	0x8
 1863 0032 16000000 		.4byte	.LASF1
 1864 0036 02       		.uleb128 0x2
 1865 0037 02       		.byte	0x2
 1866 0038 05       		.byte	0x5
 1867 0039 A1010000 		.4byte	.LASF2
 1868 003d 02       		.uleb128 0x2
 1869 003e 02       		.byte	0x2
 1870 003f 07       		.byte	0x7
 1871 0040 C4000000 		.4byte	.LASF3
 1872 0044 02       		.uleb128 0x2
 1873 0045 04       		.byte	0x4
 1874 0046 05       		.byte	0x5
 1875 0047 AB010000 		.4byte	.LASF4
 1876 004b 02       		.uleb128 0x2
 1877 004c 04       		.byte	0x4
ARM GAS  C:\Users\aditi\AppData\Local\Temp\cc8LRFu9.s 			page 34


 1878 004d 07       		.byte	0x7
 1879 004e B2000000 		.4byte	.LASF5
 1880 0052 02       		.uleb128 0x2
 1881 0053 08       		.byte	0x8
 1882 0054 05       		.byte	0x5
 1883 0055 93010000 		.4byte	.LASF6
 1884 0059 02       		.uleb128 0x2
 1885 005a 08       		.byte	0x8
 1886 005b 07       		.byte	0x7
 1887 005c 48010000 		.4byte	.LASF7
 1888 0060 04       		.uleb128 0x4
 1889 0061 04       		.byte	0x4
 1890 0062 05       		.byte	0x5
 1891 0063 696E7400 		.ascii	"int\000"
 1892 0067 02       		.uleb128 0x2
 1893 0068 04       		.byte	0x4
 1894 0069 07       		.byte	0x7
 1895 006a 3B010000 		.4byte	.LASF8
 1896 006e 03       		.uleb128 0x3
 1897 006f 5F010000 		.4byte	.LASF10
 1898 0073 02       		.byte	0x2
 1899 0074 18       		.byte	0x18
 1900 0075 24000000 		.4byte	0x24
 1901 0079 05       		.uleb128 0x5
 1902 007a 91000000 		.4byte	0x91
 1903 007e 8A000000 		.4byte	0x8a
 1904 0082 06       		.uleb128 0x6
 1905 0083 8A000000 		.4byte	0x8a
 1906 0087 E306     		.2byte	0x6e3
 1907 0089 00       		.byte	0
 1908 008a 02       		.uleb128 0x2
 1909 008b 04       		.byte	0x4
 1910 008c 07       		.byte	0x7
 1911 008d 8A010000 		.4byte	.LASF11
 1912 0091 07       		.uleb128 0x7
 1913 0092 6E000000 		.4byte	0x6e
 1914 0096 08       		.uleb128 0x8
 1915 0097 29010000 		.4byte	.LASF12
 1916 009b 03       		.byte	0x3
 1917 009c 1F       		.byte	0x1f
 1918 009d A7000000 		.4byte	0xa7
 1919 00a1 05       		.uleb128 0x5
 1920 00a2 03       		.byte	0x3
 1921 00a3 00000000 		.4byte	cy_meta_configecc
 1922 00a7 07       		.uleb128 0x7
 1923 00a8 79000000 		.4byte	0x79
 1924 00ac 05       		.uleb128 0x5
 1925 00ad 91000000 		.4byte	0x91
 1926 00b1 BC000000 		.4byte	0xbc
 1927 00b5 09       		.uleb128 0x9
 1928 00b6 8A000000 		.4byte	0x8a
 1929 00ba 03       		.byte	0x3
 1930 00bb 00       		.byte	0
 1931 00bc 0A       		.uleb128 0xa
 1932 00bd D7000000 		.4byte	.LASF13
 1933 00c1 03       		.byte	0x3
 1934 00c2 0901     		.2byte	0x109
ARM GAS  C:\Users\aditi\AppData\Local\Temp\cc8LRFu9.s 			page 35


 1935 00c4 CE000000 		.4byte	0xce
 1936 00c8 05       		.uleb128 0x5
 1937 00c9 03       		.byte	0x3
 1938 00ca 00000000 		.4byte	cy_meta_custnvl
 1939 00ce 07       		.uleb128 0x7
 1940 00cf AC000000 		.4byte	0xac
 1941 00d3 0A       		.uleb128 0xa
 1942 00d4 7C010000 		.4byte	.LASF14
 1943 00d8 03       		.byte	0x3
 1944 00d9 1701     		.2byte	0x117
 1945 00db E5000000 		.4byte	0xe5
 1946 00df 05       		.uleb128 0x5
 1947 00e0 03       		.byte	0x3
 1948 00e1 00000000 		.4byte	cy_meta_wonvl
 1949 00e5 07       		.uleb128 0x7
 1950 00e6 AC000000 		.4byte	0xac
 1951 00ea 05       		.uleb128 0x5
 1952 00eb 91000000 		.4byte	0x91
 1953 00ef FA000000 		.4byte	0xfa
 1954 00f3 09       		.uleb128 0x9
 1955 00f4 8A000000 		.4byte	0x8a
 1956 00f8 FF       		.byte	0xff
 1957 00f9 00       		.byte	0
 1958 00fa 0A       		.uleb128 0xa
 1959 00fb 67010000 		.4byte	.LASF15
 1960 00ff 03       		.byte	0x3
 1961 0100 2501     		.2byte	0x125
 1962 0102 0C010000 		.4byte	0x10c
 1963 0106 05       		.uleb128 0x5
 1964 0107 03       		.byte	0x3
 1965 0108 00000000 		.4byte	cy_meta_flashprotect
 1966 010c 07       		.uleb128 0x7
 1967 010d EA000000 		.4byte	0xea
 1968 0111 05       		.uleb128 0x5
 1969 0112 91000000 		.4byte	0x91
 1970 0116 21010000 		.4byte	0x121
 1971 011a 09       		.uleb128 0x9
 1972 011b 8A000000 		.4byte	0x8a
 1973 011f 0B       		.byte	0xb
 1974 0120 00       		.byte	0
 1975 0121 0A       		.uleb128 0xa
 1976 0122 0A000000 		.4byte	.LASF16
 1977 0126 03       		.byte	0x3
 1978 0127 5201     		.2byte	0x152
 1979 0129 33010000 		.4byte	0x133
 1980 012d 05       		.uleb128 0x5
 1981 012e 03       		.byte	0x3
 1982 012f 00000000 		.4byte	cy_metadata
 1983 0133 07       		.uleb128 0x7
 1984 0134 11010000 		.4byte	0x111
 1985 0138 00       		.byte	0
 1986              		.section	.debug_abbrev,"",%progbits
 1987              	.Ldebug_abbrev0:
 1988 0000 01       		.uleb128 0x1
 1989 0001 11       		.uleb128 0x11
 1990 0002 01       		.byte	0x1
 1991 0003 25       		.uleb128 0x25
ARM GAS  C:\Users\aditi\AppData\Local\Temp\cc8LRFu9.s 			page 36


 1992 0004 0E       		.uleb128 0xe
 1993 0005 13       		.uleb128 0x13
 1994 0006 0B       		.uleb128 0xb
 1995 0007 03       		.uleb128 0x3
 1996 0008 0E       		.uleb128 0xe
 1997 0009 1B       		.uleb128 0x1b
 1998 000a 0E       		.uleb128 0xe
 1999 000b 10       		.uleb128 0x10
 2000 000c 17       		.uleb128 0x17
 2001 000d 00       		.byte	0
 2002 000e 00       		.byte	0
 2003 000f 02       		.uleb128 0x2
 2004 0010 24       		.uleb128 0x24
 2005 0011 00       		.byte	0
 2006 0012 0B       		.uleb128 0xb
 2007 0013 0B       		.uleb128 0xb
 2008 0014 3E       		.uleb128 0x3e
 2009 0015 0B       		.uleb128 0xb
 2010 0016 03       		.uleb128 0x3
 2011 0017 0E       		.uleb128 0xe
 2012 0018 00       		.byte	0
 2013 0019 00       		.byte	0
 2014 001a 03       		.uleb128 0x3
 2015 001b 16       		.uleb128 0x16
 2016 001c 00       		.byte	0
 2017 001d 03       		.uleb128 0x3
 2018 001e 0E       		.uleb128 0xe
 2019 001f 3A       		.uleb128 0x3a
 2020 0020 0B       		.uleb128 0xb
 2021 0021 3B       		.uleb128 0x3b
 2022 0022 0B       		.uleb128 0xb
 2023 0023 49       		.uleb128 0x49
 2024 0024 13       		.uleb128 0x13
 2025 0025 00       		.byte	0
 2026 0026 00       		.byte	0
 2027 0027 04       		.uleb128 0x4
 2028 0028 24       		.uleb128 0x24
 2029 0029 00       		.byte	0
 2030 002a 0B       		.uleb128 0xb
 2031 002b 0B       		.uleb128 0xb
 2032 002c 3E       		.uleb128 0x3e
 2033 002d 0B       		.uleb128 0xb
 2034 002e 03       		.uleb128 0x3
 2035 002f 08       		.uleb128 0x8
 2036 0030 00       		.byte	0
 2037 0031 00       		.byte	0
 2038 0032 05       		.uleb128 0x5
 2039 0033 01       		.uleb128 0x1
 2040 0034 01       		.byte	0x1
 2041 0035 49       		.uleb128 0x49
 2042 0036 13       		.uleb128 0x13
 2043 0037 01       		.uleb128 0x1
 2044 0038 13       		.uleb128 0x13
 2045 0039 00       		.byte	0
 2046 003a 00       		.byte	0
 2047 003b 06       		.uleb128 0x6
 2048 003c 21       		.uleb128 0x21
ARM GAS  C:\Users\aditi\AppData\Local\Temp\cc8LRFu9.s 			page 37


 2049 003d 00       		.byte	0
 2050 003e 49       		.uleb128 0x49
 2051 003f 13       		.uleb128 0x13
 2052 0040 2F       		.uleb128 0x2f
 2053 0041 05       		.uleb128 0x5
 2054 0042 00       		.byte	0
 2055 0043 00       		.byte	0
 2056 0044 07       		.uleb128 0x7
 2057 0045 26       		.uleb128 0x26
 2058 0046 00       		.byte	0
 2059 0047 49       		.uleb128 0x49
 2060 0048 13       		.uleb128 0x13
 2061 0049 00       		.byte	0
 2062 004a 00       		.byte	0
 2063 004b 08       		.uleb128 0x8
 2064 004c 34       		.uleb128 0x34
 2065 004d 00       		.byte	0
 2066 004e 03       		.uleb128 0x3
 2067 004f 0E       		.uleb128 0xe
 2068 0050 3A       		.uleb128 0x3a
 2069 0051 0B       		.uleb128 0xb
 2070 0052 3B       		.uleb128 0x3b
 2071 0053 0B       		.uleb128 0xb
 2072 0054 49       		.uleb128 0x49
 2073 0055 13       		.uleb128 0x13
 2074 0056 3F       		.uleb128 0x3f
 2075 0057 19       		.uleb128 0x19
 2076 0058 02       		.uleb128 0x2
 2077 0059 18       		.uleb128 0x18
 2078 005a 00       		.byte	0
 2079 005b 00       		.byte	0
 2080 005c 09       		.uleb128 0x9
 2081 005d 21       		.uleb128 0x21
 2082 005e 00       		.byte	0
 2083 005f 49       		.uleb128 0x49
 2084 0060 13       		.uleb128 0x13
 2085 0061 2F       		.uleb128 0x2f
 2086 0062 0B       		.uleb128 0xb
 2087 0063 00       		.byte	0
 2088 0064 00       		.byte	0
 2089 0065 0A       		.uleb128 0xa
 2090 0066 34       		.uleb128 0x34
 2091 0067 00       		.byte	0
 2092 0068 03       		.uleb128 0x3
 2093 0069 0E       		.uleb128 0xe
 2094 006a 3A       		.uleb128 0x3a
 2095 006b 0B       		.uleb128 0xb
 2096 006c 3B       		.uleb128 0x3b
 2097 006d 05       		.uleb128 0x5
 2098 006e 49       		.uleb128 0x49
 2099 006f 13       		.uleb128 0x13
 2100 0070 3F       		.uleb128 0x3f
 2101 0071 19       		.uleb128 0x19
 2102 0072 02       		.uleb128 0x2
 2103 0073 18       		.uleb128 0x18
 2104 0074 00       		.byte	0
 2105 0075 00       		.byte	0
ARM GAS  C:\Users\aditi\AppData\Local\Temp\cc8LRFu9.s 			page 38


 2106 0076 00       		.byte	0
 2107              		.section	.debug_aranges,"",%progbits
 2108 0000 14000000 		.4byte	0x14
 2109 0004 0200     		.2byte	0x2
 2110 0006 00000000 		.4byte	.Ldebug_info0
 2111 000a 04       		.byte	0x4
 2112 000b 00       		.byte	0
 2113 000c 0000     		.2byte	0
 2114 000e 0000     		.2byte	0
 2115 0010 00000000 		.4byte	0
 2116 0014 00000000 		.4byte	0
 2117              		.section	.debug_line,"",%progbits
 2118              	.Ldebug_line0:
 2119 0000 3D010000 		.section	.debug_str,"MS",%progbits,1
 2119      02003701 
 2119      00000201 
 2119      FB0E0D00 
 2119      01010101 
 2120              	.LASF9:
 2121 0000 5F5F7569 		.ascii	"__uint8_t\000"
 2121      6E74385F 
 2121      7400
 2122              	.LASF16:
 2123 000a 63795F6D 		.ascii	"cy_metadata\000"
 2123      65746164 
 2123      61746100 
 2124              	.LASF1:
 2125 0016 756E7369 		.ascii	"unsigned char\000"
 2125      676E6564 
 2125      20636861 
 2125      7200
 2126              	.LASF17:
 2127 0024 474E5520 		.ascii	"GNU C11 5.4.1 20160609 (release) [ARM/embedded-5-br"
 2127      43313120 
 2127      352E342E 
 2127      31203230 
 2127      31363036 
 2128 0057 616E6368 		.ascii	"anch revision 237715] -mcpu=cortex-m3 -mthumb -g -O"
 2128      20726576 
 2128      6973696F 
 2128      6E203233 
 2128      37373135 
 2129 008a 67202D66 		.ascii	"g -ffunction-sections -ffat-lto-objects\000"
 2129      66756E63 
 2129      74696F6E 
 2129      2D736563 
 2129      74696F6E 
 2130              	.LASF5:
 2131 00b2 6C6F6E67 		.ascii	"long unsigned int\000"
 2131      20756E73 
 2131      69676E65 
 2131      6420696E 
 2131      7400
 2132              	.LASF3:
 2133 00c4 73686F72 		.ascii	"short unsigned int\000"
 2133      7420756E 
 2133      7369676E 
ARM GAS  C:\Users\aditi\AppData\Local\Temp\cc8LRFu9.s 			page 39


 2133      65642069 
 2133      6E7400
 2134              	.LASF13:
 2135 00d7 63795F6D 		.ascii	"cy_meta_custnvl\000"
 2135      6574615F 
 2135      63757374 
 2135      6E766C00 
 2136              	.LASF19:
 2137 00e7 433A5C44 		.ascii	"C:\\Darmstadt\\SecondSem\\EAA\\Lab2\\Lab2_EAA\\Elec"
 2137      61726D73 
 2137      74616474 
 2137      5C536563 
 2137      6F6E6453 
 2138 0114 74726F6E 		.ascii	"tronicClock_v1.cydsn\000"
 2138      6963436C 
 2138      6F636B5F 
 2138      76312E63 
 2138      7964736E 
 2139              	.LASF12:
 2140 0129 63795F6D 		.ascii	"cy_meta_configecc\000"
 2140      6574615F 
 2140      636F6E66 
 2140      69676563 
 2140      6300
 2141              	.LASF8:
 2142 013b 756E7369 		.ascii	"unsigned int\000"
 2142      676E6564 
 2142      20696E74 
 2142      00
 2143              	.LASF7:
 2144 0148 6C6F6E67 		.ascii	"long long unsigned int\000"
 2144      206C6F6E 
 2144      6720756E 
 2144      7369676E 
 2144      65642069 
 2145              	.LASF10:
 2146 015f 75696E74 		.ascii	"uint8_t\000"
 2146      385F7400 
 2147              	.LASF15:
 2148 0167 63795F6D 		.ascii	"cy_meta_flashprotect\000"
 2148      6574615F 
 2148      666C6173 
 2148      6870726F 
 2148      74656374 
 2149              	.LASF14:
 2150 017c 63795F6D 		.ascii	"cy_meta_wonvl\000"
 2150      6574615F 
 2150      776F6E76 
 2150      6C00
 2151              	.LASF11:
 2152 018a 73697A65 		.ascii	"sizetype\000"
 2152      74797065 
 2152      00
 2153              	.LASF6:
 2154 0193 6C6F6E67 		.ascii	"long long int\000"
 2154      206C6F6E 
 2154      6720696E 
ARM GAS  C:\Users\aditi\AppData\Local\Temp\cc8LRFu9.s 			page 40


 2154      7400
 2155              	.LASF2:
 2156 01a1 73686F72 		.ascii	"short int\000"
 2156      7420696E 
 2156      7400
 2157              	.LASF4:
 2158 01ab 6C6F6E67 		.ascii	"long int\000"
 2158      20696E74 
 2158      00
 2159              	.LASF0:
 2160 01b4 7369676E 		.ascii	"signed char\000"
 2160      65642063 
 2160      68617200 
 2161              	.LASF18:
 2162 01c0 47656E65 		.ascii	"Generated_Source\\PSoC5\\cymetadata.c\000"
 2162      72617465 
 2162      645F536F 
 2162      75726365 
 2162      5C50536F 
 2163              		.ident	"GCC: (GNU Tools for ARM Embedded Processors) 5.4.1 20160609 (release) [ARM/embedded-5-bran
