ARM GAS  C:\Users\aditi\AppData\Local\Temp\ccUgy4tW.s 			page 1


   1              		.syntax unified
   2              		.cpu cortex-m3
   3              		.fpu softvfp
   4              		.eabi_attribute 20, 1
   5              		.eabi_attribute 21, 1
   6              		.eabi_attribute 23, 3
   7              		.eabi_attribute 24, 1
   8              		.eabi_attribute 25, 1
   9              		.eabi_attribute 26, 1
  10              		.eabi_attribute 30, 1
  11              		.eabi_attribute 34, 1
  12              		.eabi_attribute 18, 4
  13              		.thumb
  14              		.syntax unified
  15              		.file	"ErikaOS_eecfg.c"
  16              		.text
  17              	.Ltext0:
  18              		.cfi_sections	.debug_frame
  19              		.global	EE_oo_autostart_task_data
  20              		.comm	EE_ApplicationMode,4,4
  21              		.global	EE_oo_action_ROM
  22              		.comm	EE_oo_counter_object_RAM,32,4
  23              		.global	EE_oo_counter_object_ROM
  24              		.global	EE_ALARM_ID
  25              		.global	EE_ALARM_NAME
  26              		.global	EE_alarm_ROM
  27              		.global	EE_counter_RAM
  28              		.global	EE_counter_ROM
  29              		.global	EE_th_is_extended
  30              		.global	EE_th_waswaiting
  31              		.global	EE_th_event_waitmask
  32              		.global	EE_th_event_active
  33              		.global	EE_th_terminate_nextask
  34              		.global	EE_rq_free
  35              		.comm	EE_rq_pairs_tid,20,4
  36              		.global	EE_rq_pairs_next
  37              		.global	EE_rq_link
  38              		.global	EE_th_rnact_max
  39              		.global	EE_th_rnact
  40              		.global	EE_rq_bitmask
  41              		.global	EE_rq_queues_tail
  42              		.global	EE_rq_queues_head
  43              		.global	EE_sys_ceiling
  44              		.global	EE_stkfirst
  45              		.global	EE_th_next
  46              		.global	EE_th_status
  47              		.global	EE_th_dispatch_prio
  48              		.global	EE_EVENT_ID
  49              		.global	EE_EVENT_NAME
  50              		.global	EE_TASK_NAME
  51              		.global	EE_th_ready_prio
  52              		.global	EE_terminate_real_th_body
  53              		.comm	EE_terminate_data,20,4
  54              		.global	EE_hal_thread_body
  55              		.global	EE_cortex_mx_IRQ_tos
  56              		.global	EE_cortex_mx_active_tos
  57              		.global	EE_cortex_mx_system_tos
ARM GAS  C:\Users\aditi\AppData\Local\Temp\ccUgy4tW.s 			page 2


  58              		.global	EE_std_thread_tos
  59              		.comm	EE_cortex_mx_stack_9,512,4
  60              		.comm	EE_cortex_mx_stack_3,1500,4
  61              		.section	.rodata
  62              		.align	2
  63              		.type	EE_oo_autostart_task_data, %object
  64              		.size	EE_oo_autostart_task_data, 8
  65              	EE_oo_autostart_task_data:
  66 0000 01000000 		.word	1
  67 0004 08000000 		.word	EE_oo_autostart_task_mode_OSDEFAULTAPPMODE
  68              		.type	EE_oo_autostart_task_mode_OSDEFAULTAPPMODE, %object
  69              		.size	EE_oo_autostart_task_mode_OSDEFAULTAPPMODE, 4
  70              	EE_oo_autostart_task_mode_OSDEFAULTAPPMODE:
  71 0008 00000000 		.space	4
  72              		.type	EE_oo_action_ROM, %object
  73              		.size	EE_oo_action_ROM, 40
  74              	EE_oo_action_ROM:
  75 000c 00       		.byte	0
  76 000d 000000   		.space	3
  77 0010 03000000 		.word	3
  78 0014 00000000 		.word	0
  79 0018 00000000 		.word	0
  80 001c FFFFFFFF 		.word	-1
  81 0020 00       		.byte	0
  82 0021 000000   		.space	3
  83 0024 02000000 		.word	2
  84 0028 00000000 		.word	0
  85 002c 00000000 		.word	0
  86 0030 FFFFFFFF 		.word	-1
  87              		.type	EE_oo_counter_object_ROM, %object
  88              		.size	EE_oo_counter_object_ROM, 24
  89              	EE_oo_counter_object_ROM:
  90 0034 00000000 		.word	0
  91 0038 00000000 		.word	0
  92 003c 00       		.byte	0
  93 003d 000000   		.space	3
  94 0040 00000000 		.word	0
  95 0044 01000000 		.word	1
  96 0048 00       		.byte	0
  97 0049 000000   		.space	3
  98              		.type	EE_ALARM_ID, %object
  99              		.size	EE_ALARM_ID, 8
 100              	EE_ALARM_ID:
 101 004c 00000000 		.word	0
 102 0050 01000000 		.word	1
 103              		.type	EE_alarm_ROM, %object
 104              		.size	EE_alarm_ROM, 8
 105              	EE_alarm_ROM:
 106 0054 00000000 		.word	0
 107 0058 01000000 		.word	1
 108              		.type	EE_counter_ROM, %object
 109              		.size	EE_counter_ROM, 12
 110              	EE_counter_ROM:
 111 005c 10270000 		.word	10000
 112 0060 01000000 		.word	1
 113 0064 00000000 		.word	0
 114              		.type	EE_th_is_extended, %object
ARM GAS  C:\Users\aditi\AppData\Local\Temp\ccUgy4tW.s 			page 3


 115              		.size	EE_th_is_extended, 20
 116              	EE_th_is_extended:
 117 0068 00000000 		.word	0
 118 006c 00000000 		.word	0
 119 0070 01000000 		.word	1
 120 0074 00000000 		.word	0
 121 0078 00000000 		.word	0
 122              		.type	EE_th_rnact_max, %object
 123              		.size	EE_th_rnact_max, 20
 124              	EE_th_rnact_max:
 125 007c 01000000 		.word	1
 126 0080 01000000 		.word	1
 127 0084 01000000 		.word	1
 128 0088 01000000 		.word	1
 129 008c 01000000 		.word	1
 130              		.type	EE_th_dispatch_prio, %object
 131              		.size	EE_th_dispatch_prio, 20
 132              	EE_th_dispatch_prio:
 133 0090 80000000 		.word	128
 134 0094 01000000 		.word	1
 135 0098 10000000 		.word	16
 136 009c 04000000 		.word	4
 137 00a0 10000000 		.word	16
 138              		.type	EE_EVENT_ID, %object
 139              		.size	EE_EVENT_ID, 4
 140              	EE_EVENT_ID:
 141 00a4 01000000 		.word	1
 142              		.type	EE_th_ready_prio, %object
 143              		.size	EE_th_ready_prio, 20
 144              	EE_th_ready_prio:
 145 00a8 01000000 		.word	1
 146 00ac 01000000 		.word	1
 147 00b0 10000000 		.word	16
 148 00b4 04000000 		.word	4
 149 00b8 10000000 		.word	16
 150              		.type	EE_terminate_real_th_body, %object
 151              		.size	EE_terminate_real_th_body, 20
 152              	EE_terminate_real_th_body:
 153 00bc 00000000 		.word	Functsk_init
 154 00c0 00000000 		.word	Functsk_background
 155 00c4 00000000 		.word	Functsk_event
 156 00c8 00000000 		.word	Functsk_cyclic
 157 00cc 00000000 		.word	Functsk_system
 158              		.type	EE_hal_thread_body, %object
 159              		.size	EE_hal_thread_body, 20
 160              	EE_hal_thread_body:
 161 00d0 00000000 		.word	EE_oo_thread_stub
 162 00d4 00000000 		.word	EE_oo_thread_stub
 163 00d8 00000000 		.word	EE_oo_thread_stub
 164 00dc 00000000 		.word	EE_oo_thread_stub
 165 00e0 00000000 		.word	EE_oo_thread_stub
 166              		.type	EE_std_thread_tos, %object
 167              		.size	EE_std_thread_tos, 24
 168              	EE_std_thread_tos:
 169 00e4 00000000 		.word	0
 170 00e8 00000000 		.word	0
 171 00ec 00000000 		.word	0
ARM GAS  C:\Users\aditi\AppData\Local\Temp\ccUgy4tW.s 			page 4


 172 00f0 01000000 		.word	1
 173 00f4 00000000 		.word	0
 174 00f8 00000000 		.word	0
 175              		.data
 176              		.align	2
 177              		.type	EE_ALARM_NAME, %object
 178              		.size	EE_ALARM_NAME, 8
 179              	EE_ALARM_NAME:
 180 0000 00000000 		.word	.LC0
 181 0004 0C000000 		.word	.LC1
 182              		.type	EE_counter_RAM, %object
 183              		.size	EE_counter_RAM, 8
 184              	EE_counter_RAM:
 185 0008 00000000 		.word	0
 186 000c FFFFFFFF 		.word	-1
 187              		.type	EE_th_terminate_nextask, %object
 188              		.size	EE_th_terminate_nextask, 20
 189              	EE_th_terminate_nextask:
 190 0010 FFFFFFFF 		.word	-1
 191 0014 FFFFFFFF 		.word	-1
 192 0018 FFFFFFFF 		.word	-1
 193 001c FFFFFFFF 		.word	-1
 194 0020 FFFFFFFF 		.word	-1
 195              		.type	EE_rq_pairs_next, %object
 196              		.size	EE_rq_pairs_next, 20
 197              	EE_rq_pairs_next:
 198 0024 01000000 		.word	1
 199 0028 02000000 		.word	2
 200 002c 03000000 		.word	3
 201 0030 04000000 		.word	4
 202 0034 FFFFFFFF 		.word	-1
 203              		.type	EE_rq_link, %object
 204              		.size	EE_rq_link, 20
 205              	EE_rq_link:
 206 0038 00000000 		.word	0
 207 003c 00000000 		.word	0
 208 0040 04000000 		.word	4
 209 0044 02000000 		.word	2
 210 0048 04000000 		.word	4
 211              		.type	EE_th_rnact, %object
 212              		.size	EE_th_rnact, 20
 213              	EE_th_rnact:
 214 004c 01000000 		.word	1
 215 0050 01000000 		.word	1
 216 0054 01000000 		.word	1
 217 0058 01000000 		.word	1
 218 005c 01000000 		.word	1
 219              		.type	EE_rq_queues_tail, %object
 220              		.size	EE_rq_queues_tail, 64
 221              	EE_rq_queues_tail:
 222 0060 FFFFFFFF 		.word	-1
 223 0064 FFFFFFFF 		.word	-1
 224 0068 FFFFFFFF 		.word	-1
 225 006c FFFFFFFF 		.word	-1
 226 0070 FFFFFFFF 		.word	-1
 227 0074 FFFFFFFF 		.word	-1
 228 0078 FFFFFFFF 		.word	-1
ARM GAS  C:\Users\aditi\AppData\Local\Temp\ccUgy4tW.s 			page 5


 229 007c FFFFFFFF 		.word	-1
 230 0080 FFFFFFFF 		.word	-1
 231 0084 FFFFFFFF 		.word	-1
 232 0088 FFFFFFFF 		.word	-1
 233 008c FFFFFFFF 		.word	-1
 234 0090 FFFFFFFF 		.word	-1
 235 0094 FFFFFFFF 		.word	-1
 236 0098 FFFFFFFF 		.word	-1
 237 009c FFFFFFFF 		.word	-1
 238              		.type	EE_rq_queues_head, %object
 239              		.size	EE_rq_queues_head, 64
 240              	EE_rq_queues_head:
 241 00a0 FFFFFFFF 		.word	-1
 242 00a4 FFFFFFFF 		.word	-1
 243 00a8 FFFFFFFF 		.word	-1
 244 00ac FFFFFFFF 		.word	-1
 245 00b0 FFFFFFFF 		.word	-1
 246 00b4 FFFFFFFF 		.word	-1
 247 00b8 FFFFFFFF 		.word	-1
 248 00bc FFFFFFFF 		.word	-1
 249 00c0 FFFFFFFF 		.word	-1
 250 00c4 FFFFFFFF 		.word	-1
 251 00c8 FFFFFFFF 		.word	-1
 252 00cc FFFFFFFF 		.word	-1
 253 00d0 FFFFFFFF 		.word	-1
 254 00d4 FFFFFFFF 		.word	-1
 255 00d8 FFFFFFFF 		.word	-1
 256 00dc FFFFFFFF 		.word	-1
 257              		.type	EE_stkfirst, %object
 258              		.size	EE_stkfirst, 4
 259              	EE_stkfirst:
 260 00e0 FFFFFFFF 		.word	-1
 261              		.type	EE_th_next, %object
 262              		.size	EE_th_next, 20
 263              	EE_th_next:
 264 00e4 FFFFFFFF 		.word	-1
 265 00e8 FFFFFFFF 		.word	-1
 266 00ec FFFFFFFF 		.word	-1
 267 00f0 FFFFFFFF 		.word	-1
 268 00f4 FFFFFFFF 		.word	-1
 269              		.type	EE_th_status, %object
 270              		.size	EE_th_status, 20
 271              	EE_th_status:
 272 00f8 03000000 		.word	3
 273 00fc 03000000 		.word	3
 274 0100 03000000 		.word	3
 275 0104 03000000 		.word	3
 276 0108 03000000 		.word	3
 277              		.type	EE_EVENT_NAME, %object
 278              		.size	EE_EVENT_NAME, 4
 279              	EE_EVENT_NAME:
 280 010c 18000000 		.word	.LC2
 281              		.type	EE_TASK_NAME, %object
 282              		.size	EE_TASK_NAME, 20
 283              	EE_TASK_NAME:
 284 0110 28000000 		.word	.LC3
 285 0114 34000000 		.word	.LC4
ARM GAS  C:\Users\aditi\AppData\Local\Temp\ccUgy4tW.s 			page 6


 286 0118 44000000 		.word	.LC5
 287 011c 50000000 		.word	.LC6
 288 0120 5C000000 		.word	.LC7
 289              		.type	EE_cortex_mx_IRQ_tos, %object
 290              		.size	EE_cortex_mx_IRQ_tos, 4
 291              	EE_cortex_mx_IRQ_tos:
 292 0124 00020000 		.word	EE_cortex_mx_stack_9+512
 293              		.type	EE_cortex_mx_system_tos, %object
 294              		.size	EE_cortex_mx_system_tos, 8
 295              	EE_cortex_mx_system_tos:
 296 0128 00000000 		.word	0
 297 012c B4050000 		.word	EE_cortex_mx_stack_3+1460
 298              		.section	.rodata.str1.4,"aMS",%progbits,1
 299              		.align	2
 300              	.LC0:
 301 0000 616C726D 		.ascii	"alrm_10ms\000"
 301      5F31306D 
 301      7300
 302 000a 0000     		.space	2
 303              	.LC1:
 304 000c 616C726D 		.ascii	"alrm_250ms\000"
 304      5F323530 
 304      6D7300
 305 0017 00       		.space	1
 306              	.LC2:
 307 0018 65765F65 		.ascii	"ev_event_onData\000"
 307      76656E74 
 307      5F6F6E44 
 307      61746100 
 308              	.LC3:
 309 0028 74736B5F 		.ascii	"tsk_init\000"
 309      696E6974 
 309      00
 310 0031 000000   		.space	3
 311              	.LC4:
 312 0034 74736B5F 		.ascii	"tsk_background\000"
 312      6261636B 
 312      67726F75 
 312      6E6400
 313 0043 00       		.space	1
 314              	.LC5:
 315 0044 74736B5F 		.ascii	"tsk_event\000"
 315      6576656E 
 315      7400
 316 004e 0000     		.space	2
 317              	.LC6:
 318 0050 74736B5F 		.ascii	"tsk_cyclic\000"
 318      6379636C 
 318      696300
 319 005b 00       		.space	1
 320              	.LC7:
 321 005c 74736B5F 		.ascii	"tsk_system\000"
 321      73797374 
 321      656D00
 322              		.bss
 323              		.align	2
 324              		.type	EE_th_waswaiting, %object
ARM GAS  C:\Users\aditi\AppData\Local\Temp\ccUgy4tW.s 			page 7


 325              		.size	EE_th_waswaiting, 20
 326              	EE_th_waswaiting:
 327 0000 00000000 		.space	20
 327      00000000 
 327      00000000 
 327      00000000 
 327      00000000 
 328              		.type	EE_th_event_waitmask, %object
 329              		.size	EE_th_event_waitmask, 20
 330              	EE_th_event_waitmask:
 331 0014 00000000 		.space	20
 331      00000000 
 331      00000000 
 331      00000000 
 331      00000000 
 332              		.type	EE_th_event_active, %object
 333              		.size	EE_th_event_active, 20
 334              	EE_th_event_active:
 335 0028 00000000 		.space	20
 335      00000000 
 335      00000000 
 335      00000000 
 335      00000000 
 336              		.type	EE_rq_free, %object
 337              		.size	EE_rq_free, 4
 338              	EE_rq_free:
 339 003c 00000000 		.space	4
 340              		.type	EE_rq_bitmask, %object
 341              		.size	EE_rq_bitmask, 2
 342              	EE_rq_bitmask:
 343 0040 0000     		.space	2
 344 0042 0000     		.space	2
 345              		.type	EE_sys_ceiling, %object
 346              		.size	EE_sys_ceiling, 4
 347              	EE_sys_ceiling:
 348 0044 00000000 		.space	4
 349              		.type	EE_cortex_mx_active_tos, %object
 350              		.size	EE_cortex_mx_active_tos, 4
 351              	EE_cortex_mx_active_tos:
 352 0048 00000000 		.space	4
 353              		.text
 354              	.Letext0:
 355              		.file 1 "Generated_Source\\PSoC5\\ErikaOS_common_ee_types.inc"
 356              		.file 2 "Generated_Source\\PSoC5\\ErikaOS_cortex_mx_ee_cpu.inc"
 357              		.file 3 "Generated_Source\\PSoC5\\ErikaOS_ee_oo_common.inc"
 358              		.file 4 "Generated_Source\\PSoC5\\ErikaOS_common_ee_hal_structs.inc"
 359              		.file 5 "Generated_Source\\PSoC5\\ErikaOS_eecfg.c"
 360              		.file 6 "Generated_Source\\PSoC5\\ErikaOS_ee_oo_intfunc.inc"
 361              		.file 7 "Generated_Source\\PSoC5\\ErikaOS_cortex_mx_ee_context.inc"
 362              		.file 8 "Generated_Source\\PSoC5\\ErikaOS_common_ee_primitives.inc"
 363              		.section	.debug_info,"",%progbits
 364              	.Ldebug_info0:
 365 0000 B3080000 		.4byte	0x8b3
 366 0004 0400     		.2byte	0x4
 367 0006 00000000 		.4byte	.Ldebug_abbrev0
 368 000a 04       		.byte	0x4
 369 000b 01       		.uleb128 0x1
ARM GAS  C:\Users\aditi\AppData\Local\Temp\ccUgy4tW.s 			page 8


 370 000c FC040000 		.4byte	.LASF112
 371 0010 0C       		.byte	0xc
 372 0011 7B000000 		.4byte	.LASF113
 373 0015 20070000 		.4byte	.LASF114
 374 0019 00000000 		.4byte	.Ldebug_line0
 375 001d 02       		.uleb128 0x2
 376 001e 01       		.byte	0x1
 377 001f 06       		.byte	0x6
 378 0020 36010000 		.4byte	.LASF0
 379 0024 02       		.uleb128 0x2
 380 0025 01       		.byte	0x1
 381 0026 08       		.byte	0x8
 382 0027 5F040000 		.4byte	.LASF1
 383 002b 02       		.uleb128 0x2
 384 002c 02       		.byte	0x2
 385 002d 05       		.byte	0x5
 386 002e A4040000 		.4byte	.LASF2
 387 0032 02       		.uleb128 0x2
 388 0033 02       		.byte	0x2
 389 0034 07       		.byte	0x7
 390 0035 9A020000 		.4byte	.LASF3
 391 0039 02       		.uleb128 0x2
 392 003a 04       		.byte	0x4
 393 003b 05       		.byte	0x5
 394 003c BD010000 		.4byte	.LASF4
 395 0040 02       		.uleb128 0x2
 396 0041 04       		.byte	0x4
 397 0042 07       		.byte	0x7
 398 0043 58020000 		.4byte	.LASF5
 399 0047 02       		.uleb128 0x2
 400 0048 08       		.byte	0x8
 401 0049 05       		.byte	0x5
 402 004a 28010000 		.4byte	.LASF6
 403 004e 02       		.uleb128 0x2
 404 004f 08       		.byte	0x8
 405 0050 07       		.byte	0x7
 406 0051 5E000000 		.4byte	.LASF7
 407 0055 03       		.uleb128 0x3
 408 0056 04       		.byte	0x4
 409 0057 05       		.byte	0x5
 410 0058 696E7400 		.ascii	"int\000"
 411 005c 02       		.uleb128 0x2
 412 005d 04       		.byte	0x4
 413 005e 07       		.byte	0x7
 414 005f 20020000 		.4byte	.LASF8
 415 0063 02       		.uleb128 0x2
 416 0064 08       		.byte	0x8
 417 0065 04       		.byte	0x4
 418 0066 AD030000 		.4byte	.LASF9
 419 006a 04       		.uleb128 0x4
 420 006b 2C040000 		.4byte	.LASF10
 421 006f 01       		.byte	0x1
 422 0070 52       		.byte	0x52
 423 0071 32000000 		.4byte	0x32
 424 0075 04       		.uleb128 0x4
 425 0076 05070000 		.4byte	.LASF11
 426 007a 01       		.byte	0x1
ARM GAS  C:\Users\aditi\AppData\Local\Temp\ccUgy4tW.s 			page 9


 427 007b 53       		.byte	0x53
 428 007c 55000000 		.4byte	0x55
 429 0080 04       		.uleb128 0x4
 430 0081 FB060000 		.4byte	.LASF12
 431 0085 01       		.byte	0x1
 432 0086 54       		.byte	0x54
 433 0087 5C000000 		.4byte	0x5c
 434 008b 04       		.uleb128 0x4
 435 008c 92070000 		.4byte	.LASF13
 436 0090 01       		.byte	0x1
 437 0091 64       		.byte	0x64
 438 0092 96000000 		.4byte	0x96
 439 0096 05       		.uleb128 0x5
 440 0097 04       		.byte	0x4
 441 0098 06       		.uleb128 0x6
 442 0099 04       		.byte	0x4
 443 009a 9E000000 		.4byte	0x9e
 444 009e 07       		.uleb128 0x7
 445 009f 04       		.uleb128 0x4
 446 00a0 30030000 		.4byte	.LASF14
 447 00a4 01       		.byte	0x1
 448 00a5 70       		.byte	0x70
 449 00a6 98000000 		.4byte	0x98
 450 00aa 04       		.uleb128 0x4
 451 00ab 96050000 		.4byte	.LASF15
 452 00af 01       		.byte	0x1
 453 00b0 73       		.byte	0x73
 454 00b1 98000000 		.4byte	0x98
 455 00b5 04       		.uleb128 0x4
 456 00b6 2D020000 		.4byte	.LASF16
 457 00ba 02       		.byte	0x2
 458 00bb 4D       		.byte	0x4d
 459 00bc 80000000 		.4byte	0x80
 460 00c0 04       		.uleb128 0x4
 461 00c1 CF030000 		.4byte	.LASF17
 462 00c5 02       		.byte	0x2
 463 00c6 4E       		.byte	0x4e
 464 00c7 75000000 		.4byte	0x75
 465 00cb 04       		.uleb128 0x4
 466 00cc AC070000 		.4byte	.LASF18
 467 00d0 02       		.byte	0x2
 468 00d1 4F       		.byte	0x4f
 469 00d2 80000000 		.4byte	0x80
 470 00d6 04       		.uleb128 0x4
 471 00d7 3D000000 		.4byte	.LASF19
 472 00db 02       		.byte	0x2
 473 00dc 54       		.byte	0x54
 474 00dd B5000000 		.4byte	0xb5
 475 00e1 04       		.uleb128 0x4
 476 00e2 13020000 		.4byte	.LASF20
 477 00e6 02       		.byte	0x2
 478 00e7 78       		.byte	0x78
 479 00e8 75000000 		.4byte	0x75
 480 00ec 08       		.uleb128 0x8
 481 00ed DA000000 		.4byte	.LASF61
 482 00f1 04       		.byte	0x4
 483 00f2 04       		.byte	0x4
ARM GAS  C:\Users\aditi\AppData\Local\Temp\ccUgy4tW.s 			page 10


 484 00f3 4D       		.byte	0x4d
 485 00f4 05010000 		.4byte	0x105
 486 00f8 09       		.uleb128 0x9
 487 00f9 7E070000 		.4byte	.LASF28
 488 00fd 04       		.byte	0x4
 489 00fe 4E       		.byte	0x4e
 490 00ff 8B000000 		.4byte	0x8b
 491 0103 00       		.byte	0
 492 0104 00       		.byte	0
 493 0105 0A       		.uleb128 0xa
 494 0106 94030000 		.4byte	.LASF21
 495 010a 03       		.byte	0x3
 496 010b 1101     		.2byte	0x111
 497 010d 6A000000 		.4byte	0x6a
 498 0111 0A       		.uleb128 0xa
 499 0112 D1000000 		.4byte	.LASF22
 500 0116 03       		.byte	0x3
 501 0117 F701     		.2byte	0x1f7
 502 0119 E1000000 		.4byte	0xe1
 503 011d 0A       		.uleb128 0xa
 504 011e 59010000 		.4byte	.LASF23
 505 0122 03       		.byte	0x3
 506 0123 2C02     		.2byte	0x22c
 507 0125 B5000000 		.4byte	0xb5
 508 0129 0A       		.uleb128 0xa
 509 012a 1D000000 		.4byte	.LASF24
 510 012e 03       		.byte	0x3
 511 012f 3502     		.2byte	0x235
 512 0131 B5000000 		.4byte	0xb5
 513 0135 0A       		.uleb128 0xa
 514 0136 EF050000 		.4byte	.LASF25
 515 013a 03       		.byte	0x3
 516 013b 5D02     		.2byte	0x25d
 517 013d B5000000 		.4byte	0xb5
 518 0141 0A       		.uleb128 0xa
 519 0142 32000000 		.4byte	.LASF26
 520 0146 03       		.byte	0x3
 521 0147 6302     		.2byte	0x263
 522 0149 B5000000 		.4byte	0xb5
 523 014d 0A       		.uleb128 0xa
 524 014e 41030000 		.4byte	.LASF27
 525 0152 03       		.byte	0x3
 526 0153 6C02     		.2byte	0x26c
 527 0155 B5000000 		.4byte	0xb5
 528 0159 0B       		.uleb128 0xb
 529 015a 0C       		.byte	0xc
 530 015b 03       		.byte	0x3
 531 015c 7202     		.2byte	0x272
 532 015e 8A010000 		.4byte	0x18a
 533 0162 0C       		.uleb128 0xc
 534 0163 E1000000 		.4byte	.LASF29
 535 0167 03       		.byte	0x3
 536 0168 7302     		.2byte	0x273
 537 016a 29010000 		.4byte	0x129
 538 016e 00       		.byte	0
 539 016f 0C       		.uleb128 0xc
 540 0170 D7030000 		.4byte	.LASF30
ARM GAS  C:\Users\aditi\AppData\Local\Temp\ccUgy4tW.s 			page 11


 541 0174 03       		.byte	0x3
 542 0175 7402     		.2byte	0x274
 543 0177 29010000 		.4byte	0x129
 544 017b 04       		.byte	0x4
 545 017c 0C       		.uleb128 0xc
 546 017d 0A020000 		.4byte	.LASF31
 547 0181 03       		.byte	0x3
 548 0182 7502     		.2byte	0x275
 549 0184 29010000 		.4byte	0x129
 550 0188 08       		.byte	0x8
 551 0189 00       		.byte	0
 552 018a 0A       		.uleb128 0xa
 553 018b E5040000 		.4byte	.LASF32
 554 018f 03       		.byte	0x3
 555 0190 7A02     		.2byte	0x27a
 556 0192 59010000 		.4byte	0x159
 557 0196 0B       		.uleb128 0xb
 558 0197 08       		.byte	0x8
 559 0198 03       		.byte	0x3
 560 0199 7D02     		.2byte	0x27d
 561 019b BA010000 		.4byte	0x1ba
 562 019f 0C       		.uleb128 0xc
 563 01a0 1A020000 		.4byte	.LASF33
 564 01a4 03       		.byte	0x3
 565 01a5 7E02     		.2byte	0x27e
 566 01a7 29010000 		.4byte	0x129
 567 01ab 00       		.byte	0
 568 01ac 0C       		.uleb128 0xc
 569 01ad E9050000 		.4byte	.LASF34
 570 01b1 03       		.byte	0x3
 571 01b2 7F02     		.2byte	0x27f
 572 01b4 35010000 		.4byte	0x135
 573 01b8 04       		.byte	0x4
 574 01b9 00       		.byte	0
 575 01ba 0A       		.uleb128 0xa
 576 01bb 9A010000 		.4byte	.LASF35
 577 01bf 03       		.byte	0x3
 578 01c0 8002     		.2byte	0x280
 579 01c2 96010000 		.4byte	0x196
 580 01c6 0D       		.uleb128 0xd
 581 01c7 01       		.byte	0x1
 582 01c8 24000000 		.4byte	0x24
 583 01cc 03       		.byte	0x3
 584 01cd 8A02     		.2byte	0x28a
 585 01cf E0010000 		.4byte	0x1e0
 586 01d3 0E       		.uleb128 0xe
 587 01d4 6D040000 		.4byte	.LASF36
 588 01d8 00       		.byte	0
 589 01d9 0E       		.uleb128 0xe
 590 01da 36040000 		.4byte	.LASF37
 591 01de 01       		.byte	0x1
 592 01df 00       		.byte	0
 593 01e0 0A       		.uleb128 0xa
 594 01e1 C5020000 		.4byte	.LASF38
 595 01e5 03       		.byte	0x3
 596 01e6 8D02     		.2byte	0x28d
 597 01e8 C6010000 		.4byte	0x1c6
ARM GAS  C:\Users\aditi\AppData\Local\Temp\ccUgy4tW.s 			page 12


 598 01ec 0A       		.uleb128 0xa
 599 01ed F1020000 		.4byte	.LASF39
 600 01f1 03       		.byte	0x3
 601 01f2 9002     		.2byte	0x290
 602 01f4 E0010000 		.4byte	0x1e0
 603 01f8 0B       		.uleb128 0xb
 604 01f9 0C       		.byte	0xc
 605 01fa 03       		.byte	0x3
 606 01fb 9402     		.2byte	0x294
 607 01fd 27020000 		.4byte	0x227
 608 0201 0F       		.uleb128 0xf
 609 0202 6300     		.ascii	"c\000"
 610 0204 03       		.byte	0x3
 611 0205 9602     		.2byte	0x296
 612 0207 4D010000 		.4byte	0x14d
 613 020b 00       		.byte	0
 614 020c 0C       		.uleb128 0xc
 615 020d 46060000 		.4byte	.LASF40
 616 0211 03       		.byte	0x3
 617 0212 9802     		.2byte	0x298
 618 0214 35010000 		.4byte	0x135
 619 0218 04       		.byte	0x4
 620 0219 0C       		.uleb128 0xc
 621 021a 95020000 		.4byte	.LASF41
 622 021e 03       		.byte	0x3
 623 021f 9A02     		.2byte	0x29a
 624 0221 EC010000 		.4byte	0x1ec
 625 0225 08       		.byte	0x8
 626 0226 00       		.byte	0
 627 0227 0A       		.uleb128 0xa
 628 0228 A2000000 		.4byte	.LASF42
 629 022c 03       		.byte	0x3
 630 022d 9B02     		.2byte	0x29b
 631 022f F8010000 		.4byte	0x1f8
 632 0233 0B       		.uleb128 0xb
 633 0234 10       		.byte	0x10
 634 0235 03       		.byte	0x3
 635 0236 9F02     		.2byte	0x29f
 636 0238 71020000 		.4byte	0x271
 637 023c 0C       		.uleb128 0xc
 638 023d E4030000 		.4byte	.LASF43
 639 0241 03       		.byte	0x3
 640 0242 A002     		.2byte	0x2a0
 641 0244 D6000000 		.4byte	0xd6
 642 0248 00       		.byte	0
 643 0249 0C       		.uleb128 0xc
 644 024a 75070000 		.4byte	.LASF44
 645 024e 03       		.byte	0x3
 646 024f A102     		.2byte	0x2a1
 647 0251 29010000 		.4byte	0x129
 648 0255 04       		.byte	0x4
 649 0256 0C       		.uleb128 0xc
 650 0257 75000000 		.4byte	.LASF45
 651 025b 03       		.byte	0x3
 652 025c A202     		.2byte	0x2a2
 653 025e 29010000 		.4byte	0x129
 654 0262 08       		.byte	0x8
ARM GAS  C:\Users\aditi\AppData\Local\Temp\ccUgy4tW.s 			page 13


 655 0263 0C       		.uleb128 0xc
 656 0264 00000000 		.4byte	.LASF46
 657 0268 03       		.byte	0x3
 658 0269 A302     		.2byte	0x2a3
 659 026b 35010000 		.4byte	0x135
 660 026f 0C       		.byte	0xc
 661 0270 00       		.byte	0
 662 0271 0A       		.uleb128 0xa
 663 0272 E9030000 		.4byte	.LASF47
 664 0276 03       		.byte	0x3
 665 0277 A402     		.2byte	0x2a4
 666 0279 33020000 		.4byte	0x233
 667 027d 0D       		.uleb128 0xd
 668 027e 01       		.byte	0x1
 669 027f 24000000 		.4byte	0x24
 670 0283 03       		.byte	0x3
 671 0284 A702     		.2byte	0x2a7
 672 0286 A3020000 		.4byte	0x2a3
 673 028a 0E       		.uleb128 0xe
 674 028b 06060000 		.4byte	.LASF48
 675 028f 00       		.byte	0
 676 0290 0E       		.uleb128 0xe
 677 0291 4E060000 		.4byte	.LASF49
 678 0295 01       		.byte	0x1
 679 0296 0E       		.uleb128 0xe
 680 0297 25060000 		.4byte	.LASF50
 681 029b 02       		.byte	0x2
 682 029c 0E       		.uleb128 0xe
 683 029d C8050000 		.4byte	.LASF51
 684 02a1 03       		.byte	0x3
 685 02a2 00       		.byte	0
 686 02a3 0A       		.uleb128 0xa
 687 02a4 42010000 		.4byte	.LASF52
 688 02a8 03       		.byte	0x3
 689 02a9 AC02     		.2byte	0x2ac
 690 02ab 7D020000 		.4byte	0x27d
 691 02af 0A       		.uleb128 0xa
 692 02b0 AA060000 		.4byte	.LASF53
 693 02b4 03       		.byte	0x3
 694 02b5 AF02     		.2byte	0x2af
 695 02b7 A3020000 		.4byte	0x2a3
 696 02bb 0B       		.uleb128 0xb
 697 02bc 14       		.byte	0x14
 698 02bd 03       		.byte	0x3
 699 02be B202     		.2byte	0x2b2
 700 02c0 04030000 		.4byte	0x304
 701 02c4 0C       		.uleb128 0xc
 702 02c5 80060000 		.4byte	.LASF54
 703 02c9 03       		.byte	0x3
 704 02ca B302     		.2byte	0x2b3
 705 02cc AF020000 		.4byte	0x2af
 706 02d0 00       		.byte	0
 707 02d1 0C       		.uleb128 0xc
 708 02d2 86070000 		.4byte	.LASF55
 709 02d6 03       		.byte	0x3
 710 02d7 B402     		.2byte	0x2b4
 711 02d9 11010000 		.4byte	0x111
ARM GAS  C:\Users\aditi\AppData\Local\Temp\ccUgy4tW.s 			page 14


 712 02dd 04       		.byte	0x4
 713 02de 0C       		.uleb128 0xc
 714 02df 8A050000 		.4byte	.LASF56
 715 02e3 03       		.byte	0x3
 716 02e4 B602     		.2byte	0x2b6
 717 02e6 1D010000 		.4byte	0x11d
 718 02ea 08       		.byte	0x8
 719 02eb 0F       		.uleb128 0xf
 720 02ec 6600     		.ascii	"f\000"
 721 02ee 03       		.byte	0x3
 722 02ef B802     		.2byte	0x2b8
 723 02f1 9F000000 		.4byte	0x9f
 724 02f5 0C       		.byte	0xc
 725 02f6 0C       		.uleb128 0xc
 726 02f7 9B040000 		.4byte	.LASF57
 727 02fb 03       		.byte	0x3
 728 02fc BA02     		.2byte	0x2ba
 729 02fe 4D010000 		.4byte	0x14d
 730 0302 10       		.byte	0x10
 731 0303 00       		.byte	0
 732 0304 0A       		.uleb128 0xa
 733 0305 16040000 		.4byte	.LASF58
 734 0309 03       		.byte	0x3
 735 030a BB02     		.2byte	0x2bb
 736 030c BB020000 		.4byte	0x2bb
 737 0310 0B       		.uleb128 0xb
 738 0311 04       		.byte	0x4
 739 0312 03       		.byte	0x3
 740 0313 BD02     		.2byte	0x2bd
 741 0315 27030000 		.4byte	0x327
 742 0319 0C       		.uleb128 0xc
 743 031a 66030000 		.4byte	.LASF59
 744 031e 03       		.byte	0x3
 745 031f BF02     		.2byte	0x2bf
 746 0321 41010000 		.4byte	0x141
 747 0325 00       		.byte	0
 748 0326 00       		.byte	0
 749 0327 0A       		.uleb128 0xa
 750 0328 35020000 		.4byte	.LASF60
 751 032c 03       		.byte	0x3
 752 032d C402     		.2byte	0x2c4
 753 032f 10030000 		.4byte	0x310
 754 0333 10       		.uleb128 0x10
 755 0334 7B020000 		.4byte	.LASF62
 756 0338 08       		.byte	0x8
 757 0339 03       		.byte	0x3
 758 033a 0E04     		.2byte	0x40e
 759 033c 5A030000 		.4byte	0x35a
 760 0340 0F       		.uleb128 0xf
 761 0341 6E7400   		.ascii	"nt\000"
 762 0344 03       		.byte	0x3
 763 0345 0F04     		.2byte	0x40f
 764 0347 B5000000 		.4byte	0xb5
 765 034b 00       		.byte	0
 766 034c 0C       		.uleb128 0xc
 767 034d 8C060000 		.4byte	.LASF63
 768 0351 03       		.byte	0x3
ARM GAS  C:\Users\aditi\AppData\Local\Temp\ccUgy4tW.s 			page 15


 769 0352 1004     		.2byte	0x410
 770 0354 6A030000 		.4byte	0x36a
 771 0358 04       		.byte	0x4
 772 0359 00       		.byte	0
 773 035a 11       		.uleb128 0x11
 774 035b 65030000 		.4byte	0x365
 775 035f 65030000 		.4byte	0x365
 776 0363 12       		.uleb128 0x12
 777 0364 00       		.byte	0
 778 0365 13       		.uleb128 0x13
 779 0366 E1000000 		.4byte	0xe1
 780 036a 06       		.uleb128 0x6
 781 036b 04       		.byte	0x4
 782 036c 5A030000 		.4byte	0x35a
 783 0370 11       		.uleb128 0x11
 784 0371 65030000 		.4byte	0x365
 785 0375 80030000 		.4byte	0x380
 786 0379 14       		.uleb128 0x14
 787 037a 80030000 		.4byte	0x380
 788 037e 00       		.byte	0
 789 037f 00       		.byte	0
 790 0380 02       		.uleb128 0x2
 791 0381 04       		.byte	0x4
 792 0382 07       		.byte	0x7
 793 0383 A4030000 		.4byte	.LASF64
 794 0387 15       		.uleb128 0x15
 795 0388 F1000000 		.4byte	.LASF115
 796 038c 05       		.byte	0x5
 797 038d 6507     		.2byte	0x765
 798 038f 99030000 		.4byte	0x399
 799 0393 05       		.uleb128 0x5
 800 0394 03       		.byte	0x3
 801 0395 08000000 		.4byte	EE_oo_autostart_task_mode_OSDEFAULTAPPMODE
 802 0399 13       		.uleb128 0x13
 803 039a 70030000 		.4byte	0x370
 804 039e 11       		.uleb128 0x11
 805 039f AE030000 		.4byte	0x3ae
 806 03a3 AE030000 		.4byte	0x3ae
 807 03a7 14       		.uleb128 0x14
 808 03a8 80030000 		.4byte	0x380
 809 03ac 04       		.byte	0x4
 810 03ad 00       		.byte	0
 811 03ae 13       		.uleb128 0x13
 812 03af AA000000 		.4byte	0xaa
 813 03b3 16       		.uleb128 0x16
 814 03b4 5E060000 		.4byte	.LASF65
 815 03b8 05       		.byte	0x5
 816 03b9 D2       		.byte	0xd2
 817 03ba C4030000 		.4byte	0x3c4
 818 03be 05       		.uleb128 0x5
 819 03bf 03       		.byte	0x3
 820 03c0 00000000 		.4byte	EE_hal_thread_body
 821 03c4 13       		.uleb128 0x13
 822 03c5 9E030000 		.4byte	0x39e
 823 03c9 11       		.uleb128 0x11
 824 03ca D9030000 		.4byte	0x3d9
 825 03ce D9030000 		.4byte	0x3d9
ARM GAS  C:\Users\aditi\AppData\Local\Temp\ccUgy4tW.s 			page 16


 826 03d2 14       		.uleb128 0x14
 827 03d3 80030000 		.4byte	0x380
 828 03d7 05       		.byte	0x5
 829 03d8 00       		.byte	0
 830 03d9 13       		.uleb128 0x13
 831 03da B5000000 		.4byte	0xb5
 832 03de 16       		.uleb128 0x16
 833 03df B6050000 		.4byte	.LASF66
 834 03e3 05       		.byte	0x5
 835 03e4 71       		.byte	0x71
 836 03e5 EF030000 		.4byte	0x3ef
 837 03e9 05       		.uleb128 0x5
 838 03ea 03       		.byte	0x3
 839 03eb 00000000 		.4byte	EE_std_thread_tos
 840 03ef 13       		.uleb128 0x13
 841 03f0 C9030000 		.4byte	0x3c9
 842 03f4 11       		.uleb128 0x11
 843 03f5 80000000 		.4byte	0x80
 844 03f9 04040000 		.4byte	0x404
 845 03fd 14       		.uleb128 0x14
 846 03fe 80030000 		.4byte	0x380
 847 0402 04       		.byte	0x4
 848 0403 00       		.byte	0
 849 0404 16       		.uleb128 0x16
 850 0405 0E070000 		.4byte	.LASF67
 851 0409 05       		.byte	0x5
 852 040a ED       		.byte	0xed
 853 040b F4030000 		.4byte	0x3f4
 854 040f 05       		.uleb128 0x5
 855 0410 03       		.byte	0x3
 856 0411 00000000 		.4byte	EE_terminate_data
 857 0415 16       		.uleb128 0x16
 858 0416 81040000 		.4byte	.LASF68
 859 041a 05       		.byte	0x5
 860 041b F0       		.byte	0xf0
 861 041c 26040000 		.4byte	0x426
 862 0420 05       		.uleb128 0x5
 863 0421 03       		.byte	0x3
 864 0422 00000000 		.4byte	EE_terminate_real_th_body
 865 0426 13       		.uleb128 0x13
 866 0427 9E030000 		.4byte	0x39e
 867 042b 11       		.uleb128 0x11
 868 042c EC000000 		.4byte	0xec
 869 0430 3B040000 		.4byte	0x43b
 870 0434 14       		.uleb128 0x14
 871 0435 80030000 		.4byte	0x380
 872 0439 01       		.byte	0x1
 873 043a 00       		.byte	0
 874 043b 16       		.uleb128 0x16
 875 043c 47040000 		.4byte	.LASF69
 876 0440 05       		.byte	0x5
 877 0441 8D       		.byte	0x8d
 878 0442 2B040000 		.4byte	0x42b
 879 0446 05       		.uleb128 0x5
 880 0447 03       		.byte	0x3
 881 0448 00000000 		.4byte	EE_cortex_mx_system_tos
 882 044c 16       		.uleb128 0x16
ARM GAS  C:\Users\aditi\AppData\Local\Temp\ccUgy4tW.s 			page 17


 883 044d 82010000 		.4byte	.LASF70
 884 0451 05       		.byte	0x5
 885 0452 A9       		.byte	0xa9
 886 0453 B5000000 		.4byte	0xb5
 887 0457 05       		.uleb128 0x5
 888 0458 03       		.byte	0x3
 889 0459 00000000 		.4byte	EE_cortex_mx_active_tos
 890 045d 11       		.uleb128 0x11
 891 045e D9030000 		.4byte	0x3d9
 892 0462 6D040000 		.4byte	0x46d
 893 0466 14       		.uleb128 0x14
 894 0467 80030000 		.4byte	0x380
 895 046b 04       		.byte	0x4
 896 046c 00       		.byte	0
 897 046d 17       		.uleb128 0x17
 898 046e 15060000 		.4byte	.LASF71
 899 0472 05       		.byte	0x5
 900 0473 E202     		.2byte	0x2e2
 901 0475 7F040000 		.4byte	0x47f
 902 0479 05       		.uleb128 0x5
 903 047a 03       		.byte	0x3
 904 047b 00000000 		.4byte	EE_th_rnact_max
 905 047f 13       		.uleb128 0x13
 906 0480 5D040000 		.4byte	0x45d
 907 0484 17       		.uleb128 0x17
 908 0485 B9060000 		.4byte	.LASF72
 909 0489 05       		.byte	0x5
 910 048a 0C01     		.2byte	0x10c
 911 048c 96040000 		.4byte	0x496
 912 0490 05       		.uleb128 0x5
 913 0491 03       		.byte	0x3
 914 0492 00000000 		.4byte	EE_th_ready_prio
 915 0496 13       		.uleb128 0x13
 916 0497 5D040000 		.4byte	0x45d
 917 049b 17       		.uleb128 0x17
 918 049c 07030000 		.4byte	.LASF73
 919 04a0 05       		.byte	0x5
 920 04a1 4502     		.2byte	0x245
 921 04a3 AD040000 		.4byte	0x4ad
 922 04a7 05       		.uleb128 0x5
 923 04a8 03       		.byte	0x3
 924 04a9 00000000 		.4byte	EE_th_dispatch_prio
 925 04ad 13       		.uleb128 0x13
 926 04ae 5D040000 		.4byte	0x45d
 927 04b2 11       		.uleb128 0x11
 928 04b3 C2040000 		.4byte	0x4c2
 929 04b7 C2040000 		.4byte	0x4c2
 930 04bb 14       		.uleb128 0x14
 931 04bc 80030000 		.4byte	0x380
 932 04c0 04       		.byte	0x4
 933 04c1 00       		.byte	0
 934 04c2 06       		.uleb128 0x6
 935 04c3 04       		.byte	0x4
 936 04c4 CF040000 		.4byte	0x4cf
 937 04c8 02       		.uleb128 0x2
 938 04c9 01       		.byte	0x1
 939 04ca 08       		.byte	0x8
ARM GAS  C:\Users\aditi\AppData\Local\Temp\ccUgy4tW.s 			page 18


 940 04cb 01060000 		.4byte	.LASF74
 941 04cf 13       		.uleb128 0x13
 942 04d0 C8040000 		.4byte	0x4c8
 943 04d4 17       		.uleb128 0x17
 944 04d5 D8040000 		.4byte	.LASF75
 945 04d9 05       		.byte	0x5
 946 04da 2801     		.2byte	0x128
 947 04dc B2040000 		.4byte	0x4b2
 948 04e0 05       		.uleb128 0x5
 949 04e1 03       		.byte	0x3
 950 04e2 00000000 		.4byte	EE_TASK_NAME
 951 04e6 11       		.uleb128 0x11
 952 04e7 C2040000 		.4byte	0x4c2
 953 04eb F6040000 		.4byte	0x4f6
 954 04ef 14       		.uleb128 0x14
 955 04f0 80030000 		.4byte	0x380
 956 04f4 00       		.byte	0
 957 04f5 00       		.byte	0
 958 04f6 17       		.uleb128 0x17
 959 04f7 67010000 		.4byte	.LASF76
 960 04fb 05       		.byte	0x5
 961 04fc 8101     		.2byte	0x181
 962 04fe E6040000 		.4byte	0x4e6
 963 0502 05       		.uleb128 0x5
 964 0503 03       		.byte	0x3
 965 0504 00000000 		.4byte	EE_EVENT_NAME
 966 0508 11       		.uleb128 0x11
 967 0509 C2040000 		.4byte	0x4c2
 968 050d 18050000 		.4byte	0x518
 969 0511 14       		.uleb128 0x14
 970 0512 80030000 		.4byte	0x380
 971 0516 01       		.byte	0x1
 972 0517 00       		.byte	0
 973 0518 17       		.uleb128 0x17
 974 0519 4A020000 		.4byte	.LASF77
 975 051d 05       		.byte	0x5
 976 051e 3D06     		.2byte	0x63d
 977 0520 08050000 		.4byte	0x508
 978 0524 05       		.uleb128 0x5
 979 0525 03       		.byte	0x3
 980 0526 00000000 		.4byte	EE_ALARM_NAME
 981 052a 11       		.uleb128 0x11
 982 052b 3A050000 		.4byte	0x53a
 983 052f 3A050000 		.4byte	0x53a
 984 0533 14       		.uleb128 0x14
 985 0534 80030000 		.4byte	0x380
 986 0538 00       		.byte	0
 987 0539 00       		.byte	0
 988 053a 13       		.uleb128 0x13
 989 053b 40000000 		.4byte	0x40
 990 053f 17       		.uleb128 0x17
 991 0540 B1010000 		.4byte	.LASF78
 992 0544 05       		.byte	0x5
 993 0545 E201     		.2byte	0x1e2
 994 0547 51050000 		.4byte	0x551
 995 054b 05       		.uleb128 0x5
 996 054c 03       		.byte	0x3
ARM GAS  C:\Users\aditi\AppData\Local\Temp\ccUgy4tW.s 			page 19


 997 054d 00000000 		.4byte	EE_EVENT_ID
 998 0551 13       		.uleb128 0x13
 999 0552 2A050000 		.4byte	0x52a
 1000 0556 11       		.uleb128 0x11
 1001 0557 3A050000 		.4byte	0x53a
 1002 055b 66050000 		.4byte	0x566
 1003 055f 14       		.uleb128 0x14
 1004 0560 80030000 		.4byte	0x380
 1005 0564 01       		.byte	0x1
 1006 0565 00       		.byte	0
 1007 0566 17       		.uleb128 0x17
 1008 0567 1C010000 		.4byte	.LASF79
 1009 056b 05       		.byte	0x5
 1010 056c 5906     		.2byte	0x659
 1011 056e 78050000 		.4byte	0x578
 1012 0572 05       		.uleb128 0x5
 1013 0573 03       		.byte	0x3
 1014 0574 00000000 		.4byte	EE_ALARM_ID
 1015 0578 13       		.uleb128 0x13
 1016 0579 56050000 		.4byte	0x556
 1017 057d 11       		.uleb128 0x11
 1018 057e B5000000 		.4byte	0xb5
 1019 0582 8D050000 		.4byte	0x58d
 1020 0586 14       		.uleb128 0x14
 1021 0587 80030000 		.4byte	0x380
 1022 058b 04       		.byte	0x4
 1023 058c 00       		.byte	0
 1024 058d 17       		.uleb128 0x17
 1025 058e E4020000 		.4byte	.LASF80
 1026 0592 05       		.byte	0x5
 1027 0593 8102     		.2byte	0x281
 1028 0595 7D050000 		.4byte	0x57d
 1029 0599 05       		.uleb128 0x5
 1030 059a 03       		.byte	0x3
 1031 059b 00000000 		.4byte	EE_th_status
 1032 059f 11       		.uleb128 0x11
 1033 05a0 E1000000 		.4byte	0xe1
 1034 05a4 AF050000 		.4byte	0x5af
 1035 05a8 14       		.uleb128 0x14
 1036 05a9 80030000 		.4byte	0x380
 1037 05ad 04       		.byte	0x4
 1038 05ae 00       		.byte	0
 1039 05af 17       		.uleb128 0x17
 1040 05b0 76040000 		.4byte	.LASF81
 1041 05b4 05       		.byte	0x5
 1042 05b5 9D02     		.2byte	0x29d
 1043 05b7 9F050000 		.4byte	0x59f
 1044 05bb 05       		.uleb128 0x5
 1045 05bc 03       		.byte	0x3
 1046 05bd 00000000 		.4byte	EE_th_next
 1047 05c1 17       		.uleb128 0x17
 1048 05c2 CA060000 		.4byte	.LASF82
 1049 05c6 05       		.byte	0x5
 1050 05c7 C702     		.2byte	0x2c7
 1051 05c9 7D050000 		.4byte	0x57d
 1052 05cd 05       		.uleb128 0x5
 1053 05ce 03       		.byte	0x3
ARM GAS  C:\Users\aditi\AppData\Local\Temp\ccUgy4tW.s 			page 20


 1054 05cf 00000000 		.4byte	EE_th_rnact
 1055 05d3 17       		.uleb128 0x17
 1056 05d4 05000000 		.4byte	.LASF83
 1057 05d8 05       		.byte	0x5
 1058 05d9 7703     		.2byte	0x377
 1059 05db 9F050000 		.4byte	0x59f
 1060 05df 05       		.uleb128 0x5
 1061 05e0 03       		.byte	0x3
 1062 05e1 00000000 		.4byte	EE_th_terminate_nextask
 1063 05e5 17       		.uleb128 0x17
 1064 05e6 26000000 		.4byte	.LASF84
 1065 05ea 05       		.byte	0x5
 1066 05eb B902     		.2byte	0x2b9
 1067 05ed E1000000 		.4byte	0xe1
 1068 05f1 05       		.uleb128 0x5
 1069 05f2 03       		.byte	0x3
 1070 05f3 00000000 		.4byte	EE_stkfirst
 1071 05f7 17       		.uleb128 0x17
 1072 05f8 71060000 		.4byte	.LASF85
 1073 05fc 05       		.byte	0x5
 1074 05fd BC02     		.2byte	0x2bc
 1075 05ff B5000000 		.4byte	0xb5
 1076 0603 05       		.uleb128 0x5
 1077 0604 03       		.byte	0x3
 1078 0605 00000000 		.4byte	EE_sys_ceiling
 1079 0609 17       		.uleb128 0x17
 1080 060a C4030000 		.4byte	.LASF86
 1081 060e 05       		.byte	0x5
 1082 060f FD02     		.2byte	0x2fd
 1083 0611 7D050000 		.4byte	0x57d
 1084 0615 05       		.uleb128 0x5
 1085 0616 03       		.byte	0x3
 1086 0617 00000000 		.4byte	EE_rq_link
 1087 061b 11       		.uleb128 0x11
 1088 061c C0000000 		.4byte	0xc0
 1089 0620 2B060000 		.4byte	0x62b
 1090 0624 14       		.uleb128 0x14
 1091 0625 80030000 		.4byte	0x380
 1092 0629 0F       		.byte	0xf
 1093 062a 00       		.byte	0
 1094 062b 17       		.uleb128 0x17
 1095 062c C6010000 		.4byte	.LASF87
 1096 0630 05       		.byte	0x5
 1097 0631 BF02     		.2byte	0x2bf
 1098 0633 1B060000 		.4byte	0x61b
 1099 0637 05       		.uleb128 0x5
 1100 0638 03       		.byte	0x3
 1101 0639 00000000 		.4byte	EE_rq_queues_head
 1102 063d 17       		.uleb128 0x17
 1103 063e A4050000 		.4byte	.LASF88
 1104 0642 05       		.byte	0x5
 1105 0643 C102     		.2byte	0x2c1
 1106 0645 1B060000 		.4byte	0x61b
 1107 0649 05       		.uleb128 0x5
 1108 064a 03       		.byte	0x3
 1109 064b 00000000 		.4byte	EE_rq_queues_tail
 1110 064f 11       		.uleb128 0x11
ARM GAS  C:\Users\aditi\AppData\Local\Temp\ccUgy4tW.s 			page 21


 1111 0650 C0000000 		.4byte	0xc0
 1112 0654 5F060000 		.4byte	0x65f
 1113 0658 14       		.uleb128 0x14
 1114 0659 80030000 		.4byte	0x380
 1115 065d 04       		.byte	0x4
 1116 065e 00       		.byte	0
 1117 065f 17       		.uleb128 0x17
 1118 0660 C0000000 		.4byte	.LASF89
 1119 0664 05       		.byte	0x5
 1120 0665 1B03     		.2byte	0x31b
 1121 0667 4F060000 		.4byte	0x64f
 1122 066b 05       		.uleb128 0x5
 1123 066c 03       		.byte	0x3
 1124 066d 00000000 		.4byte	EE_rq_pairs_next
 1125 0671 17       		.uleb128 0x17
 1126 0672 D6060000 		.4byte	.LASF90
 1127 0676 05       		.byte	0x5
 1128 0677 7003     		.2byte	0x370
 1129 0679 9F050000 		.4byte	0x59f
 1130 067d 05       		.uleb128 0x5
 1131 067e 03       		.byte	0x3
 1132 067f 00000000 		.4byte	EE_rq_pairs_tid
 1133 0683 17       		.uleb128 0x17
 1134 0684 DB050000 		.4byte	.LASF91
 1135 0688 05       		.byte	0x5
 1136 0689 C402     		.2byte	0x2c4
 1137 068b 05010000 		.4byte	0x105
 1138 068f 05       		.uleb128 0x5
 1139 0690 03       		.byte	0x3
 1140 0691 00000000 		.4byte	EE_rq_bitmask
 1141 0695 17       		.uleb128 0x17
 1142 0696 B9030000 		.4byte	.LASF92
 1143 069a 05       		.byte	0x5
 1144 069b 7303     		.2byte	0x373
 1145 069d C0000000 		.4byte	0xc0
 1146 06a1 05       		.uleb128 0x5
 1147 06a2 03       		.byte	0x3
 1148 06a3 00000000 		.4byte	EE_rq_free
 1149 06a7 17       		.uleb128 0x17
 1150 06a8 62070000 		.4byte	.LASF93
 1151 06ac 05       		.byte	0x5
 1152 06ad 9A03     		.2byte	0x39a
 1153 06af 7D050000 		.4byte	0x57d
 1154 06b3 05       		.uleb128 0x5
 1155 06b4 03       		.byte	0x3
 1156 06b5 00000000 		.4byte	EE_th_event_active
 1157 06b9 17       		.uleb128 0x17
 1158 06ba AE040000 		.4byte	.LASF94
 1159 06be 05       		.byte	0x5
 1160 06bf B603     		.2byte	0x3b6
 1161 06c1 7D050000 		.4byte	0x57d
 1162 06c5 05       		.uleb128 0x5
 1163 06c6 03       		.byte	0x3
 1164 06c7 00000000 		.4byte	EE_th_event_waitmask
 1165 06cb 11       		.uleb128 0x11
 1166 06cc D6000000 		.4byte	0xd6
 1167 06d0 DB060000 		.4byte	0x6db
ARM GAS  C:\Users\aditi\AppData\Local\Temp\ccUgy4tW.s 			page 22


 1168 06d4 14       		.uleb128 0x14
 1169 06d5 80030000 		.4byte	0x380
 1170 06d9 04       		.byte	0x4
 1171 06da 00       		.byte	0
 1172 06db 17       		.uleb128 0x17
 1173 06dc 6A020000 		.4byte	.LASF95
 1174 06e0 05       		.byte	0x5
 1175 06e1 D203     		.2byte	0x3d2
 1176 06e3 CB060000 		.4byte	0x6cb
 1177 06e7 05       		.uleb128 0x5
 1178 06e8 03       		.byte	0x3
 1179 06e9 00000000 		.4byte	EE_th_waswaiting
 1180 06ed 17       		.uleb128 0x17
 1181 06ee 9A070000 		.4byte	.LASF96
 1182 06f2 05       		.byte	0x5
 1183 06f3 EE03     		.2byte	0x3ee
 1184 06f5 FF060000 		.4byte	0x6ff
 1185 06f9 05       		.uleb128 0x5
 1186 06fa 03       		.byte	0x3
 1187 06fb 00000000 		.4byte	EE_th_is_extended
 1188 06ff 13       		.uleb128 0x13
 1189 0700 5D040000 		.4byte	0x45d
 1190 0704 11       		.uleb128 0x11
 1191 0705 14070000 		.4byte	0x714
 1192 0709 14070000 		.4byte	0x714
 1193 070d 14       		.uleb128 0x14
 1194 070e 80030000 		.4byte	0x380
 1195 0712 00       		.byte	0
 1196 0713 00       		.byte	0
 1197 0714 13       		.uleb128 0x13
 1198 0715 8A010000 		.4byte	0x18a
 1199 0719 17       		.uleb128 0x17
 1200 071a 07040000 		.4byte	.LASF97
 1201 071e 05       		.byte	0x5
 1202 071f FF05     		.2byte	0x5ff
 1203 0721 2B070000 		.4byte	0x72b
 1204 0725 05       		.uleb128 0x5
 1205 0726 03       		.byte	0x3
 1206 0727 00000000 		.4byte	EE_counter_ROM
 1207 072b 13       		.uleb128 0x13
 1208 072c 04070000 		.4byte	0x704
 1209 0730 11       		.uleb128 0x11
 1210 0731 40070000 		.4byte	0x740
 1211 0735 40070000 		.4byte	0x740
 1212 0739 14       		.uleb128 0x14
 1213 073a 80030000 		.4byte	0x380
 1214 073e 01       		.byte	0x1
 1215 073f 00       		.byte	0
 1216 0740 13       		.uleb128 0x13
 1217 0741 27020000 		.4byte	0x227
 1218 0745 17       		.uleb128 0x17
 1219 0746 4D030000 		.4byte	.LASF98
 1220 074a 05       		.byte	0x5
 1221 074b 9606     		.2byte	0x696
 1222 074d 57070000 		.4byte	0x757
 1223 0751 05       		.uleb128 0x5
 1224 0752 03       		.byte	0x3
ARM GAS  C:\Users\aditi\AppData\Local\Temp\ccUgy4tW.s 			page 23


 1225 0753 00000000 		.4byte	EE_oo_counter_object_ROM
 1226 0757 13       		.uleb128 0x13
 1227 0758 30070000 		.4byte	0x730
 1228 075c 11       		.uleb128 0x11
 1229 075d 6C070000 		.4byte	0x76c
 1230 0761 6C070000 		.4byte	0x76c
 1231 0765 14       		.uleb128 0x14
 1232 0766 80030000 		.4byte	0x380
 1233 076a 01       		.byte	0x1
 1234 076b 00       		.byte	0
 1235 076c 13       		.uleb128 0x13
 1236 076d 04030000 		.4byte	0x304
 1237 0771 17       		.uleb128 0x17
 1238 0772 83030000 		.4byte	.LASF99
 1239 0776 05       		.byte	0x5
 1240 0777 BA06     		.2byte	0x6ba
 1241 0779 83070000 		.4byte	0x783
 1242 077d 05       		.uleb128 0x5
 1243 077e 03       		.byte	0x3
 1244 077f 00000000 		.4byte	EE_oo_action_ROM
 1245 0783 13       		.uleb128 0x13
 1246 0784 5C070000 		.4byte	0x75c
 1247 0788 11       		.uleb128 0x11
 1248 0789 98070000 		.4byte	0x798
 1249 078d 98070000 		.4byte	0x798
 1250 0791 14       		.uleb128 0x14
 1251 0792 80030000 		.4byte	0x380
 1252 0796 01       		.byte	0x1
 1253 0797 00       		.byte	0
 1254 0798 13       		.uleb128 0x13
 1255 0799 27030000 		.4byte	0x327
 1256 079d 17       		.uleb128 0x17
 1257 079e 75010000 		.4byte	.LASF100
 1258 07a2 05       		.byte	0x5
 1259 07a3 2006     		.2byte	0x620
 1260 07a5 AF070000 		.4byte	0x7af
 1261 07a9 05       		.uleb128 0x5
 1262 07aa 03       		.byte	0x3
 1263 07ab 00000000 		.4byte	EE_alarm_ROM
 1264 07af 13       		.uleb128 0x13
 1265 07b0 88070000 		.4byte	0x788
 1266 07b4 11       		.uleb128 0x11
 1267 07b5 BA010000 		.4byte	0x1ba
 1268 07b9 C4070000 		.4byte	0x7c4
 1269 07bd 14       		.uleb128 0x14
 1270 07be 80030000 		.4byte	0x380
 1271 07c2 00       		.byte	0
 1272 07c3 00       		.byte	0
 1273 07c4 17       		.uleb128 0x17
 1274 07c5 37060000 		.4byte	.LASF101
 1275 07c9 05       		.byte	0x5
 1276 07ca 0C06     		.2byte	0x60c
 1277 07cc B4070000 		.4byte	0x7b4
 1278 07d0 05       		.uleb128 0x5
 1279 07d1 03       		.byte	0x3
 1280 07d2 00000000 		.4byte	EE_counter_RAM
 1281 07d6 11       		.uleb128 0x11
ARM GAS  C:\Users\aditi\AppData\Local\Temp\ccUgy4tW.s 			page 24


 1282 07d7 71020000 		.4byte	0x271
 1283 07db E6070000 		.4byte	0x7e6
 1284 07df 14       		.uleb128 0x14
 1285 07e0 80030000 		.4byte	0x380
 1286 07e4 01       		.byte	0x1
 1287 07e5 00       		.byte	0
 1288 07e6 17       		.uleb128 0x17
 1289 07e7 91060000 		.4byte	.LASF102
 1290 07eb 05       		.byte	0x5
 1291 07ec B106     		.2byte	0x6b1
 1292 07ee D6070000 		.4byte	0x7d6
 1293 07f2 05       		.uleb128 0x5
 1294 07f3 03       		.byte	0x3
 1295 07f4 00000000 		.4byte	EE_oo_counter_object_RAM
 1296 07f8 11       		.uleb128 0x11
 1297 07f9 08080000 		.4byte	0x808
 1298 07fd 08080000 		.4byte	0x808
 1299 0801 14       		.uleb128 0x14
 1300 0802 80030000 		.4byte	0x380
 1301 0806 00       		.byte	0
 1302 0807 00       		.byte	0
 1303 0808 13       		.uleb128 0x13
 1304 0809 33030000 		.4byte	0x333
 1305 080d 17       		.uleb128 0x17
 1306 080e B4070000 		.4byte	.LASF103
 1307 0812 05       		.byte	0x5
 1308 0813 9607     		.2byte	0x796
 1309 0815 1F080000 		.4byte	0x81f
 1310 0819 05       		.uleb128 0x5
 1311 081a 03       		.byte	0x3
 1312 081b 00000000 		.4byte	EE_oo_autostart_task_data
 1313 081f 13       		.uleb128 0x13
 1314 0820 F8070000 		.4byte	0x7f8
 1315 0824 18       		.uleb128 0x18
 1316 0825 AD020000 		.4byte	.LASF104
 1317 0829 06       		.byte	0x6
 1318 082a 40       		.byte	0x40
 1319 082b B5000000 		.4byte	0xb5
 1320 082f 18       		.uleb128 0x18
 1321 0830 D8010000 		.4byte	.LASF105
 1322 0834 06       		.byte	0x6
 1323 0835 47       		.byte	0x47
 1324 0836 CB000000 		.4byte	0xcb
 1325 083a 17       		.uleb128 0x17
 1326 083b 70030000 		.4byte	.LASF106
 1327 083f 05       		.byte	0x5
 1328 0840 5C07     		.2byte	0x75c
 1329 0842 B5000000 		.4byte	0xb5
 1330 0846 05       		.uleb128 0x5
 1331 0847 03       		.byte	0x3
 1332 0848 00000000 		.4byte	EE_ApplicationMode
 1333 084c 18       		.uleb128 0x18
 1334 084d F1010000 		.4byte	.LASF107
 1335 0851 07       		.byte	0x7
 1336 0852 48       		.byte	0x48
 1337 0853 E1000000 		.4byte	0xe1
 1338 0857 18       		.uleb128 0x18
ARM GAS  C:\Users\aditi\AppData\Local\Temp\ccUgy4tW.s 			page 25


 1339 0858 E6060000 		.4byte	.LASF108
 1340 085c 08       		.byte	0x8
 1341 085d 44       		.byte	0x44
 1342 085e B5000000 		.4byte	0xb5
 1343 0862 16       		.uleb128 0x16
 1344 0863 49000000 		.4byte	.LASF109
 1345 0867 05       		.byte	0x5
 1346 0868 AD       		.byte	0xad
 1347 0869 EC000000 		.4byte	0xec
 1348 086d 05       		.uleb128 0x5
 1349 086e 03       		.byte	0x3
 1350 086f 00000000 		.4byte	EE_cortex_mx_IRQ_tos
 1351 0873 11       		.uleb128 0x11
 1352 0874 55000000 		.4byte	0x55
 1353 0878 84080000 		.4byte	0x884
 1354 087c 19       		.uleb128 0x19
 1355 087d 80030000 		.4byte	0x380
 1356 0881 7601     		.2byte	0x176
 1357 0883 00       		.byte	0
 1358 0884 16       		.uleb128 0x16
 1359 0885 C3040000 		.4byte	.LASF110
 1360 0889 05       		.byte	0x5
 1361 088a 19       		.byte	0x19
 1362 088b 73080000 		.4byte	0x873
 1363 088f 05       		.uleb128 0x5
 1364 0890 03       		.byte	0x3
 1365 0891 00000000 		.4byte	EE_cortex_mx_stack_3
 1366 0895 11       		.uleb128 0x11
 1367 0896 55000000 		.4byte	0x55
 1368 089a A5080000 		.4byte	0x8a5
 1369 089e 14       		.uleb128 0x14
 1370 089f 80030000 		.4byte	0x380
 1371 08a3 7F       		.byte	0x7f
 1372 08a4 00       		.byte	0
 1373 08a5 16       		.uleb128 0x16
 1374 08a6 1B030000 		.4byte	.LASF111
 1375 08aa 05       		.byte	0x5
 1376 08ab 32       		.byte	0x32
 1377 08ac 95080000 		.4byte	0x895
 1378 08b0 05       		.uleb128 0x5
 1379 08b1 03       		.byte	0x3
 1380 08b2 00000000 		.4byte	EE_cortex_mx_stack_9
 1381 08b6 00       		.byte	0
 1382              		.section	.debug_abbrev,"",%progbits
 1383              	.Ldebug_abbrev0:
 1384 0000 01       		.uleb128 0x1
 1385 0001 11       		.uleb128 0x11
 1386 0002 01       		.byte	0x1
 1387 0003 25       		.uleb128 0x25
 1388 0004 0E       		.uleb128 0xe
 1389 0005 13       		.uleb128 0x13
 1390 0006 0B       		.uleb128 0xb
 1391 0007 03       		.uleb128 0x3
 1392 0008 0E       		.uleb128 0xe
 1393 0009 1B       		.uleb128 0x1b
 1394 000a 0E       		.uleb128 0xe
 1395 000b 10       		.uleb128 0x10
ARM GAS  C:\Users\aditi\AppData\Local\Temp\ccUgy4tW.s 			page 26


 1396 000c 17       		.uleb128 0x17
 1397 000d 00       		.byte	0
 1398 000e 00       		.byte	0
 1399 000f 02       		.uleb128 0x2
 1400 0010 24       		.uleb128 0x24
 1401 0011 00       		.byte	0
 1402 0012 0B       		.uleb128 0xb
 1403 0013 0B       		.uleb128 0xb
 1404 0014 3E       		.uleb128 0x3e
 1405 0015 0B       		.uleb128 0xb
 1406 0016 03       		.uleb128 0x3
 1407 0017 0E       		.uleb128 0xe
 1408 0018 00       		.byte	0
 1409 0019 00       		.byte	0
 1410 001a 03       		.uleb128 0x3
 1411 001b 24       		.uleb128 0x24
 1412 001c 00       		.byte	0
 1413 001d 0B       		.uleb128 0xb
 1414 001e 0B       		.uleb128 0xb
 1415 001f 3E       		.uleb128 0x3e
 1416 0020 0B       		.uleb128 0xb
 1417 0021 03       		.uleb128 0x3
 1418 0022 08       		.uleb128 0x8
 1419 0023 00       		.byte	0
 1420 0024 00       		.byte	0
 1421 0025 04       		.uleb128 0x4
 1422 0026 16       		.uleb128 0x16
 1423 0027 00       		.byte	0
 1424 0028 03       		.uleb128 0x3
 1425 0029 0E       		.uleb128 0xe
 1426 002a 3A       		.uleb128 0x3a
 1427 002b 0B       		.uleb128 0xb
 1428 002c 3B       		.uleb128 0x3b
 1429 002d 0B       		.uleb128 0xb
 1430 002e 49       		.uleb128 0x49
 1431 002f 13       		.uleb128 0x13
 1432 0030 00       		.byte	0
 1433 0031 00       		.byte	0
 1434 0032 05       		.uleb128 0x5
 1435 0033 0F       		.uleb128 0xf
 1436 0034 00       		.byte	0
 1437 0035 0B       		.uleb128 0xb
 1438 0036 0B       		.uleb128 0xb
 1439 0037 00       		.byte	0
 1440 0038 00       		.byte	0
 1441 0039 06       		.uleb128 0x6
 1442 003a 0F       		.uleb128 0xf
 1443 003b 00       		.byte	0
 1444 003c 0B       		.uleb128 0xb
 1445 003d 0B       		.uleb128 0xb
 1446 003e 49       		.uleb128 0x49
 1447 003f 13       		.uleb128 0x13
 1448 0040 00       		.byte	0
 1449 0041 00       		.byte	0
 1450 0042 07       		.uleb128 0x7
 1451 0043 15       		.uleb128 0x15
 1452 0044 00       		.byte	0
ARM GAS  C:\Users\aditi\AppData\Local\Temp\ccUgy4tW.s 			page 27


 1453 0045 27       		.uleb128 0x27
 1454 0046 19       		.uleb128 0x19
 1455 0047 00       		.byte	0
 1456 0048 00       		.byte	0
 1457 0049 08       		.uleb128 0x8
 1458 004a 13       		.uleb128 0x13
 1459 004b 01       		.byte	0x1
 1460 004c 03       		.uleb128 0x3
 1461 004d 0E       		.uleb128 0xe
 1462 004e 0B       		.uleb128 0xb
 1463 004f 0B       		.uleb128 0xb
 1464 0050 3A       		.uleb128 0x3a
 1465 0051 0B       		.uleb128 0xb
 1466 0052 3B       		.uleb128 0x3b
 1467 0053 0B       		.uleb128 0xb
 1468 0054 01       		.uleb128 0x1
 1469 0055 13       		.uleb128 0x13
 1470 0056 00       		.byte	0
 1471 0057 00       		.byte	0
 1472 0058 09       		.uleb128 0x9
 1473 0059 0D       		.uleb128 0xd
 1474 005a 00       		.byte	0
 1475 005b 03       		.uleb128 0x3
 1476 005c 0E       		.uleb128 0xe
 1477 005d 3A       		.uleb128 0x3a
 1478 005e 0B       		.uleb128 0xb
 1479 005f 3B       		.uleb128 0x3b
 1480 0060 0B       		.uleb128 0xb
 1481 0061 49       		.uleb128 0x49
 1482 0062 13       		.uleb128 0x13
 1483 0063 38       		.uleb128 0x38
 1484 0064 0B       		.uleb128 0xb
 1485 0065 00       		.byte	0
 1486 0066 00       		.byte	0
 1487 0067 0A       		.uleb128 0xa
 1488 0068 16       		.uleb128 0x16
 1489 0069 00       		.byte	0
 1490 006a 03       		.uleb128 0x3
 1491 006b 0E       		.uleb128 0xe
 1492 006c 3A       		.uleb128 0x3a
 1493 006d 0B       		.uleb128 0xb
 1494 006e 3B       		.uleb128 0x3b
 1495 006f 05       		.uleb128 0x5
 1496 0070 49       		.uleb128 0x49
 1497 0071 13       		.uleb128 0x13
 1498 0072 00       		.byte	0
 1499 0073 00       		.byte	0
 1500 0074 0B       		.uleb128 0xb
 1501 0075 13       		.uleb128 0x13
 1502 0076 01       		.byte	0x1
 1503 0077 0B       		.uleb128 0xb
 1504 0078 0B       		.uleb128 0xb
 1505 0079 3A       		.uleb128 0x3a
 1506 007a 0B       		.uleb128 0xb
 1507 007b 3B       		.uleb128 0x3b
 1508 007c 05       		.uleb128 0x5
 1509 007d 01       		.uleb128 0x1
ARM GAS  C:\Users\aditi\AppData\Local\Temp\ccUgy4tW.s 			page 28


 1510 007e 13       		.uleb128 0x13
 1511 007f 00       		.byte	0
 1512 0080 00       		.byte	0
 1513 0081 0C       		.uleb128 0xc
 1514 0082 0D       		.uleb128 0xd
 1515 0083 00       		.byte	0
 1516 0084 03       		.uleb128 0x3
 1517 0085 0E       		.uleb128 0xe
 1518 0086 3A       		.uleb128 0x3a
 1519 0087 0B       		.uleb128 0xb
 1520 0088 3B       		.uleb128 0x3b
 1521 0089 05       		.uleb128 0x5
 1522 008a 49       		.uleb128 0x49
 1523 008b 13       		.uleb128 0x13
 1524 008c 38       		.uleb128 0x38
 1525 008d 0B       		.uleb128 0xb
 1526 008e 00       		.byte	0
 1527 008f 00       		.byte	0
 1528 0090 0D       		.uleb128 0xd
 1529 0091 04       		.uleb128 0x4
 1530 0092 01       		.byte	0x1
 1531 0093 0B       		.uleb128 0xb
 1532 0094 0B       		.uleb128 0xb
 1533 0095 49       		.uleb128 0x49
 1534 0096 13       		.uleb128 0x13
 1535 0097 3A       		.uleb128 0x3a
 1536 0098 0B       		.uleb128 0xb
 1537 0099 3B       		.uleb128 0x3b
 1538 009a 05       		.uleb128 0x5
 1539 009b 01       		.uleb128 0x1
 1540 009c 13       		.uleb128 0x13
 1541 009d 00       		.byte	0
 1542 009e 00       		.byte	0
 1543 009f 0E       		.uleb128 0xe
 1544 00a0 28       		.uleb128 0x28
 1545 00a1 00       		.byte	0
 1546 00a2 03       		.uleb128 0x3
 1547 00a3 0E       		.uleb128 0xe
 1548 00a4 1C       		.uleb128 0x1c
 1549 00a5 0B       		.uleb128 0xb
 1550 00a6 00       		.byte	0
 1551 00a7 00       		.byte	0
 1552 00a8 0F       		.uleb128 0xf
 1553 00a9 0D       		.uleb128 0xd
 1554 00aa 00       		.byte	0
 1555 00ab 03       		.uleb128 0x3
 1556 00ac 08       		.uleb128 0x8
 1557 00ad 3A       		.uleb128 0x3a
 1558 00ae 0B       		.uleb128 0xb
 1559 00af 3B       		.uleb128 0x3b
 1560 00b0 05       		.uleb128 0x5
 1561 00b1 49       		.uleb128 0x49
 1562 00b2 13       		.uleb128 0x13
 1563 00b3 38       		.uleb128 0x38
 1564 00b4 0B       		.uleb128 0xb
 1565 00b5 00       		.byte	0
 1566 00b6 00       		.byte	0
ARM GAS  C:\Users\aditi\AppData\Local\Temp\ccUgy4tW.s 			page 29


 1567 00b7 10       		.uleb128 0x10
 1568 00b8 13       		.uleb128 0x13
 1569 00b9 01       		.byte	0x1
 1570 00ba 03       		.uleb128 0x3
 1571 00bb 0E       		.uleb128 0xe
 1572 00bc 0B       		.uleb128 0xb
 1573 00bd 0B       		.uleb128 0xb
 1574 00be 3A       		.uleb128 0x3a
 1575 00bf 0B       		.uleb128 0xb
 1576 00c0 3B       		.uleb128 0x3b
 1577 00c1 05       		.uleb128 0x5
 1578 00c2 01       		.uleb128 0x1
 1579 00c3 13       		.uleb128 0x13
 1580 00c4 00       		.byte	0
 1581 00c5 00       		.byte	0
 1582 00c6 11       		.uleb128 0x11
 1583 00c7 01       		.uleb128 0x1
 1584 00c8 01       		.byte	0x1
 1585 00c9 49       		.uleb128 0x49
 1586 00ca 13       		.uleb128 0x13
 1587 00cb 01       		.uleb128 0x1
 1588 00cc 13       		.uleb128 0x13
 1589 00cd 00       		.byte	0
 1590 00ce 00       		.byte	0
 1591 00cf 12       		.uleb128 0x12
 1592 00d0 21       		.uleb128 0x21
 1593 00d1 00       		.byte	0
 1594 00d2 00       		.byte	0
 1595 00d3 00       		.byte	0
 1596 00d4 13       		.uleb128 0x13
 1597 00d5 26       		.uleb128 0x26
 1598 00d6 00       		.byte	0
 1599 00d7 49       		.uleb128 0x49
 1600 00d8 13       		.uleb128 0x13
 1601 00d9 00       		.byte	0
 1602 00da 00       		.byte	0
 1603 00db 14       		.uleb128 0x14
 1604 00dc 21       		.uleb128 0x21
 1605 00dd 00       		.byte	0
 1606 00de 49       		.uleb128 0x49
 1607 00df 13       		.uleb128 0x13
 1608 00e0 2F       		.uleb128 0x2f
 1609 00e1 0B       		.uleb128 0xb
 1610 00e2 00       		.byte	0
 1611 00e3 00       		.byte	0
 1612 00e4 15       		.uleb128 0x15
 1613 00e5 34       		.uleb128 0x34
 1614 00e6 00       		.byte	0
 1615 00e7 03       		.uleb128 0x3
 1616 00e8 0E       		.uleb128 0xe
 1617 00e9 3A       		.uleb128 0x3a
 1618 00ea 0B       		.uleb128 0xb
 1619 00eb 3B       		.uleb128 0x3b
 1620 00ec 05       		.uleb128 0x5
 1621 00ed 49       		.uleb128 0x49
 1622 00ee 13       		.uleb128 0x13
 1623 00ef 02       		.uleb128 0x2
ARM GAS  C:\Users\aditi\AppData\Local\Temp\ccUgy4tW.s 			page 30


 1624 00f0 18       		.uleb128 0x18
 1625 00f1 00       		.byte	0
 1626 00f2 00       		.byte	0
 1627 00f3 16       		.uleb128 0x16
 1628 00f4 34       		.uleb128 0x34
 1629 00f5 00       		.byte	0
 1630 00f6 03       		.uleb128 0x3
 1631 00f7 0E       		.uleb128 0xe
 1632 00f8 3A       		.uleb128 0x3a
 1633 00f9 0B       		.uleb128 0xb
 1634 00fa 3B       		.uleb128 0x3b
 1635 00fb 0B       		.uleb128 0xb
 1636 00fc 49       		.uleb128 0x49
 1637 00fd 13       		.uleb128 0x13
 1638 00fe 3F       		.uleb128 0x3f
 1639 00ff 19       		.uleb128 0x19
 1640 0100 02       		.uleb128 0x2
 1641 0101 18       		.uleb128 0x18
 1642 0102 00       		.byte	0
 1643 0103 00       		.byte	0
 1644 0104 17       		.uleb128 0x17
 1645 0105 34       		.uleb128 0x34
 1646 0106 00       		.byte	0
 1647 0107 03       		.uleb128 0x3
 1648 0108 0E       		.uleb128 0xe
 1649 0109 3A       		.uleb128 0x3a
 1650 010a 0B       		.uleb128 0xb
 1651 010b 3B       		.uleb128 0x3b
 1652 010c 05       		.uleb128 0x5
 1653 010d 49       		.uleb128 0x49
 1654 010e 13       		.uleb128 0x13
 1655 010f 3F       		.uleb128 0x3f
 1656 0110 19       		.uleb128 0x19
 1657 0111 02       		.uleb128 0x2
 1658 0112 18       		.uleb128 0x18
 1659 0113 00       		.byte	0
 1660 0114 00       		.byte	0
 1661 0115 18       		.uleb128 0x18
 1662 0116 34       		.uleb128 0x34
 1663 0117 00       		.byte	0
 1664 0118 03       		.uleb128 0x3
 1665 0119 0E       		.uleb128 0xe
 1666 011a 3A       		.uleb128 0x3a
 1667 011b 0B       		.uleb128 0xb
 1668 011c 3B       		.uleb128 0x3b
 1669 011d 0B       		.uleb128 0xb
 1670 011e 49       		.uleb128 0x49
 1671 011f 13       		.uleb128 0x13
 1672 0120 3F       		.uleb128 0x3f
 1673 0121 19       		.uleb128 0x19
 1674 0122 3C       		.uleb128 0x3c
 1675 0123 19       		.uleb128 0x19
 1676 0124 00       		.byte	0
 1677 0125 00       		.byte	0
 1678 0126 19       		.uleb128 0x19
 1679 0127 21       		.uleb128 0x21
 1680 0128 00       		.byte	0
ARM GAS  C:\Users\aditi\AppData\Local\Temp\ccUgy4tW.s 			page 31


 1681 0129 49       		.uleb128 0x49
 1682 012a 13       		.uleb128 0x13
 1683 012b 2F       		.uleb128 0x2f
 1684 012c 05       		.uleb128 0x5
 1685 012d 00       		.byte	0
 1686 012e 00       		.byte	0
 1687 012f 00       		.byte	0
 1688              		.section	.debug_aranges,"",%progbits
 1689 0000 14000000 		.4byte	0x14
 1690 0004 0200     		.2byte	0x2
 1691 0006 00000000 		.4byte	.Ldebug_info0
 1692 000a 04       		.byte	0x4
 1693 000b 00       		.byte	0
 1694 000c 0000     		.2byte	0
 1695 000e 0000     		.2byte	0
 1696 0010 00000000 		.4byte	0
 1697 0014 00000000 		.4byte	0
 1698              		.section	.debug_line,"",%progbits
 1699              	.Ldebug_line0:
 1700 0000 28010000 		.section	.debug_str,"MS",%progbits,1
 1700      02002201 
 1700      00000201 
 1700      FB0E0D00 
 1700      01010101 
 1701              	.LASF46:
 1702 0000 6E657874 		.ascii	"next\000"
 1702      00
 1703              	.LASF83:
 1704 0005 45455F74 		.ascii	"EE_th_terminate_nextask\000"
 1704      685F7465 
 1704      726D696E 
 1704      6174655F 
 1704      6E657874 
 1705              	.LASF24:
 1706 001d 5469636B 		.ascii	"TickType\000"
 1706      54797065 
 1706      00
 1707              	.LASF84:
 1708 0026 45455F73 		.ascii	"EE_stkfirst\000"
 1708      746B6669 
 1708      72737400 
 1709              	.LASF26:
 1710 0032 41637469 		.ascii	"ActionType\000"
 1710      6F6E5479 
 1710      706500
 1711              	.LASF19:
 1712 003d 45455F54 		.ascii	"EE_TYPEBOOL\000"
 1712      59504542 
 1712      4F4F4C00 
 1713              	.LASF109:
 1714 0049 45455F63 		.ascii	"EE_cortex_mx_IRQ_tos\000"
 1714      6F727465 
 1714      785F6D78 
 1714      5F495251 
 1714      5F746F73 
 1715              	.LASF7:
 1716 005e 6C6F6E67 		.ascii	"long long unsigned int\000"
ARM GAS  C:\Users\aditi\AppData\Local\Temp\ccUgy4tW.s 			page 32


 1716      206C6F6E 
 1716      6720756E 
 1716      7369676E 
 1716      65642069 
 1717              	.LASF45:
 1718 0075 64656C74 		.ascii	"delta\000"
 1718      6100
 1719              	.LASF113:
 1720 007b 47656E65 		.ascii	"Generated_Source\\PSoC5\\ErikaOS_eecfg.c\000"
 1720      72617465 
 1720      645F536F 
 1720      75726365 
 1720      5C50536F 
 1721              	.LASF42:
 1722 00a2 45455F6F 		.ascii	"EE_oo_counter_object_ROM_type\000"
 1722      6F5F636F 
 1722      756E7465 
 1722      725F6F62 
 1722      6A656374 
 1723              	.LASF89:
 1724 00c0 45455F72 		.ascii	"EE_rq_pairs_next\000"
 1724      715F7061 
 1724      6972735F 
 1724      6E657874 
 1724      00
 1725              	.LASF22:
 1726 00d1 5461736B 		.ascii	"TaskType\000"
 1726      54797065 
 1726      00
 1727              	.LASF61:
 1728 00da 45455F54 		.ascii	"EE_TOS\000"
 1728      4F5300
 1729              	.LASF29:
 1730 00e1 6D617861 		.ascii	"maxallowedvalue\000"
 1730      6C6C6F77 
 1730      65647661 
 1730      6C756500 
 1731              	.LASF115:
 1732 00f1 45455F6F 		.ascii	"EE_oo_autostart_task_mode_OSDEFAULTAPPMODE\000"
 1732      6F5F6175 
 1732      746F7374 
 1732      6172745F 
 1732      7461736B 
 1733              	.LASF79:
 1734 011c 45455F41 		.ascii	"EE_ALARM_ID\000"
 1734      4C41524D 
 1734      5F494400 
 1735              	.LASF6:
 1736 0128 6C6F6E67 		.ascii	"long long int\000"
 1736      206C6F6E 
 1736      6720696E 
 1736      7400
 1737              	.LASF0:
 1738 0136 7369676E 		.ascii	"signed char\000"
 1738      65642063 
 1738      68617200 
 1739              	.LASF52:
ARM GAS  C:\Users\aditi\AppData\Local\Temp\ccUgy4tW.s 			page 33


 1740 0142 45455F6F 		.ascii	"EE_oo_action_kind_type\000"
 1740      6F5F6163 
 1740      74696F6E 
 1740      5F6B696E 
 1740      645F7479 
 1741              	.LASF23:
 1742 0159 4576656E 		.ascii	"EventMaskType\000"
 1742      744D6173 
 1742      6B547970 
 1742      6500
 1743              	.LASF76:
 1744 0167 45455F45 		.ascii	"EE_EVENT_NAME\000"
 1744      56454E54 
 1744      5F4E414D 
 1744      4500
 1745              	.LASF100:
 1746 0175 45455F61 		.ascii	"EE_alarm_ROM\000"
 1746      6C61726D 
 1746      5F524F4D 
 1746      00
 1747              	.LASF70:
 1748 0182 45455F63 		.ascii	"EE_cortex_mx_active_tos\000"
 1748      6F727465 
 1748      785F6D78 
 1748      5F616374 
 1748      6976655F 
 1749              	.LASF35:
 1750 019a 45455F6F 		.ascii	"EE_oo_counter_RAM_type\000"
 1750      6F5F636F 
 1750      756E7465 
 1750      725F5241 
 1750      4D5F7479 
 1751              	.LASF78:
 1752 01b1 45455F45 		.ascii	"EE_EVENT_ID\000"
 1752      56454E54 
 1752      5F494400 
 1753              	.LASF4:
 1754 01bd 6C6F6E67 		.ascii	"long int\000"
 1754      20696E74 
 1754      00
 1755              	.LASF87:
 1756 01c6 45455F72 		.ascii	"EE_rq_queues_head\000"
 1756      715F7175 
 1756      65756573 
 1756      5F686561 
 1756      6400
 1757              	.LASF105:
 1758 01d8 45455F6F 		.ascii	"EE_oo_IRQ_suspend_status\000"
 1758      6F5F4952 
 1758      515F7375 
 1758      7370656E 
 1758      645F7374 
 1759              	.LASF107:
 1760 01f1 45455F73 		.ascii	"EE_std_endcycle_next_tid\000"
 1760      74645F65 
 1760      6E646379 
 1760      636C655F 
ARM GAS  C:\Users\aditi\AppData\Local\Temp\ccUgy4tW.s 			page 34


 1760      6E657874 
 1761              	.LASF31:
 1762 020a 6D696E63 		.ascii	"mincycle\000"
 1762      79636C65 
 1762      00
 1763              	.LASF20:
 1764 0213 45455F54 		.ascii	"EE_TID\000"
 1764      494400
 1765              	.LASF33:
 1766 021a 76616C75 		.ascii	"value\000"
 1766      6500
 1767              	.LASF8:
 1768 0220 756E7369 		.ascii	"unsigned int\000"
 1768      676E6564 
 1768      20696E74 
 1768      00
 1769              	.LASF16:
 1770 022d 45455F55 		.ascii	"EE_UREG\000"
 1770      52454700 
 1771              	.LASF60:
 1772 0235 45455F6F 		.ascii	"EE_oo_alarm_ROM_type\000"
 1772      6F5F616C 
 1772      61726D5F 
 1772      524F4D5F 
 1772      74797065 
 1773              	.LASF77:
 1774 024a 45455F41 		.ascii	"EE_ALARM_NAME\000"
 1774      4C41524D 
 1774      5F4E414D 
 1774      4500
 1775              	.LASF5:
 1776 0258 6C6F6E67 		.ascii	"long unsigned int\000"
 1776      20756E73 
 1776      69676E65 
 1776      6420696E 
 1776      7400
 1777              	.LASF95:
 1778 026a 45455F74 		.ascii	"EE_th_waswaiting\000"
 1778      685F7761 
 1778      73776169 
 1778      74696E67 
 1778      00
 1779              	.LASF62:
 1780 027b 45455F6F 		.ascii	"EE_oo_autostart_task_type\000"
 1780      6F5F6175 
 1780      746F7374 
 1780      6172745F 
 1780      7461736B 
 1781              	.LASF41:
 1782 0295 6B696E64 		.ascii	"kind\000"
 1782      00
 1783              	.LASF3:
 1784 029a 73686F72 		.ascii	"short unsigned int\000"
 1784      7420756E 
 1784      7369676E 
 1784      65642069 
 1784      6E7400
ARM GAS  C:\Users\aditi\AppData\Local\Temp\ccUgy4tW.s 			page 35


 1785              	.LASF104:
 1786 02ad 45455F6F 		.ascii	"EE_oo_IRQ_disable_count\000"
 1786      6F5F4952 
 1786      515F6469 
 1786      7361626C 
 1786      655F636F 
 1787              	.LASF38:
 1788 02c5 45455F6F 		.ascii	"EE_oo_counter_object_kind_type\000"
 1788      6F5F636F 
 1788      756E7465 
 1788      725F6F62 
 1788      6A656374 
 1789              	.LASF80:
 1790 02e4 45455F74 		.ascii	"EE_th_status\000"
 1790      685F7374 
 1790      61747573 
 1790      00
 1791              	.LASF39:
 1792 02f1 436F756E 		.ascii	"CounterObjectKindType\000"
 1792      7465724F 
 1792      626A6563 
 1792      744B696E 
 1792      64547970 
 1793              	.LASF73:
 1794 0307 45455F74 		.ascii	"EE_th_dispatch_prio\000"
 1794      685F6469 
 1794      73706174 
 1794      63685F70 
 1794      72696F00 
 1795              	.LASF111:
 1796 031b 45455F63 		.ascii	"EE_cortex_mx_stack_9\000"
 1796      6F727465 
 1796      785F6D78 
 1796      5F737461 
 1796      636B5F39 
 1797              	.LASF14:
 1798 0330 45455F56 		.ascii	"EE_VOID_CALLBACK\000"
 1798      4F49445F 
 1798      43414C4C 
 1798      4241434B 
 1798      00
 1799              	.LASF27:
 1800 0341 436F756E 		.ascii	"CounterType\000"
 1800      74657254 
 1800      79706500 
 1801              	.LASF98:
 1802 034d 45455F6F 		.ascii	"EE_oo_counter_object_ROM\000"
 1802      6F5F636F 
 1802      756E7465 
 1802      725F6F62 
 1802      6A656374 
 1803              	.LASF59:
 1804 0366 61637469 		.ascii	"action_id\000"
 1804      6F6E5F69 
 1804      6400
 1805              	.LASF106:
 1806 0370 45455F41 		.ascii	"EE_ApplicationMode\000"
ARM GAS  C:\Users\aditi\AppData\Local\Temp\ccUgy4tW.s 			page 36


 1806      70706C69 
 1806      63617469 
 1806      6F6E4D6F 
 1806      646500
 1807              	.LASF99:
 1808 0383 45455F6F 		.ascii	"EE_oo_action_ROM\000"
 1808      6F5F6163 
 1808      74696F6E 
 1808      5F524F4D 
 1808      00
 1809              	.LASF21:
 1810 0394 45455F54 		.ascii	"EE_TYPE_RQ_MASK\000"
 1810      5950455F 
 1810      52515F4D 
 1810      41534B00 
 1811              	.LASF64:
 1812 03a4 73697A65 		.ascii	"sizetype\000"
 1812      74797065 
 1812      00
 1813              	.LASF9:
 1814 03ad 6C6F6E67 		.ascii	"long double\000"
 1814      20646F75 
 1814      626C6500 
 1815              	.LASF92:
 1816 03b9 45455F72 		.ascii	"EE_rq_free\000"
 1816      715F6672 
 1816      656500
 1817              	.LASF86:
 1818 03c4 45455F72 		.ascii	"EE_rq_link\000"
 1818      715F6C69 
 1818      6E6B00
 1819              	.LASF17:
 1820 03cf 45455F53 		.ascii	"EE_SREG\000"
 1820      52454700 
 1821              	.LASF30:
 1822 03d7 7469636B 		.ascii	"ticksperbase\000"
 1822      73706572 
 1822      62617365 
 1822      00
 1823              	.LASF43:
 1824 03e4 75736564 		.ascii	"used\000"
 1824      00
 1825              	.LASF47:
 1826 03e9 45455F6F 		.ascii	"EE_oo_counter_object_RAM_type\000"
 1826      6F5F636F 
 1826      756E7465 
 1826      725F6F62 
 1826      6A656374 
 1827              	.LASF97:
 1828 0407 45455F63 		.ascii	"EE_counter_ROM\000"
 1828      6F756E74 
 1828      65725F52 
 1828      4F4D00
 1829              	.LASF58:
 1830 0416 45455F6F 		.ascii	"EE_oo_action_ROM_type\000"
 1830      6F5F6163 
 1830      74696F6E 
ARM GAS  C:\Users\aditi\AppData\Local\Temp\ccUgy4tW.s 			page 37


 1830      5F524F4D 
 1830      5F747970 
 1831              	.LASF10:
 1832 042c 45455F55 		.ascii	"EE_UINT16\000"
 1832      494E5431 
 1832      3600
 1833              	.LASF37:
 1834 0436 45455F53 		.ascii	"EE_SCHEDULETABLE\000"
 1834      43484544 
 1834      554C4554 
 1834      41424C45 
 1834      00
 1835              	.LASF69:
 1836 0447 45455F63 		.ascii	"EE_cortex_mx_system_tos\000"
 1836      6F727465 
 1836      785F6D78 
 1836      5F737973 
 1836      74656D5F 
 1837              	.LASF1:
 1838 045f 756E7369 		.ascii	"unsigned char\000"
 1838      676E6564 
 1838      20636861 
 1838      7200
 1839              	.LASF36:
 1840 046d 45455F41 		.ascii	"EE_ALARM\000"
 1840      4C41524D 
 1840      00
 1841              	.LASF81:
 1842 0476 45455F74 		.ascii	"EE_th_next\000"
 1842      685F6E65 
 1842      787400
 1843              	.LASF68:
 1844 0481 45455F74 		.ascii	"EE_terminate_real_th_body\000"
 1844      65726D69 
 1844      6E617465 
 1844      5F726561 
 1844      6C5F7468 
 1845              	.LASF57:
 1846 049b 696E6363 		.ascii	"inccount\000"
 1846      6F756E74 
 1846      00
 1847              	.LASF2:
 1848 04a4 73686F72 		.ascii	"short int\000"
 1848      7420696E 
 1848      7400
 1849              	.LASF94:
 1850 04ae 45455F74 		.ascii	"EE_th_event_waitmask\000"
 1850      685F6576 
 1850      656E745F 
 1850      77616974 
 1850      6D61736B 
 1851              	.LASF110:
 1852 04c3 45455F63 		.ascii	"EE_cortex_mx_stack_3\000"
 1852      6F727465 
 1852      785F6D78 
 1852      5F737461 
 1852      636B5F33 
ARM GAS  C:\Users\aditi\AppData\Local\Temp\ccUgy4tW.s 			page 38


 1853              	.LASF75:
 1854 04d8 45455F54 		.ascii	"EE_TASK_NAME\000"
 1854      41534B5F 
 1854      4E414D45 
 1854      00
 1855              	.LASF32:
 1856 04e5 45455F6F 		.ascii	"EE_oo_counter_ROM_type\000"
 1856      6F5F636F 
 1856      756E7465 
 1856      725F524F 
 1856      4D5F7479 
 1857              	.LASF112:
 1858 04fc 474E5520 		.ascii	"GNU C11 5.4.1 20160609 (release) [ARM/embedded-5-br"
 1858      43313120 
 1858      352E342E 
 1858      31203230 
 1858      31363036 
 1859 052f 616E6368 		.ascii	"anch revision 237715] -mcpu=cortex-m3 -mthumb -g -O"
 1859      20726576 
 1859      6973696F 
 1859      6E203233 
 1859      37373135 
 1860 0562 67202D66 		.ascii	"g -ffunction-sections -ffat-lto-objects\000"
 1860      66756E63 
 1860      74696F6E 
 1860      2D736563 
 1860      74696F6E 
 1861              	.LASF56:
 1862 058a 61637469 		.ascii	"action_mask\000"
 1862      6F6E5F6D 
 1862      61736B00 
 1863              	.LASF15:
 1864 0596 45455F54 		.ascii	"EE_THREAD_PTR\000"
 1864      48524541 
 1864      445F5054 
 1864      5200
 1865              	.LASF88:
 1866 05a4 45455F72 		.ascii	"EE_rq_queues_tail\000"
 1866      715F7175 
 1866      65756573 
 1866      5F746169 
 1866      6C00
 1867              	.LASF66:
 1868 05b6 45455F73 		.ascii	"EE_std_thread_tos\000"
 1868      74645F74 
 1868      68726561 
 1868      645F746F 
 1868      7300
 1869              	.LASF51:
 1870 05c8 45455F41 		.ascii	"EE_ACTION_CALLBACK\000"
 1870      4354494F 
 1870      4E5F4341 
 1870      4C4C4241 
 1870      434B00
 1871              	.LASF91:
 1872 05db 45455F72 		.ascii	"EE_rq_bitmask\000"
 1872      715F6269 
ARM GAS  C:\Users\aditi\AppData\Local\Temp\ccUgy4tW.s 			page 39


 1872      746D6173 
 1872      6B00
 1873              	.LASF34:
 1874 05e9 66697273 		.ascii	"first\000"
 1874      7400
 1875              	.LASF25:
 1876 05ef 436F756E 		.ascii	"CounterObjectType\000"
 1876      7465724F 
 1876      626A6563 
 1876      74547970 
 1876      6500
 1877              	.LASF74:
 1878 0601 63686172 		.ascii	"char\000"
 1878      00
 1879              	.LASF48:
 1880 0606 45455F41 		.ascii	"EE_ACTION_TASK\000"
 1880      4354494F 
 1880      4E5F5441 
 1880      534B00
 1881              	.LASF71:
 1882 0615 45455F74 		.ascii	"EE_th_rnact_max\000"
 1882      685F726E 
 1882      6163745F 
 1882      6D617800 
 1883              	.LASF50:
 1884 0625 45455F41 		.ascii	"EE_ACTION_COUNTER\000"
 1884      4354494F 
 1884      4E5F434F 
 1884      554E5445 
 1884      5200
 1885              	.LASF101:
 1886 0637 45455F63 		.ascii	"EE_counter_RAM\000"
 1886      6F756E74 
 1886      65725F52 
 1886      414D00
 1887              	.LASF40:
 1888 0646 73706563 		.ascii	"spec_id\000"
 1888      5F696400 
 1889              	.LASF49:
 1890 064e 45455F41 		.ascii	"EE_ACTION_EVENT\000"
 1890      4354494F 
 1890      4E5F4556 
 1890      454E5400 
 1891              	.LASF65:
 1892 065e 45455F68 		.ascii	"EE_hal_thread_body\000"
 1892      616C5F74 
 1892      68726561 
 1892      645F626F 
 1892      647900
 1893              	.LASF85:
 1894 0671 45455F73 		.ascii	"EE_sys_ceiling\000"
 1894      79735F63 
 1894      65696C69 
 1894      6E6700
 1895              	.LASF54:
 1896 0680 61637469 		.ascii	"action_kind\000"
 1896      6F6E5F6B 
ARM GAS  C:\Users\aditi\AppData\Local\Temp\ccUgy4tW.s 			page 40


 1896      696E6400 
 1897              	.LASF63:
 1898 068c 7461736B 		.ascii	"task\000"
 1898      00
 1899              	.LASF102:
 1900 0691 45455F6F 		.ascii	"EE_oo_counter_object_RAM\000"
 1900      6F5F636F 
 1900      756E7465 
 1900      725F6F62 
 1900      6A656374 
 1901              	.LASF53:
 1902 06aa 41637469 		.ascii	"ActionKindType\000"
 1902      6F6E4B69 
 1902      6E645479 
 1902      706500
 1903              	.LASF72:
 1904 06b9 45455F74 		.ascii	"EE_th_ready_prio\000"
 1904      685F7265 
 1904      6164795F 
 1904      7072696F 
 1904      00
 1905              	.LASF82:
 1906 06ca 45455F74 		.ascii	"EE_th_rnact\000"
 1906      685F726E 
 1906      61637400 
 1907              	.LASF90:
 1908 06d6 45455F72 		.ascii	"EE_rq_pairs_tid\000"
 1908      715F7061 
 1908      6972735F 
 1908      74696400 
 1909              	.LASF108:
 1910 06e6 45455F49 		.ascii	"EE_IRQ_nesting_level\000"
 1910      52515F6E 
 1910      65737469 
 1910      6E675F6C 
 1910      6576656C 
 1911              	.LASF12:
 1912 06fb 45455F55 		.ascii	"EE_UINT32\000"
 1912      494E5433 
 1912      3200
 1913              	.LASF11:
 1914 0705 45455F49 		.ascii	"EE_INT32\000"
 1914      4E543332 
 1914      00
 1915              	.LASF67:
 1916 070e 45455F74 		.ascii	"EE_terminate_data\000"
 1916      65726D69 
 1916      6E617465 
 1916      5F646174 
 1916      6100
 1917              	.LASF114:
 1918 0720 433A5C44 		.ascii	"C:\\Darmstadt\\SecondSem\\EAA\\Lab2\\Lab2_EAA\\Elec"
 1918      61726D73 
 1918      74616474 
 1918      5C536563 
 1918      6F6E6453 
 1919 074d 74726F6E 		.ascii	"tronicClock_v1.cydsn\000"
ARM GAS  C:\Users\aditi\AppData\Local\Temp\ccUgy4tW.s 			page 41


 1919      6963436C 
 1919      6F636B5F 
 1919      76312E63 
 1919      7964736E 
 1920              	.LASF93:
 1921 0762 45455F74 		.ascii	"EE_th_event_active\000"
 1921      685F6576 
 1921      656E745F 
 1921      61637469 
 1921      766500
 1922              	.LASF44:
 1923 0775 636E7463 		.ascii	"cntcycle\000"
 1923      79636C65 
 1923      00
 1924              	.LASF28:
 1925 077e 5359535F 		.ascii	"SYS_tos\000"
 1925      746F7300 
 1926              	.LASF55:
 1927 0786 61637469 		.ascii	"action_task\000"
 1927      6F6E5F74 
 1927      61736B00 
 1928              	.LASF13:
 1929 0792 45455F41 		.ascii	"EE_ADDR\000"
 1929      44445200 
 1930              	.LASF96:
 1931 079a 45455F74 		.ascii	"EE_th_is_extended\000"
 1931      685F6973 
 1931      5F657874 
 1931      656E6465 
 1931      6400
 1932              	.LASF18:
 1933 07ac 45455F46 		.ascii	"EE_FREG\000"
 1933      52454700 
 1934              	.LASF103:
 1935 07b4 45455F6F 		.ascii	"EE_oo_autostart_task_data\000"
 1935      6F5F6175 
 1935      746F7374 
 1935      6172745F 
 1935      7461736B 
 1936              		.ident	"GCC: (GNU Tools for ARM Embedded Processors) 5.4.1 20160609 (release) [ARM/embedded-5-bran
