ARM GAS  C:\Users\aditi\AppData\Local\Temp\ccgSCYUE.s 			page 1


   1              		.syntax unified
   2              		.cpu cortex-m3
   3              		.fpu softvfp
   4              		.eabi_attribute 20, 1
   5              		.eabi_attribute 21, 1
   6              		.eabi_attribute 23, 3
   7              		.eabi_attribute 24, 1
   8              		.eabi_attribute 25, 1
   9              		.eabi_attribute 26, 1
  10              		.eabi_attribute 30, 1
  11              		.eabi_attribute 34, 1
  12              		.eabi_attribute 18, 4
  13              		.thumb
  14              		.syntax unified
  15              		.file	"sc_display_type.c"
  16              		.text
  17              	.Ltext0:
  18              		.cfi_sections	.debug_frame
  19              		.section	.text.SC_DISPLAY_driverOut,"ax",%progbits
  20              		.align	2
  21              		.global	SC_DISPLAY_driverOut
  22              		.thumb
  23              		.thumb_func
  24              		.type	SC_DISPLAY_driverOut, %function
  25              	SC_DISPLAY_driverOut:
  26              	.LFB111:
  27              		.file 1 "source\\rte\\sc_display_type.c"
   1:source\rte/sc_display_type.c **** 
   2:source\rte/sc_display_type.c **** 
   3:source\rte/sc_display_type.c **** /*
   4:source\rte/sc_display_type.c ****  * Filename: sc_display_type.c
   5:source\rte/sc_display_type.c ****  *
   6:source\rte/sc_display_type.c ****  * Author: Autogenerated by H-DA RTE Generator, (c) Prof. Fromm
   7:source\rte/sc_display_type.c ****  */
   8:source\rte/sc_display_type.c **** 
   9:source\rte/sc_display_type.c **** #include "project.h"
  10:source\rte/sc_display_type.c **** #include "global.h"
  11:source\rte/sc_display_type.c **** #include "rte.h"
  12:source\rte/sc_display_type.c **** #include "rte_types.h"
  13:source\rte/sc_display_type.c **** #include "sc_display_type.h"
  14:source\rte/sc_display_type.c **** 
  15:source\rte/sc_display_type.c **** 
  16:source\rte/sc_display_type.c **** 
  17:source\rte/sc_display_type.c **** /* USER CODE START SC_DISPLAY_INCLUDE */
  18:source\rte/sc_display_type.c **** #include "tft.h"
  19:source\rte/sc_display_type.c **** /* USER CODE END SC_DISPLAY_INCLUDE */
  20:source\rte/sc_display_type.c **** 
  21:source\rte/sc_display_type.c **** 
  22:source\rte/sc_display_type.c **** /*
  23:source\rte/sc_display_type.c **** * description: Display respresentation datatype
  24:source\rte/sc_display_type.c **** * name: sc_display
  25:source\rte/sc_display_type.c **** * shortname: display
  26:source\rte/sc_display_type.c **** */
  27:source\rte/sc_display_type.c **** 
  28:source\rte/sc_display_type.c **** /* USER CODE START SC_DISPLAY_USERDEFINITIONS */
  29:source\rte/sc_display_type.c **** 
  30:source\rte/sc_display_type.c **** /* USER CODE END SC_DISPLAY_USERDEFINITIONS */
ARM GAS  C:\Users\aditi\AppData\Local\Temp\ccgSCYUE.s 			page 2


  31:source\rte/sc_display_type.c **** 
  32:source\rte/sc_display_type.c **** 
  33:source\rte/sc_display_type.c **** /*****************************************************************************************
  34:source\rte/sc_display_type.c ****  *************** Port Wrapper Implementation for SC_DISPLAY signal  ****************
  35:source\rte/sc_display_type.c ****  *****************************************************************************************/
  36:source\rte/sc_display_type.c ****  
  37:source\rte/sc_display_type.c ****  
  38:source\rte/sc_display_type.c **** /**
  39:source\rte/sc_display_type.c ****  * Default OUT driver API
  40:source\rte/sc_display_type.c ****  */
  41:source\rte/sc_display_type.c **** inline RC_t SC_DISPLAY_driverOut(const SC_DISPLAY_data_t  *const data)
  42:source\rte/sc_display_type.c **** {
  28              		.loc 1 42 0
  29              		.cfi_startproc
  30              		@ args = 0, pretend = 0, frame = 128
  31              		@ frame_needed = 0, uses_anonymous_args = 0
  32              	.LVL0:
  33 0000 30B5     		push	{r4, r5, lr}
  34              		.cfi_def_cfa_offset 12
  35              		.cfi_offset 4, -12
  36              		.cfi_offset 5, -8
  37              		.cfi_offset 14, -4
  38 0002 A1B0     		sub	sp, sp, #132
  39              		.cfi_def_cfa_offset 144
  40 0004 0546     		mov	r5, r0
  43:source\rte/sc_display_type.c **** 	/* USER CODE START driverOutSC_DISPLAY */
  44:source\rte/sc_display_type.c ****     
  45:source\rte/sc_display_type.c ****     /* Set the hour and minute values for the clock */
  46:source\rte/sc_display_type.c ****     TFT_setCursor(25, 75);
  41              		.loc 1 46 0
  42 0006 4B21     		movs	r1, #75
  43 0008 1920     		movs	r0, #25
  44              	.LVL1:
  45 000a FFF7FEFF 		bl	TFT_setCursor
  46              	.LVL2:
  47              	.LBB2:
  47:source\rte/sc_display_type.c ****     TFT_printf("%d", data->hours.tensValue);
  48              		.loc 1 47 0
  49 000e 184C     		ldr	r4, .L3
  50 0010 6A78     		ldrb	r2, [r5, #1]	@ zero_extendqisi2
  51 0012 2146     		mov	r1, r4
  52 0014 6846     		mov	r0, sp
  53 0016 FFF7FEFF 		bl	sprintf
  54              	.LVL3:
  55 001a 6846     		mov	r0, sp
  56 001c FFF7FEFF 		bl	TFT_print
  57              	.LVL4:
  58              	.LBE2:
  48:source\rte/sc_display_type.c ****     
  49:source\rte/sc_display_type.c ****     TFT_setCursor(41, 75);
  59              		.loc 1 49 0
  60 0020 4B21     		movs	r1, #75
  61 0022 2920     		movs	r0, #41
  62 0024 FFF7FEFF 		bl	TFT_setCursor
  63              	.LVL5:
  64              	.LBB3:
  50:source\rte/sc_display_type.c ****     TFT_printf("%d", data->hours.unitValue);
ARM GAS  C:\Users\aditi\AppData\Local\Temp\ccgSCYUE.s 			page 3


  65              		.loc 1 50 0
  66 0028 2A78     		ldrb	r2, [r5]	@ zero_extendqisi2
  67 002a 2146     		mov	r1, r4
  68 002c 6846     		mov	r0, sp
  69 002e FFF7FEFF 		bl	sprintf
  70              	.LVL6:
  71 0032 6846     		mov	r0, sp
  72 0034 FFF7FEFF 		bl	TFT_print
  73              	.LVL7:
  74              	.LBE3:
  51:source\rte/sc_display_type.c ****     
  52:source\rte/sc_display_type.c ****     TFT_setCursor(70, 75);
  75              		.loc 1 52 0
  76 0038 4B21     		movs	r1, #75
  77 003a 4620     		movs	r0, #70
  78 003c FFF7FEFF 		bl	TFT_setCursor
  79              	.LVL8:
  80              	.LBB4:
  53:source\rte/sc_display_type.c ****     TFT_printf("%d", data->minutes.tensValue);
  81              		.loc 1 53 0
  82 0040 EA78     		ldrb	r2, [r5, #3]	@ zero_extendqisi2
  83 0042 2146     		mov	r1, r4
  84 0044 6846     		mov	r0, sp
  85 0046 FFF7FEFF 		bl	sprintf
  86              	.LVL9:
  87 004a 6846     		mov	r0, sp
  88 004c FFF7FEFF 		bl	TFT_print
  89              	.LVL10:
  90              	.LBE4:
  54:source\rte/sc_display_type.c ****     
  55:source\rte/sc_display_type.c ****     TFT_setCursor(86, 75);
  91              		.loc 1 55 0
  92 0050 4B21     		movs	r1, #75
  93 0052 5620     		movs	r0, #86
  94 0054 FFF7FEFF 		bl	TFT_setCursor
  95              	.LVL11:
  96              	.LBB5:
  56:source\rte/sc_display_type.c ****     TFT_printf("%d", data->minutes.unitValue);
  97              		.loc 1 56 0
  98 0058 AA78     		ldrb	r2, [r5, #2]	@ zero_extendqisi2
  99 005a 2146     		mov	r1, r4
 100 005c 6846     		mov	r0, sp
 101 005e FFF7FEFF 		bl	sprintf
 102              	.LVL12:
 103 0062 6846     		mov	r0, sp
 104 0064 FFF7FEFF 		bl	TFT_print
 105              	.LVL13:
 106              	.LBE5:
  57:source\rte/sc_display_type.c **** 	//Scale application data to drive format
  58:source\rte/sc_display_type.c **** 
  59:source\rte/sc_display_type.c **** 	//Write scaled data to driver
  60:source\rte/sc_display_type.c **** 
  61:source\rte/sc_display_type.c **** 	return RC_SUCCESS;
  62:source\rte/sc_display_type.c **** 	/* USER CODE END driverOutSC_DISPLAY */
  63:source\rte/sc_display_type.c **** }
 107              		.loc 1 63 0
 108 0068 0020     		movs	r0, #0
ARM GAS  C:\Users\aditi\AppData\Local\Temp\ccgSCYUE.s 			page 4


 109 006a 21B0     		add	sp, sp, #132
 110              		.cfi_def_cfa_offset 12
 111              		@ sp needed
 112 006c 30BD     		pop	{r4, r5, pc}
 113              	.LVL14:
 114              	.L4:
 115 006e 00BF     		.align	2
 116              	.L3:
 117 0070 00000000 		.word	.LC0
 118              		.cfi_endproc
 119              	.LFE111:
 120              		.size	SC_DISPLAY_driverOut, .-SC_DISPLAY_driverOut
 121              		.section	.rodata.str1.4,"aMS",%progbits,1
 122              		.align	2
 123              	.LC0:
 124 0000 256400   		.ascii	"%d\000"
 125              		.text
 126              	.Letext0:
 127              		.file 2 "c:\\program files (x86)\\cypress\\psoc creator\\4.4\\psoc creator\\import\\gnu\\arm\\5.4.
 128              		.file 3 "c:\\program files (x86)\\cypress\\psoc creator\\4.4\\psoc creator\\import\\gnu\\arm\\5.4.
 129              		.file 4 "Generated_Source\\PSoC5/ErikaOS_common_ee_types.inc"
 130              		.file 5 "Generated_Source\\PSoC5/ErikaOS_cortex_mx_ee_cpu.inc"
 131              		.file 6 ".\\source\\bsw/global.h"
 132              		.file 7 "source\\rte\\sc_display_type.h"
 133              		.file 8 "Generated_Source\\PSoC5/ErikaOS_ee_oo_intfunc.inc"
 134              		.file 9 "Generated_Source\\PSoC5/ErikaOS_cortex_mx_ee_context.inc"
 135              		.file 10 "Generated_Source\\PSoC5/ErikaOS_common_ee_primitives.inc"
 136              		.file 11 "Generated_Source\\PSoC5/core_cm3.h"
 137              		.file 12 "c:\\program files (x86)\\cypress\\psoc creator\\4.4\\psoc creator\\import\\gnu\\arm\\5.4
 138              		.file 13 ".\\source\\bsw\\tft/tft.h"
 139              		.section	.debug_info,"",%progbits
 140              	.Ldebug_info0:
 141 0000 2D040000 		.4byte	0x42d
 142 0004 0400     		.2byte	0x4
 143 0006 00000000 		.4byte	.Ldebug_abbrev0
 144 000a 04       		.byte	0x4
 145 000b 01       		.uleb128 0x1
 146 000c 16030000 		.4byte	.LASF66
 147 0010 0C       		.byte	0xc
 148 0011 3F020000 		.4byte	.LASF67
 149 0015 BE000000 		.4byte	.LASF68
 150 0019 00000000 		.4byte	.Ldebug_ranges0+0
 151 001d 00000000 		.4byte	0
 152 0021 00000000 		.4byte	.Ldebug_line0
 153 0025 02       		.uleb128 0x2
 154 0026 01       		.byte	0x1
 155 0027 06       		.byte	0x6
 156 0028 7E020000 		.4byte	.LASF0
 157 002c 03       		.uleb128 0x3
 158 002d 12020000 		.4byte	.LASF4
 159 0031 02       		.byte	0x2
 160 0032 1D       		.byte	0x1d
 161 0033 37000000 		.4byte	0x37
 162 0037 02       		.uleb128 0x2
 163 0038 01       		.byte	0x1
 164 0039 08       		.byte	0x8
 165 003a 68020000 		.4byte	.LASF1
ARM GAS  C:\Users\aditi\AppData\Local\Temp\ccgSCYUE.s 			page 5


 166 003e 02       		.uleb128 0x2
 167 003f 02       		.byte	0x2
 168 0040 05       		.byte	0x5
 169 0041 32000000 		.4byte	.LASF2
 170 0045 02       		.uleb128 0x2
 171 0046 02       		.byte	0x2
 172 0047 07       		.byte	0x7
 173 0048 03030000 		.4byte	.LASF3
 174 004c 03       		.uleb128 0x3
 175 004d 40040000 		.4byte	.LASF5
 176 0051 02       		.byte	0x2
 177 0052 3F       		.byte	0x3f
 178 0053 57000000 		.4byte	0x57
 179 0057 02       		.uleb128 0x2
 180 0058 04       		.byte	0x4
 181 0059 05       		.byte	0x5
 182 005a E9010000 		.4byte	.LASF6
 183 005e 02       		.uleb128 0x2
 184 005f 04       		.byte	0x4
 185 0060 07       		.byte	0x7
 186 0061 C4020000 		.4byte	.LASF7
 187 0065 02       		.uleb128 0x2
 188 0066 08       		.byte	0x8
 189 0067 05       		.byte	0x5
 190 0068 9E010000 		.4byte	.LASF8
 191 006c 02       		.uleb128 0x2
 192 006d 08       		.byte	0x8
 193 006e 07       		.byte	0x7
 194 006f 8A020000 		.4byte	.LASF9
 195 0073 04       		.uleb128 0x4
 196 0074 04       		.byte	0x4
 197 0075 05       		.byte	0x5
 198 0076 696E7400 		.ascii	"int\000"
 199 007a 02       		.uleb128 0x2
 200 007b 04       		.byte	0x4
 201 007c 07       		.byte	0x7
 202 007d A9020000 		.4byte	.LASF10
 203 0081 03       		.uleb128 0x3
 204 0082 19010000 		.4byte	.LASF11
 205 0086 03       		.byte	0x3
 206 0087 18       		.byte	0x18
 207 0088 2C000000 		.4byte	0x2c
 208 008c 03       		.uleb128 0x3
 209 008d C4030000 		.4byte	.LASF12
 210 0091 03       		.byte	0x3
 211 0092 2C       		.byte	0x2c
 212 0093 4C000000 		.4byte	0x4c
 213 0097 02       		.uleb128 0x2
 214 0098 04       		.byte	0x4
 215 0099 04       		.byte	0x4
 216 009a 75010000 		.4byte	.LASF13
 217 009e 02       		.uleb128 0x2
 218 009f 08       		.byte	0x8
 219 00a0 04       		.byte	0x4
 220 00a1 1F040000 		.4byte	.LASF14
 221 00a5 02       		.uleb128 0x2
 222 00a6 01       		.byte	0x1
ARM GAS  C:\Users\aditi\AppData\Local\Temp\ccgSCYUE.s 			page 6


 223 00a7 08       		.byte	0x8
 224 00a8 AA030000 		.4byte	.LASF15
 225 00ac 02       		.uleb128 0x2
 226 00ad 08       		.byte	0x8
 227 00ae 04       		.byte	0x4
 228 00af 5C020000 		.4byte	.LASF16
 229 00b3 03       		.uleb128 0x3
 230 00b4 FA020000 		.4byte	.LASF17
 231 00b8 04       		.byte	0x4
 232 00b9 53       		.byte	0x53
 233 00ba 73000000 		.4byte	0x73
 234 00be 03       		.uleb128 0x3
 235 00bf B4000000 		.4byte	.LASF18
 236 00c3 04       		.byte	0x4
 237 00c4 54       		.byte	0x54
 238 00c5 7A000000 		.4byte	0x7a
 239 00c9 03       		.uleb128 0x3
 240 00ca 38040000 		.4byte	.LASF19
 241 00ce 05       		.byte	0x5
 242 00cf 4D       		.byte	0x4d
 243 00d0 BE000000 		.4byte	0xbe
 244 00d4 03       		.uleb128 0x3
 245 00d5 98000000 		.4byte	.LASF20
 246 00d9 05       		.byte	0x5
 247 00da 4F       		.byte	0x4f
 248 00db BE000000 		.4byte	0xbe
 249 00df 03       		.uleb128 0x3
 250 00e0 00010000 		.4byte	.LASF21
 251 00e4 05       		.byte	0x5
 252 00e5 78       		.byte	0x78
 253 00e6 B3000000 		.4byte	0xb3
 254 00ea 02       		.uleb128 0x2
 255 00eb 04       		.byte	0x4
 256 00ec 07       		.byte	0x7
 257 00ed 6C000000 		.4byte	.LASF22
 258 00f1 05       		.uleb128 0x5
 259 00f2 01       		.byte	0x1
 260 00f3 25000000 		.4byte	0x25
 261 00f7 06       		.byte	0x6
 262 00f8 CF       		.byte	0xcf
 263 00f9 9A010000 		.4byte	0x19a
 264 00fd 06       		.uleb128 0x6
 265 00fe 13000000 		.4byte	.LASF23
 266 0102 00       		.byte	0
 267 0103 07       		.uleb128 0x7
 268 0104 71040000 		.4byte	.LASF24
 269 0108 7F       		.sleb128 -1
 270 0109 07       		.uleb128 0x7
 271 010a D6020000 		.4byte	.LASF25
 272 010e 7E       		.sleb128 -2
 273 010f 07       		.uleb128 0x7
 274 0110 8A000000 		.4byte	.LASF26
 275 0114 7D       		.sleb128 -3
 276 0115 07       		.uleb128 0x7
 277 0116 7A040000 		.4byte	.LASF27
 278 011a 7C       		.sleb128 -4
 279 011b 07       		.uleb128 0x7
ARM GAS  C:\Users\aditi\AppData\Local\Temp\ccgSCYUE.s 			page 7


 280 011c 66010000 		.4byte	.LASF28
 281 0120 7B       		.sleb128 -5
 282 0121 07       		.uleb128 0x7
 283 0122 3C000000 		.4byte	.LASF29
 284 0126 7A       		.sleb128 -6
 285 0127 07       		.uleb128 0x7
 286 0128 F2010000 		.4byte	.LASF30
 287 012c 79       		.sleb128 -7
 288 012d 07       		.uleb128 0x7
 289 012e AF030000 		.4byte	.LASF31
 290 0132 78       		.sleb128 -8
 291 0133 07       		.uleb128 0x7
 292 0134 E4020000 		.4byte	.LASF32
 293 0138 77       		.sleb128 -9
 294 0139 07       		.uleb128 0x7
 295 013a 04020000 		.4byte	.LASF33
 296 013e 76       		.sleb128 -10
 297 013f 07       		.uleb128 0x7
 298 0140 A7040000 		.4byte	.LASF34
 299 0144 75       		.sleb128 -11
 300 0145 07       		.uleb128 0x7
 301 0146 B6020000 		.4byte	.LASF35
 302 014a 74       		.sleb128 -12
 303 014b 07       		.uleb128 0x7
 304 014c 26040000 		.4byte	.LASF36
 305 0150 73       		.sleb128 -13
 306 0151 07       		.uleb128 0x7
 307 0152 00000000 		.4byte	.LASF37
 308 0156 72       		.sleb128 -14
 309 0157 07       		.uleb128 0x7
 310 0158 1E000000 		.4byte	.LASF38
 311 015c 71       		.sleb128 -15
 312 015d 07       		.uleb128 0x7
 313 015e 1C020000 		.4byte	.LASF39
 314 0162 70       		.sleb128 -16
 315 0163 07       		.uleb128 0x7
 316 0164 A0000000 		.4byte	.LASF40
 317 0168 6F       		.sleb128 -17
 318 0169 07       		.uleb128 0x7
 319 016a 4D000000 		.4byte	.LASF41
 320 016e 6E       		.sleb128 -18
 321 016f 07       		.uleb128 0x7
 322 0170 C5010000 		.4byte	.LASF42
 323 0174 6D       		.sleb128 -19
 324 0175 07       		.uleb128 0x7
 325 0176 DA030000 		.4byte	.LASF43
 326 017a 6C       		.sleb128 -20
 327 017b 07       		.uleb128 0x7
 328 017c 2D020000 		.4byte	.LASF44
 329 0180 6B       		.sleb128 -21
 330 0181 07       		.uleb128 0x7
 331 0182 52040000 		.4byte	.LASF45
 332 0186 6A       		.sleb128 -22
 333 0187 07       		.uleb128 0x7
 334 0188 21010000 		.4byte	.LASF46
 335 018c 69       		.sleb128 -23
 336 018d 07       		.uleb128 0x7
ARM GAS  C:\Users\aditi\AppData\Local\Temp\ccgSCYUE.s 			page 8


 337 018e D8010000 		.4byte	.LASF47
 338 0192 68       		.sleb128 -24
 339 0193 07       		.uleb128 0x7
 340 0194 85010000 		.4byte	.LASF48
 341 0198 67       		.sleb128 -25
 342 0199 00       		.byte	0
 343 019a 03       		.uleb128 0x3
 344 019b A2040000 		.4byte	.LASF49
 345 019f 06       		.byte	0x6
 346 01a0 EA       		.byte	0xea
 347 01a1 F1000000 		.4byte	0xf1
 348 01a5 08       		.uleb128 0x8
 349 01a6 02       		.byte	0x2
 350 01a7 07       		.byte	0x7
 351 01a8 1A       		.byte	0x1a
 352 01a9 C6010000 		.4byte	0x1c6
 353 01ad 09       		.uleb128 0x9
 354 01ae F2030000 		.4byte	.LASF50
 355 01b2 07       		.byte	0x7
 356 01b3 1B       		.byte	0x1b
 357 01b4 81000000 		.4byte	0x81
 358 01b8 00       		.byte	0
 359 01b9 09       		.uleb128 0x9
 360 01ba 7B010000 		.4byte	.LASF51
 361 01be 07       		.byte	0x7
 362 01bf 1C       		.byte	0x1c
 363 01c0 81000000 		.4byte	0x81
 364 01c4 01       		.byte	0x1
 365 01c5 00       		.byte	0
 366 01c6 03       		.uleb128 0x3
 367 01c7 0F040000 		.4byte	.LASF52
 368 01cb 07       		.byte	0x7
 369 01cc 1D       		.byte	0x1d
 370 01cd A5010000 		.4byte	0x1a5
 371 01d1 08       		.uleb128 0x8
 372 01d2 04       		.byte	0x4
 373 01d3 07       		.byte	0x7
 374 01d4 22       		.byte	0x22
 375 01d5 F2010000 		.4byte	0x1f2
 376 01d9 09       		.uleb128 0x9
 377 01da A4030000 		.4byte	.LASF53
 378 01de 07       		.byte	0x7
 379 01df 24       		.byte	0x24
 380 01e0 C6010000 		.4byte	0x1c6
 381 01e4 00       		.byte	0
 382 01e5 09       		.uleb128 0x9
 383 01e6 A1020000 		.4byte	.LASF54
 384 01ea 07       		.byte	0x7
 385 01eb 25       		.byte	0x25
 386 01ec C6010000 		.4byte	0x1c6
 387 01f0 02       		.byte	0x2
 388 01f1 00       		.byte	0
 389 01f2 03       		.uleb128 0x3
 390 01f3 07010000 		.4byte	.LASF55
 391 01f7 07       		.byte	0x7
 392 01f8 28       		.byte	0x28
 393 01f9 D1010000 		.4byte	0x1d1
ARM GAS  C:\Users\aditi\AppData\Local\Temp\ccgSCYUE.s 			page 9


 394 01fd 0A       		.uleb128 0xa
 395 01fe 75000000 		.4byte	.LASF69
 396 0202 01       		.byte	0x1
 397 0203 29       		.byte	0x29
 398 0204 9A010000 		.4byte	0x19a
 399 0208 00000000 		.4byte	.LFB111
 400 020c 74000000 		.4byte	.LFE111-.LFB111
 401 0210 01       		.uleb128 0x1
 402 0211 9C       		.byte	0x9c
 403 0212 A5030000 		.4byte	0x3a5
 404 0216 0B       		.uleb128 0xb
 405 0217 ED030000 		.4byte	.LASF70
 406 021b 01       		.byte	0x1
 407 021c 29       		.byte	0x29
 408 021d B0030000 		.4byte	0x3b0
 409 0221 00000000 		.4byte	.LLST0
 410 0225 0C       		.uleb128 0xc
 411 0226 0E000000 		.4byte	.LBB2
 412 022a 12000000 		.4byte	.LBE2-.LBB2
 413 022e 6C020000 		.4byte	0x26c
 414 0232 0D       		.uleb128 0xd
 415 0233 4A040000 		.4byte	.LASF56
 416 0237 01       		.byte	0x1
 417 0238 2F       		.byte	0x2f
 418 0239 B5030000 		.4byte	0x3b5
 419 023d 03       		.uleb128 0x3
 420 023e 91       		.byte	0x91
 421 023f F07E     		.sleb128 -144
 422 0241 0E       		.uleb128 0xe
 423 0242 1A000000 		.4byte	.LVL3
 424 0246 0D040000 		.4byte	0x40d
 425 024a 5B020000 		.4byte	0x25b
 426 024e 0F       		.uleb128 0xf
 427 024f 01       		.uleb128 0x1
 428 0250 50       		.byte	0x50
 429 0251 02       		.uleb128 0x2
 430 0252 7D       		.byte	0x7d
 431 0253 00       		.sleb128 0
 432 0254 0F       		.uleb128 0xf
 433 0255 01       		.uleb128 0x1
 434 0256 51       		.byte	0x51
 435 0257 02       		.uleb128 0x2
 436 0258 74       		.byte	0x74
 437 0259 00       		.sleb128 0
 438 025a 00       		.byte	0
 439 025b 10       		.uleb128 0x10
 440 025c 20000000 		.4byte	.LVL4
 441 0260 18040000 		.4byte	0x418
 442 0264 0F       		.uleb128 0xf
 443 0265 01       		.uleb128 0x1
 444 0266 50       		.byte	0x50
 445 0267 02       		.uleb128 0x2
 446 0268 7D       		.byte	0x7d
 447 0269 00       		.sleb128 0
 448 026a 00       		.byte	0
 449 026b 00       		.byte	0
 450 026c 0C       		.uleb128 0xc
ARM GAS  C:\Users\aditi\AppData\Local\Temp\ccgSCYUE.s 			page 10


 451 026d 28000000 		.4byte	.LBB3
 452 0271 10000000 		.4byte	.LBE3-.LBB3
 453 0275 B3020000 		.4byte	0x2b3
 454 0279 0D       		.uleb128 0xd
 455 027a 4A040000 		.4byte	.LASF56
 456 027e 01       		.byte	0x1
 457 027f 32       		.byte	0x32
 458 0280 B5030000 		.4byte	0x3b5
 459 0284 03       		.uleb128 0x3
 460 0285 91       		.byte	0x91
 461 0286 F07E     		.sleb128 -144
 462 0288 0E       		.uleb128 0xe
 463 0289 32000000 		.4byte	.LVL6
 464 028d 0D040000 		.4byte	0x40d
 465 0291 A2020000 		.4byte	0x2a2
 466 0295 0F       		.uleb128 0xf
 467 0296 01       		.uleb128 0x1
 468 0297 50       		.byte	0x50
 469 0298 02       		.uleb128 0x2
 470 0299 7D       		.byte	0x7d
 471 029a 00       		.sleb128 0
 472 029b 0F       		.uleb128 0xf
 473 029c 01       		.uleb128 0x1
 474 029d 51       		.byte	0x51
 475 029e 02       		.uleb128 0x2
 476 029f 74       		.byte	0x74
 477 02a0 00       		.sleb128 0
 478 02a1 00       		.byte	0
 479 02a2 10       		.uleb128 0x10
 480 02a3 38000000 		.4byte	.LVL7
 481 02a7 18040000 		.4byte	0x418
 482 02ab 0F       		.uleb128 0xf
 483 02ac 01       		.uleb128 0x1
 484 02ad 50       		.byte	0x50
 485 02ae 02       		.uleb128 0x2
 486 02af 7D       		.byte	0x7d
 487 02b0 00       		.sleb128 0
 488 02b1 00       		.byte	0
 489 02b2 00       		.byte	0
 490 02b3 0C       		.uleb128 0xc
 491 02b4 40000000 		.4byte	.LBB4
 492 02b8 10000000 		.4byte	.LBE4-.LBB4
 493 02bc FA020000 		.4byte	0x2fa
 494 02c0 0D       		.uleb128 0xd
 495 02c1 4A040000 		.4byte	.LASF56
 496 02c5 01       		.byte	0x1
 497 02c6 35       		.byte	0x35
 498 02c7 B5030000 		.4byte	0x3b5
 499 02cb 03       		.uleb128 0x3
 500 02cc 91       		.byte	0x91
 501 02cd F07E     		.sleb128 -144
 502 02cf 0E       		.uleb128 0xe
 503 02d0 4A000000 		.4byte	.LVL9
 504 02d4 0D040000 		.4byte	0x40d
 505 02d8 E9020000 		.4byte	0x2e9
 506 02dc 0F       		.uleb128 0xf
 507 02dd 01       		.uleb128 0x1
ARM GAS  C:\Users\aditi\AppData\Local\Temp\ccgSCYUE.s 			page 11


 508 02de 50       		.byte	0x50
 509 02df 02       		.uleb128 0x2
 510 02e0 7D       		.byte	0x7d
 511 02e1 00       		.sleb128 0
 512 02e2 0F       		.uleb128 0xf
 513 02e3 01       		.uleb128 0x1
 514 02e4 51       		.byte	0x51
 515 02e5 02       		.uleb128 0x2
 516 02e6 74       		.byte	0x74
 517 02e7 00       		.sleb128 0
 518 02e8 00       		.byte	0
 519 02e9 10       		.uleb128 0x10
 520 02ea 50000000 		.4byte	.LVL10
 521 02ee 18040000 		.4byte	0x418
 522 02f2 0F       		.uleb128 0xf
 523 02f3 01       		.uleb128 0x1
 524 02f4 50       		.byte	0x50
 525 02f5 02       		.uleb128 0x2
 526 02f6 7D       		.byte	0x7d
 527 02f7 00       		.sleb128 0
 528 02f8 00       		.byte	0
 529 02f9 00       		.byte	0
 530 02fa 0C       		.uleb128 0xc
 531 02fb 58000000 		.4byte	.LBB5
 532 02ff 10000000 		.4byte	.LBE5-.LBB5
 533 0303 41030000 		.4byte	0x341
 534 0307 0D       		.uleb128 0xd
 535 0308 4A040000 		.4byte	.LASF56
 536 030c 01       		.byte	0x1
 537 030d 38       		.byte	0x38
 538 030e B5030000 		.4byte	0x3b5
 539 0312 03       		.uleb128 0x3
 540 0313 91       		.byte	0x91
 541 0314 F07E     		.sleb128 -144
 542 0316 0E       		.uleb128 0xe
 543 0317 62000000 		.4byte	.LVL12
 544 031b 0D040000 		.4byte	0x40d
 545 031f 30030000 		.4byte	0x330
 546 0323 0F       		.uleb128 0xf
 547 0324 01       		.uleb128 0x1
 548 0325 50       		.byte	0x50
 549 0326 02       		.uleb128 0x2
 550 0327 7D       		.byte	0x7d
 551 0328 00       		.sleb128 0
 552 0329 0F       		.uleb128 0xf
 553 032a 01       		.uleb128 0x1
 554 032b 51       		.byte	0x51
 555 032c 02       		.uleb128 0x2
 556 032d 74       		.byte	0x74
 557 032e 00       		.sleb128 0
 558 032f 00       		.byte	0
 559 0330 10       		.uleb128 0x10
 560 0331 68000000 		.4byte	.LVL13
 561 0335 18040000 		.4byte	0x418
 562 0339 0F       		.uleb128 0xf
 563 033a 01       		.uleb128 0x1
 564 033b 50       		.byte	0x50
ARM GAS  C:\Users\aditi\AppData\Local\Temp\ccgSCYUE.s 			page 12


 565 033c 02       		.uleb128 0x2
 566 033d 7D       		.byte	0x7d
 567 033e 00       		.sleb128 0
 568 033f 00       		.byte	0
 569 0340 00       		.byte	0
 570 0341 0E       		.uleb128 0xe
 571 0342 0E000000 		.4byte	.LVL2
 572 0346 24040000 		.4byte	0x424
 573 034a 5A030000 		.4byte	0x35a
 574 034e 0F       		.uleb128 0xf
 575 034f 01       		.uleb128 0x1
 576 0350 50       		.byte	0x50
 577 0351 01       		.uleb128 0x1
 578 0352 49       		.byte	0x49
 579 0353 0F       		.uleb128 0xf
 580 0354 01       		.uleb128 0x1
 581 0355 51       		.byte	0x51
 582 0356 02       		.uleb128 0x2
 583 0357 08       		.byte	0x8
 584 0358 4B       		.byte	0x4b
 585 0359 00       		.byte	0
 586 035a 0E       		.uleb128 0xe
 587 035b 28000000 		.4byte	.LVL5
 588 035f 24040000 		.4byte	0x424
 589 0363 74030000 		.4byte	0x374
 590 0367 0F       		.uleb128 0xf
 591 0368 01       		.uleb128 0x1
 592 0369 50       		.byte	0x50
 593 036a 02       		.uleb128 0x2
 594 036b 08       		.byte	0x8
 595 036c 29       		.byte	0x29
 596 036d 0F       		.uleb128 0xf
 597 036e 01       		.uleb128 0x1
 598 036f 51       		.byte	0x51
 599 0370 02       		.uleb128 0x2
 600 0371 08       		.byte	0x8
 601 0372 4B       		.byte	0x4b
 602 0373 00       		.byte	0
 603 0374 0E       		.uleb128 0xe
 604 0375 40000000 		.4byte	.LVL8
 605 0379 24040000 		.4byte	0x424
 606 037d 8E030000 		.4byte	0x38e
 607 0381 0F       		.uleb128 0xf
 608 0382 01       		.uleb128 0x1
 609 0383 50       		.byte	0x50
 610 0384 02       		.uleb128 0x2
 611 0385 08       		.byte	0x8
 612 0386 46       		.byte	0x46
 613 0387 0F       		.uleb128 0xf
 614 0388 01       		.uleb128 0x1
 615 0389 51       		.byte	0x51
 616 038a 02       		.uleb128 0x2
 617 038b 08       		.byte	0x8
 618 038c 4B       		.byte	0x4b
 619 038d 00       		.byte	0
 620 038e 10       		.uleb128 0x10
 621 038f 58000000 		.4byte	.LVL11
ARM GAS  C:\Users\aditi\AppData\Local\Temp\ccgSCYUE.s 			page 13


 622 0393 24040000 		.4byte	0x424
 623 0397 0F       		.uleb128 0xf
 624 0398 01       		.uleb128 0x1
 625 0399 50       		.byte	0x50
 626 039a 02       		.uleb128 0x2
 627 039b 08       		.byte	0x8
 628 039c 56       		.byte	0x56
 629 039d 0F       		.uleb128 0xf
 630 039e 01       		.uleb128 0x1
 631 039f 51       		.byte	0x51
 632 03a0 02       		.uleb128 0x2
 633 03a1 08       		.byte	0x8
 634 03a2 4B       		.byte	0x4b
 635 03a3 00       		.byte	0
 636 03a4 00       		.byte	0
 637 03a5 11       		.uleb128 0x11
 638 03a6 04       		.byte	0x4
 639 03a7 AB030000 		.4byte	0x3ab
 640 03ab 12       		.uleb128 0x12
 641 03ac F2010000 		.4byte	0x1f2
 642 03b0 12       		.uleb128 0x12
 643 03b1 A5030000 		.4byte	0x3a5
 644 03b5 13       		.uleb128 0x13
 645 03b6 A5000000 		.4byte	0xa5
 646 03ba C5030000 		.4byte	0x3c5
 647 03be 14       		.uleb128 0x14
 648 03bf EA000000 		.4byte	0xea
 649 03c3 7F       		.byte	0x7f
 650 03c4 00       		.byte	0
 651 03c5 15       		.uleb128 0x15
 652 03c6 8A040000 		.4byte	.LASF57
 653 03ca 08       		.byte	0x8
 654 03cb 40       		.byte	0x40
 655 03cc C9000000 		.4byte	0xc9
 656 03d0 15       		.uleb128 0x15
 657 03d1 AC010000 		.4byte	.LASF58
 658 03d5 08       		.byte	0x8
 659 03d6 47       		.byte	0x47
 660 03d7 D4000000 		.4byte	0xd4
 661 03db 15       		.uleb128 0x15
 662 03dc FC030000 		.4byte	.LASF59
 663 03e0 08       		.byte	0x8
 664 03e1 4A       		.byte	0x4a
 665 03e2 C9000000 		.4byte	0xc9
 666 03e6 15       		.uleb128 0x15
 667 03e7 4D010000 		.4byte	.LASF60
 668 03eb 09       		.byte	0x9
 669 03ec 48       		.byte	0x48
 670 03ed DF000000 		.4byte	0xdf
 671 03f1 15       		.uleb128 0x15
 672 03f2 38010000 		.4byte	.LASF61
 673 03f6 0A       		.byte	0xa
 674 03f7 44       		.byte	0x44
 675 03f8 C9000000 		.4byte	0xc9
 676 03fc 16       		.uleb128 0x16
 677 03fd 64040000 		.4byte	.LASF62
 678 0401 0B       		.byte	0xb
ARM GAS  C:\Users\aditi\AppData\Local\Temp\ccgSCYUE.s 			page 14


 679 0402 1207     		.2byte	0x712
 680 0404 08040000 		.4byte	0x408
 681 0408 17       		.uleb128 0x17
 682 0409 8C000000 		.4byte	0x8c
 683 040d 18       		.uleb128 0x18
 684 040e 76020000 		.4byte	.LASF63
 685 0412 76020000 		.4byte	.LASF63
 686 0416 0C       		.byte	0xc
 687 0417 E7       		.byte	0xe7
 688 0418 19       		.uleb128 0x19
 689 0419 62000000 		.4byte	.LASF64
 690 041d 62000000 		.4byte	.LASF64
 691 0421 0D       		.byte	0xd
 692 0422 AC01     		.2byte	0x1ac
 693 0424 19       		.uleb128 0x19
 694 0425 CC030000 		.4byte	.LASF65
 695 0429 CC030000 		.4byte	.LASF65
 696 042d 0D       		.byte	0xd
 697 042e 7501     		.2byte	0x175
 698 0430 00       		.byte	0
 699              		.section	.debug_abbrev,"",%progbits
 700              	.Ldebug_abbrev0:
 701 0000 01       		.uleb128 0x1
 702 0001 11       		.uleb128 0x11
 703 0002 01       		.byte	0x1
 704 0003 25       		.uleb128 0x25
 705 0004 0E       		.uleb128 0xe
 706 0005 13       		.uleb128 0x13
 707 0006 0B       		.uleb128 0xb
 708 0007 03       		.uleb128 0x3
 709 0008 0E       		.uleb128 0xe
 710 0009 1B       		.uleb128 0x1b
 711 000a 0E       		.uleb128 0xe
 712 000b 55       		.uleb128 0x55
 713 000c 17       		.uleb128 0x17
 714 000d 11       		.uleb128 0x11
 715 000e 01       		.uleb128 0x1
 716 000f 10       		.uleb128 0x10
 717 0010 17       		.uleb128 0x17
 718 0011 00       		.byte	0
 719 0012 00       		.byte	0
 720 0013 02       		.uleb128 0x2
 721 0014 24       		.uleb128 0x24
 722 0015 00       		.byte	0
 723 0016 0B       		.uleb128 0xb
 724 0017 0B       		.uleb128 0xb
 725 0018 3E       		.uleb128 0x3e
 726 0019 0B       		.uleb128 0xb
 727 001a 03       		.uleb128 0x3
 728 001b 0E       		.uleb128 0xe
 729 001c 00       		.byte	0
 730 001d 00       		.byte	0
 731 001e 03       		.uleb128 0x3
 732 001f 16       		.uleb128 0x16
 733 0020 00       		.byte	0
 734 0021 03       		.uleb128 0x3
 735 0022 0E       		.uleb128 0xe
ARM GAS  C:\Users\aditi\AppData\Local\Temp\ccgSCYUE.s 			page 15


 736 0023 3A       		.uleb128 0x3a
 737 0024 0B       		.uleb128 0xb
 738 0025 3B       		.uleb128 0x3b
 739 0026 0B       		.uleb128 0xb
 740 0027 49       		.uleb128 0x49
 741 0028 13       		.uleb128 0x13
 742 0029 00       		.byte	0
 743 002a 00       		.byte	0
 744 002b 04       		.uleb128 0x4
 745 002c 24       		.uleb128 0x24
 746 002d 00       		.byte	0
 747 002e 0B       		.uleb128 0xb
 748 002f 0B       		.uleb128 0xb
 749 0030 3E       		.uleb128 0x3e
 750 0031 0B       		.uleb128 0xb
 751 0032 03       		.uleb128 0x3
 752 0033 08       		.uleb128 0x8
 753 0034 00       		.byte	0
 754 0035 00       		.byte	0
 755 0036 05       		.uleb128 0x5
 756 0037 04       		.uleb128 0x4
 757 0038 01       		.byte	0x1
 758 0039 0B       		.uleb128 0xb
 759 003a 0B       		.uleb128 0xb
 760 003b 49       		.uleb128 0x49
 761 003c 13       		.uleb128 0x13
 762 003d 3A       		.uleb128 0x3a
 763 003e 0B       		.uleb128 0xb
 764 003f 3B       		.uleb128 0x3b
 765 0040 0B       		.uleb128 0xb
 766 0041 01       		.uleb128 0x1
 767 0042 13       		.uleb128 0x13
 768 0043 00       		.byte	0
 769 0044 00       		.byte	0
 770 0045 06       		.uleb128 0x6
 771 0046 28       		.uleb128 0x28
 772 0047 00       		.byte	0
 773 0048 03       		.uleb128 0x3
 774 0049 0E       		.uleb128 0xe
 775 004a 1C       		.uleb128 0x1c
 776 004b 0B       		.uleb128 0xb
 777 004c 00       		.byte	0
 778 004d 00       		.byte	0
 779 004e 07       		.uleb128 0x7
 780 004f 28       		.uleb128 0x28
 781 0050 00       		.byte	0
 782 0051 03       		.uleb128 0x3
 783 0052 0E       		.uleb128 0xe
 784 0053 1C       		.uleb128 0x1c
 785 0054 0D       		.uleb128 0xd
 786 0055 00       		.byte	0
 787 0056 00       		.byte	0
 788 0057 08       		.uleb128 0x8
 789 0058 13       		.uleb128 0x13
 790 0059 01       		.byte	0x1
 791 005a 0B       		.uleb128 0xb
 792 005b 0B       		.uleb128 0xb
ARM GAS  C:\Users\aditi\AppData\Local\Temp\ccgSCYUE.s 			page 16


 793 005c 3A       		.uleb128 0x3a
 794 005d 0B       		.uleb128 0xb
 795 005e 3B       		.uleb128 0x3b
 796 005f 0B       		.uleb128 0xb
 797 0060 01       		.uleb128 0x1
 798 0061 13       		.uleb128 0x13
 799 0062 00       		.byte	0
 800 0063 00       		.byte	0
 801 0064 09       		.uleb128 0x9
 802 0065 0D       		.uleb128 0xd
 803 0066 00       		.byte	0
 804 0067 03       		.uleb128 0x3
 805 0068 0E       		.uleb128 0xe
 806 0069 3A       		.uleb128 0x3a
 807 006a 0B       		.uleb128 0xb
 808 006b 3B       		.uleb128 0x3b
 809 006c 0B       		.uleb128 0xb
 810 006d 49       		.uleb128 0x49
 811 006e 13       		.uleb128 0x13
 812 006f 38       		.uleb128 0x38
 813 0070 0B       		.uleb128 0xb
 814 0071 00       		.byte	0
 815 0072 00       		.byte	0
 816 0073 0A       		.uleb128 0xa
 817 0074 2E       		.uleb128 0x2e
 818 0075 01       		.byte	0x1
 819 0076 3F       		.uleb128 0x3f
 820 0077 19       		.uleb128 0x19
 821 0078 03       		.uleb128 0x3
 822 0079 0E       		.uleb128 0xe
 823 007a 3A       		.uleb128 0x3a
 824 007b 0B       		.uleb128 0xb
 825 007c 3B       		.uleb128 0x3b
 826 007d 0B       		.uleb128 0xb
 827 007e 27       		.uleb128 0x27
 828 007f 19       		.uleb128 0x19
 829 0080 49       		.uleb128 0x49
 830 0081 13       		.uleb128 0x13
 831 0082 11       		.uleb128 0x11
 832 0083 01       		.uleb128 0x1
 833 0084 12       		.uleb128 0x12
 834 0085 06       		.uleb128 0x6
 835 0086 40       		.uleb128 0x40
 836 0087 18       		.uleb128 0x18
 837 0088 9742     		.uleb128 0x2117
 838 008a 19       		.uleb128 0x19
 839 008b 01       		.uleb128 0x1
 840 008c 13       		.uleb128 0x13
 841 008d 00       		.byte	0
 842 008e 00       		.byte	0
 843 008f 0B       		.uleb128 0xb
 844 0090 05       		.uleb128 0x5
 845 0091 00       		.byte	0
 846 0092 03       		.uleb128 0x3
 847 0093 0E       		.uleb128 0xe
 848 0094 3A       		.uleb128 0x3a
 849 0095 0B       		.uleb128 0xb
ARM GAS  C:\Users\aditi\AppData\Local\Temp\ccgSCYUE.s 			page 17


 850 0096 3B       		.uleb128 0x3b
 851 0097 0B       		.uleb128 0xb
 852 0098 49       		.uleb128 0x49
 853 0099 13       		.uleb128 0x13
 854 009a 02       		.uleb128 0x2
 855 009b 17       		.uleb128 0x17
 856 009c 00       		.byte	0
 857 009d 00       		.byte	0
 858 009e 0C       		.uleb128 0xc
 859 009f 0B       		.uleb128 0xb
 860 00a0 01       		.byte	0x1
 861 00a1 11       		.uleb128 0x11
 862 00a2 01       		.uleb128 0x1
 863 00a3 12       		.uleb128 0x12
 864 00a4 06       		.uleb128 0x6
 865 00a5 01       		.uleb128 0x1
 866 00a6 13       		.uleb128 0x13
 867 00a7 00       		.byte	0
 868 00a8 00       		.byte	0
 869 00a9 0D       		.uleb128 0xd
 870 00aa 34       		.uleb128 0x34
 871 00ab 00       		.byte	0
 872 00ac 03       		.uleb128 0x3
 873 00ad 0E       		.uleb128 0xe
 874 00ae 3A       		.uleb128 0x3a
 875 00af 0B       		.uleb128 0xb
 876 00b0 3B       		.uleb128 0x3b
 877 00b1 0B       		.uleb128 0xb
 878 00b2 49       		.uleb128 0x49
 879 00b3 13       		.uleb128 0x13
 880 00b4 02       		.uleb128 0x2
 881 00b5 18       		.uleb128 0x18
 882 00b6 00       		.byte	0
 883 00b7 00       		.byte	0
 884 00b8 0E       		.uleb128 0xe
 885 00b9 898201   		.uleb128 0x4109
 886 00bc 01       		.byte	0x1
 887 00bd 11       		.uleb128 0x11
 888 00be 01       		.uleb128 0x1
 889 00bf 31       		.uleb128 0x31
 890 00c0 13       		.uleb128 0x13
 891 00c1 01       		.uleb128 0x1
 892 00c2 13       		.uleb128 0x13
 893 00c3 00       		.byte	0
 894 00c4 00       		.byte	0
 895 00c5 0F       		.uleb128 0xf
 896 00c6 8A8201   		.uleb128 0x410a
 897 00c9 00       		.byte	0
 898 00ca 02       		.uleb128 0x2
 899 00cb 18       		.uleb128 0x18
 900 00cc 9142     		.uleb128 0x2111
 901 00ce 18       		.uleb128 0x18
 902 00cf 00       		.byte	0
 903 00d0 00       		.byte	0
 904 00d1 10       		.uleb128 0x10
 905 00d2 898201   		.uleb128 0x4109
 906 00d5 01       		.byte	0x1
ARM GAS  C:\Users\aditi\AppData\Local\Temp\ccgSCYUE.s 			page 18


 907 00d6 11       		.uleb128 0x11
 908 00d7 01       		.uleb128 0x1
 909 00d8 31       		.uleb128 0x31
 910 00d9 13       		.uleb128 0x13
 911 00da 00       		.byte	0
 912 00db 00       		.byte	0
 913 00dc 11       		.uleb128 0x11
 914 00dd 0F       		.uleb128 0xf
 915 00de 00       		.byte	0
 916 00df 0B       		.uleb128 0xb
 917 00e0 0B       		.uleb128 0xb
 918 00e1 49       		.uleb128 0x49
 919 00e2 13       		.uleb128 0x13
 920 00e3 00       		.byte	0
 921 00e4 00       		.byte	0
 922 00e5 12       		.uleb128 0x12
 923 00e6 26       		.uleb128 0x26
 924 00e7 00       		.byte	0
 925 00e8 49       		.uleb128 0x49
 926 00e9 13       		.uleb128 0x13
 927 00ea 00       		.byte	0
 928 00eb 00       		.byte	0
 929 00ec 13       		.uleb128 0x13
 930 00ed 01       		.uleb128 0x1
 931 00ee 01       		.byte	0x1
 932 00ef 49       		.uleb128 0x49
 933 00f0 13       		.uleb128 0x13
 934 00f1 01       		.uleb128 0x1
 935 00f2 13       		.uleb128 0x13
 936 00f3 00       		.byte	0
 937 00f4 00       		.byte	0
 938 00f5 14       		.uleb128 0x14
 939 00f6 21       		.uleb128 0x21
 940 00f7 00       		.byte	0
 941 00f8 49       		.uleb128 0x49
 942 00f9 13       		.uleb128 0x13
 943 00fa 2F       		.uleb128 0x2f
 944 00fb 0B       		.uleb128 0xb
 945 00fc 00       		.byte	0
 946 00fd 00       		.byte	0
 947 00fe 15       		.uleb128 0x15
 948 00ff 34       		.uleb128 0x34
 949 0100 00       		.byte	0
 950 0101 03       		.uleb128 0x3
 951 0102 0E       		.uleb128 0xe
 952 0103 3A       		.uleb128 0x3a
 953 0104 0B       		.uleb128 0xb
 954 0105 3B       		.uleb128 0x3b
 955 0106 0B       		.uleb128 0xb
 956 0107 49       		.uleb128 0x49
 957 0108 13       		.uleb128 0x13
 958 0109 3F       		.uleb128 0x3f
 959 010a 19       		.uleb128 0x19
 960 010b 3C       		.uleb128 0x3c
 961 010c 19       		.uleb128 0x19
 962 010d 00       		.byte	0
 963 010e 00       		.byte	0
ARM GAS  C:\Users\aditi\AppData\Local\Temp\ccgSCYUE.s 			page 19


 964 010f 16       		.uleb128 0x16
 965 0110 34       		.uleb128 0x34
 966 0111 00       		.byte	0
 967 0112 03       		.uleb128 0x3
 968 0113 0E       		.uleb128 0xe
 969 0114 3A       		.uleb128 0x3a
 970 0115 0B       		.uleb128 0xb
 971 0116 3B       		.uleb128 0x3b
 972 0117 05       		.uleb128 0x5
 973 0118 49       		.uleb128 0x49
 974 0119 13       		.uleb128 0x13
 975 011a 3F       		.uleb128 0x3f
 976 011b 19       		.uleb128 0x19
 977 011c 3C       		.uleb128 0x3c
 978 011d 19       		.uleb128 0x19
 979 011e 00       		.byte	0
 980 011f 00       		.byte	0
 981 0120 17       		.uleb128 0x17
 982 0121 35       		.uleb128 0x35
 983 0122 00       		.byte	0
 984 0123 49       		.uleb128 0x49
 985 0124 13       		.uleb128 0x13
 986 0125 00       		.byte	0
 987 0126 00       		.byte	0
 988 0127 18       		.uleb128 0x18
 989 0128 2E       		.uleb128 0x2e
 990 0129 00       		.byte	0
 991 012a 3F       		.uleb128 0x3f
 992 012b 19       		.uleb128 0x19
 993 012c 3C       		.uleb128 0x3c
 994 012d 19       		.uleb128 0x19
 995 012e 6E       		.uleb128 0x6e
 996 012f 0E       		.uleb128 0xe
 997 0130 03       		.uleb128 0x3
 998 0131 0E       		.uleb128 0xe
 999 0132 3A       		.uleb128 0x3a
 1000 0133 0B       		.uleb128 0xb
 1001 0134 3B       		.uleb128 0x3b
 1002 0135 0B       		.uleb128 0xb
 1003 0136 00       		.byte	0
 1004 0137 00       		.byte	0
 1005 0138 19       		.uleb128 0x19
 1006 0139 2E       		.uleb128 0x2e
 1007 013a 00       		.byte	0
 1008 013b 3F       		.uleb128 0x3f
 1009 013c 19       		.uleb128 0x19
 1010 013d 3C       		.uleb128 0x3c
 1011 013e 19       		.uleb128 0x19
 1012 013f 6E       		.uleb128 0x6e
 1013 0140 0E       		.uleb128 0xe
 1014 0141 03       		.uleb128 0x3
 1015 0142 0E       		.uleb128 0xe
 1016 0143 3A       		.uleb128 0x3a
 1017 0144 0B       		.uleb128 0xb
 1018 0145 3B       		.uleb128 0x3b
 1019 0146 05       		.uleb128 0x5
 1020 0147 00       		.byte	0
ARM GAS  C:\Users\aditi\AppData\Local\Temp\ccgSCYUE.s 			page 20


 1021 0148 00       		.byte	0
 1022 0149 00       		.byte	0
 1023              		.section	.debug_loc,"",%progbits
 1024              	.Ldebug_loc0:
 1025              	.LLST0:
 1026 0000 00000000 		.4byte	.LVL0
 1027 0004 0A000000 		.4byte	.LVL1
 1028 0008 0100     		.2byte	0x1
 1029 000a 50       		.byte	0x50
 1030 000b 0A000000 		.4byte	.LVL1
 1031 000f 6E000000 		.4byte	.LVL14
 1032 0013 0100     		.2byte	0x1
 1033 0015 55       		.byte	0x55
 1034 0016 6E000000 		.4byte	.LVL14
 1035 001a 74000000 		.4byte	.LFE111
 1036 001e 0400     		.2byte	0x4
 1037 0020 F3       		.byte	0xf3
 1038 0021 01       		.uleb128 0x1
 1039 0022 50       		.byte	0x50
 1040 0023 9F       		.byte	0x9f
 1041 0024 00000000 		.4byte	0
 1042 0028 00000000 		.4byte	0
 1043              		.section	.debug_aranges,"",%progbits
 1044 0000 1C000000 		.4byte	0x1c
 1045 0004 0200     		.2byte	0x2
 1046 0006 00000000 		.4byte	.Ldebug_info0
 1047 000a 04       		.byte	0x4
 1048 000b 00       		.byte	0
 1049 000c 0000     		.2byte	0
 1050 000e 0000     		.2byte	0
 1051 0010 00000000 		.4byte	.LFB111
 1052 0014 74000000 		.4byte	.LFE111-.LFB111
 1053 0018 00000000 		.4byte	0
 1054 001c 00000000 		.4byte	0
 1055              		.section	.debug_ranges,"",%progbits
 1056              	.Ldebug_ranges0:
 1057 0000 00000000 		.4byte	.LFB111
 1058 0004 74000000 		.4byte	.LFE111
 1059 0008 00000000 		.4byte	0
 1060 000c 00000000 		.4byte	0
 1061              		.section	.debug_line,"",%progbits
 1062              	.Ldebug_line0:
 1063 0000 D2020000 		.section	.debug_str,"MS",%progbits,1
 1063      0200B402 
 1063      00000201 
 1063      FB0E0D00 
 1063      01010101 
 1064              	.LASF37:
 1065 0000 52435F45 		.ascii	"RC_ERROR_READ_ONLY\000"
 1065      52524F52 
 1065      5F524541 
 1065      445F4F4E 
 1065      4C5900
 1066              	.LASF23:
 1067 0013 52435F53 		.ascii	"RC_SUCCESS\000"
 1067      55434345 
 1067      535300
ARM GAS  C:\Users\aditi\AppData\Local\Temp\ccgSCYUE.s 			page 21


 1068              	.LASF38:
 1069 001e 52435F45 		.ascii	"RC_ERROR_WRITE_ONLY\000"
 1069      52524F52 
 1069      5F575249 
 1069      54455F4F 
 1069      4E4C5900 
 1070              	.LASF2:
 1071 0032 73686F72 		.ascii	"short int\000"
 1071      7420696E 
 1071      7400
 1072              	.LASF29:
 1073 003c 52435F45 		.ascii	"RC_ERROR_OVERRUN\000"
 1073      52524F52 
 1073      5F4F5645 
 1073      5252554E 
 1073      00
 1074              	.LASF41:
 1075 004d 52435F45 		.ascii	"RC_ERROR_WRITE_FAILS\000"
 1075      52524F52 
 1075      5F575249 
 1075      54455F46 
 1075      41494C53 
 1076              	.LASF64:
 1077 0062 5446545F 		.ascii	"TFT_print\000"
 1077      7072696E 
 1077      7400
 1078              	.LASF22:
 1079 006c 73697A65 		.ascii	"sizetype\000"
 1079      74797065 
 1079      00
 1080              	.LASF69:
 1081 0075 53435F44 		.ascii	"SC_DISPLAY_driverOut\000"
 1081      4953504C 
 1081      41595F64 
 1081      72697665 
 1081      724F7574 
 1082              	.LASF26:
 1083 008a 52435F45 		.ascii	"RC_ERROR_ZERO\000"
 1083      52524F52 
 1083      5F5A4552 
 1083      4F00
 1084              	.LASF20:
 1085 0098 45455F46 		.ascii	"EE_FREG\000"
 1085      52454700 
 1086              	.LASF40:
 1087 00a0 52435F45 		.ascii	"RC_ERROR_READ_FAILS\000"
 1087      52524F52 
 1087      5F524541 
 1087      445F4641 
 1087      494C5300 
 1088              	.LASF18:
 1089 00b4 45455F55 		.ascii	"EE_UINT32\000"
 1089      494E5433 
 1089      3200
 1090              	.LASF68:
 1091 00be 433A5C44 		.ascii	"C:\\Darmstadt\\SecondSem\\EAA\\Lab2\\Lab2_EAA\\Elec"
 1091      61726D73 
ARM GAS  C:\Users\aditi\AppData\Local\Temp\ccgSCYUE.s 			page 22


 1091      74616474 
 1091      5C536563 
 1091      6F6E6453 
 1092 00eb 74726F6E 		.ascii	"tronicClock_v1.cydsn\000"
 1092      6963436C 
 1092      6F636B5F 
 1092      76312E63 
 1092      7964736E 
 1093              	.LASF21:
 1094 0100 45455F54 		.ascii	"EE_TID\000"
 1094      494400
 1095              	.LASF55:
 1096 0107 53435F44 		.ascii	"SC_DISPLAY_data_t\000"
 1096      4953504C 
 1096      41595F64 
 1096      6174615F 
 1096      7400
 1097              	.LASF11:
 1098 0119 75696E74 		.ascii	"uint8_t\000"
 1098      385F7400 
 1099              	.LASF46:
 1100 0121 52435F45 		.ascii	"RC_ERROR_INVALID_STATE\000"
 1100      52524F52 
 1100      5F494E56 
 1100      414C4944 
 1100      5F535441 
 1101              	.LASF61:
 1102 0138 45455F49 		.ascii	"EE_IRQ_nesting_level\000"
 1102      52515F6E 
 1102      65737469 
 1102      6E675F6C 
 1102      6576656C 
 1103              	.LASF60:
 1104 014d 45455F73 		.ascii	"EE_std_endcycle_next_tid\000"
 1104      74645F65 
 1104      6E646379 
 1104      636C655F 
 1104      6E657874 
 1105              	.LASF28:
 1106 0166 52435F45 		.ascii	"RC_ERROR_RANGE\000"
 1106      52524F52 
 1106      5F52414E 
 1106      474500
 1107              	.LASF13:
 1108 0175 666C6F61 		.ascii	"float\000"
 1108      7400
 1109              	.LASF51:
 1110 017b 74656E73 		.ascii	"tensValue\000"
 1110      56616C75 
 1110      6500
 1111              	.LASF48:
 1112 0185 52435F45 		.ascii	"RC_ERROR_NOT_IMPLEMENTED\000"
 1112      52524F52 
 1112      5F4E4F54 
 1112      5F494D50 
 1112      4C454D45 
 1113              	.LASF8:
ARM GAS  C:\Users\aditi\AppData\Local\Temp\ccgSCYUE.s 			page 23


 1114 019e 6C6F6E67 		.ascii	"long long int\000"
 1114      206C6F6E 
 1114      6720696E 
 1114      7400
 1115              	.LASF58:
 1116 01ac 45455F6F 		.ascii	"EE_oo_IRQ_suspend_status\000"
 1116      6F5F4952 
 1116      515F7375 
 1116      7370656E 
 1116      645F7374 
 1117              	.LASF42:
 1118 01c5 52435F45 		.ascii	"RC_ERROR_NOT_MATCH\000"
 1118      52524F52 
 1118      5F4E4F54 
 1118      5F4D4154 
 1118      434800
 1119              	.LASF47:
 1120 01d8 52435F45 		.ascii	"RC_ERROR_UNKNOWN\000"
 1120      52524F52 
 1120      5F554E4B 
 1120      4E4F574E 
 1120      00
 1121              	.LASF6:
 1122 01e9 6C6F6E67 		.ascii	"long int\000"
 1122      20696E74 
 1122      00
 1123              	.LASF30:
 1124 01f2 52435F45 		.ascii	"RC_ERROR_UNDERRUN\000"
 1124      52524F52 
 1124      5F554E44 
 1124      45525255 
 1124      4E00
 1125              	.LASF33:
 1126 0204 52435F45 		.ascii	"RC_ERROR_BUSY\000"
 1126      52524F52 
 1126      5F425553 
 1126      5900
 1127              	.LASF4:
 1128 0212 5F5F7569 		.ascii	"__uint8_t\000"
 1128      6E74385F 
 1128      7400
 1129              	.LASF39:
 1130 021c 52435F45 		.ascii	"RC_ERROR_INVALID\000"
 1130      52524F52 
 1130      5F494E56 
 1130      414C4944 
 1130      00
 1131              	.LASF44:
 1132 022d 52435F45 		.ascii	"RC_ERROR_BAD_DATA\000"
 1132      52524F52 
 1132      5F424144 
 1132      5F444154 
 1132      4100
 1133              	.LASF67:
 1134 023f 736F7572 		.ascii	"source\\rte\\sc_display_type.c\000"
 1134      63655C72 
 1134      74655C73 
ARM GAS  C:\Users\aditi\AppData\Local\Temp\ccgSCYUE.s 			page 24


 1134      635F6469 
 1134      73706C61 
 1135              	.LASF16:
 1136 025c 6C6F6E67 		.ascii	"long double\000"
 1136      20646F75 
 1136      626C6500 
 1137              	.LASF1:
 1138 0268 756E7369 		.ascii	"unsigned char\000"
 1138      676E6564 
 1138      20636861 
 1138      7200
 1139              	.LASF63:
 1140 0276 73707269 		.ascii	"sprintf\000"
 1140      6E746600 
 1141              	.LASF0:
 1142 027e 7369676E 		.ascii	"signed char\000"
 1142      65642063 
 1142      68617200 
 1143              	.LASF9:
 1144 028a 6C6F6E67 		.ascii	"long long unsigned int\000"
 1144      206C6F6E 
 1144      6720756E 
 1144      7369676E 
 1144      65642069 
 1145              	.LASF54:
 1146 02a1 6D696E75 		.ascii	"minutes\000"
 1146      74657300 
 1147              	.LASF10:
 1148 02a9 756E7369 		.ascii	"unsigned int\000"
 1148      676E6564 
 1148      20696E74 
 1148      00
 1149              	.LASF35:
 1150 02b6 52435F45 		.ascii	"RC_ERROR_OPEN\000"
 1150      52524F52 
 1150      5F4F5045 
 1150      4E00
 1151              	.LASF7:
 1152 02c4 6C6F6E67 		.ascii	"long unsigned int\000"
 1152      20756E73 
 1152      69676E65 
 1152      6420696E 
 1152      7400
 1153              	.LASF25:
 1154 02d6 52435F45 		.ascii	"RC_ERROR_NULL\000"
 1154      52524F52 
 1154      5F4E554C 
 1154      4C00
 1155              	.LASF32:
 1156 02e4 52435F45 		.ascii	"RC_ERROR_BUFFER_EMTPY\000"
 1156      52524F52 
 1156      5F425546 
 1156      4645525F 
 1156      454D5450 
 1157              	.LASF17:
 1158 02fa 45455F49 		.ascii	"EE_INT32\000"
 1158      4E543332 
ARM GAS  C:\Users\aditi\AppData\Local\Temp\ccgSCYUE.s 			page 25


 1158      00
 1159              	.LASF3:
 1160 0303 73686F72 		.ascii	"short unsigned int\000"
 1160      7420756E 
 1160      7369676E 
 1160      65642069 
 1160      6E7400
 1161              	.LASF66:
 1162 0316 474E5520 		.ascii	"GNU C11 5.4.1 20160609 (release) [ARM/embedded-5-br"
 1162      43313120 
 1162      352E342E 
 1162      31203230 
 1162      31363036 
 1163 0349 616E6368 		.ascii	"anch revision 237715] -mcpu=cortex-m3 -mthumb -g -O"
 1163      20726576 
 1163      6973696F 
 1163      6E203233 
 1163      37373135 
 1164 037c 67202D66 		.ascii	"g -ffunction-sections -ffat-lto-objects\000"
 1164      66756E63 
 1164      74696F6E 
 1164      2D736563 
 1164      74696F6E 
 1165              	.LASF53:
 1166 03a4 686F7572 		.ascii	"hours\000"
 1166      7300
 1167              	.LASF15:
 1168 03aa 63686172 		.ascii	"char\000"
 1168      00
 1169              	.LASF31:
 1170 03af 52435F45 		.ascii	"RC_ERROR_BUFFER_FULL\000"
 1170      52524F52 
 1170      5F425546 
 1170      4645525F 
 1170      46554C4C 
 1171              	.LASF12:
 1172 03c4 696E7433 		.ascii	"int32_t\000"
 1172      325F7400 
 1173              	.LASF65:
 1174 03cc 5446545F 		.ascii	"TFT_setCursor\000"
 1174      73657443 
 1174      7572736F 
 1174      7200
 1175              	.LASF43:
 1176 03da 52435F45 		.ascii	"RC_ERROR_BAD_PARAM\000"
 1176      52524F52 
 1176      5F424144 
 1176      5F504152 
 1176      414D00
 1177              	.LASF70:
 1178 03ed 64617461 		.ascii	"data\000"
 1178      00
 1179              	.LASF50:
 1180 03f2 756E6974 		.ascii	"unitValue\000"
 1180      56616C75 
 1180      6500
 1181              	.LASF59:
ARM GAS  C:\Users\aditi\AppData\Local\Temp\ccgSCYUE.s 			page 26


 1182 03fc 45455F41 		.ascii	"EE_ApplicationMode\000"
 1182      70706C69 
 1182      63617469 
 1182      6F6E4D6F 
 1182      646500
 1183              	.LASF52:
 1184 040f 44495350 		.ascii	"DISPLAY_digit_t\000"
 1184      4C41595F 
 1184      64696769 
 1184      745F7400 
 1185              	.LASF14:
 1186 041f 646F7562 		.ascii	"double\000"
 1186      6C6500
 1187              	.LASF36:
 1188 0426 52435F45 		.ascii	"RC_ERROR_CHECKSUM\000"
 1188      52524F52 
 1188      5F434845 
 1188      434B5355 
 1188      4D00
 1189              	.LASF19:
 1190 0438 45455F55 		.ascii	"EE_UREG\000"
 1190      52454700 
 1191              	.LASF5:
 1192 0440 5F5F696E 		.ascii	"__int32_t\000"
 1192      7433325F 
 1192      7400
 1193              	.LASF56:
 1194 044a 7466745F 		.ascii	"tft_buf\000"
 1194      62756600 
 1195              	.LASF45:
 1196 0452 52435F45 		.ascii	"RC_ERROR_CANCELED\000"
 1196      52524F52 
 1196      5F43414E 
 1196      43454C45 
 1196      4400
 1197              	.LASF62:
 1198 0464 49544D5F 		.ascii	"ITM_RxBuffer\000"
 1198      52784275 
 1198      66666572 
 1198      00
 1199              	.LASF24:
 1200 0471 52435F45 		.ascii	"RC_ERROR\000"
 1200      52524F52 
 1200      00
 1201              	.LASF27:
 1202 047a 52435F45 		.ascii	"RC_ERROR_MEMORY\000"
 1202      52524F52 
 1202      5F4D454D 
 1202      4F525900 
 1203              	.LASF57:
 1204 048a 45455F6F 		.ascii	"EE_oo_IRQ_disable_count\000"
 1204      6F5F4952 
 1204      515F6469 
 1204      7361626C 
 1204      655F636F 
 1205              	.LASF49:
 1206 04a2 52435F74 		.ascii	"RC_t\000"
ARM GAS  C:\Users\aditi\AppData\Local\Temp\ccgSCYUE.s 			page 27


 1206      00
 1207              	.LASF34:
 1208 04a7 52435F45 		.ascii	"RC_ERROR_TIME_OUT\000"
 1208      52524F52 
 1208      5F54494D 
 1208      455F4F55 
 1208      5400
 1209              		.ident	"GCC: (GNU Tools for ARM Embedded Processors) 5.4.1 20160609 (release) [ARM/embedded-5-bran
