ARM GAS  C:\Users\aditi\AppData\Local\Temp\cctLoRYs.s 			page 1


   1              		.syntax unified
   2              		.cpu cortex-m3
   3              		.fpu softvfp
   4              		.eabi_attribute 20, 1
   5              		.eabi_attribute 21, 1
   6              		.eabi_attribute 23, 3
   7              		.eabi_attribute 24, 1
   8              		.eabi_attribute 25, 1
   9              		.eabi_attribute 26, 1
  10              		.eabi_attribute 30, 1
  11              		.eabi_attribute 34, 1
  12              		.eabi_attribute 18, 4
  13              		.thumb
  14              		.syntax unified
  15              		.file	"tsk_system.c"
  16              		.text
  17              	.Ltext0:
  18              		.cfi_sections	.debug_frame
  19              		.section	.text.Functsk_system,"ax",%progbits
  20              		.align	2
  21              		.global	Functsk_system
  22              		.thumb
  23              		.thumb_func
  24              		.type	Functsk_system, %function
  25              	Functsk_system:
  26              	.LFB110:
  27              		.file 1 "source\\asw\\tsk_system.c"
   1:source\asw/tsk_system.c **** 
   2:source\asw/tsk_system.c **** 
   3:source\asw/tsk_system.c **** /*
   4:source\asw/tsk_system.c ****  * Filename: tsk_system.c
   5:source\asw/tsk_system.c ****  *
   6:source\asw/tsk_system.c ****  * Author: Autogenerated by H-DA RTE Generator, (c) Prof. Fromm
   7:source\asw/tsk_system.c ****  */
   8:source\asw/tsk_system.c **** 
   9:source\asw/tsk_system.c **** #include "project.h"
  10:source\asw/tsk_system.c **** #include "global.h"
  11:source\asw/tsk_system.c **** #include "rte.h"
  12:source\asw/tsk_system.c **** #include "rte_types.h"
  13:source\asw/tsk_system.c **** #include "tsk_system.h"
  14:source\asw/tsk_system.c **** 
  15:source\asw/tsk_system.c **** 
  16:source\asw/tsk_system.c **** 
  17:source\asw/tsk_system.c **** /* USER CODE START TSK_SYSTEM_INCLUDE */
  18:source\asw/tsk_system.c **** 
  19:source\asw/tsk_system.c **** /* USER CODE END TSK_SYSTEM_INCLUDE */
  20:source\asw/tsk_system.c **** 
  21:source\asw/tsk_system.c **** 
  22:source\asw/tsk_system.c **** 
  23:source\asw/tsk_system.c **** 
  24:source\asw/tsk_system.c **** /* USER CODE START TSK_SYSTEM_USERDEFINITIONS */
  25:source\asw/tsk_system.c **** 
  26:source\asw/tsk_system.c **** /* USER CODE END TSK_SYSTEM_USERDEFINITIONS */
  27:source\asw/tsk_system.c **** 
  28:source\asw/tsk_system.c **** /*******************************************************************************
  29:source\asw/tsk_system.c ****  * Runnable Tables from Activation Engine
  30:source\asw/tsk_system.c ****  *******************************************************************************/
ARM GAS  C:\Users\aditi\AppData\Local\Temp\cctLoRYs.s 			page 2


  31:source\asw/tsk_system.c **** 
  32:source\asw/tsk_system.c **** 
  33:source\asw/tsk_system.c **** /*******************************************************************************
  34:source\asw/tsk_system.c ****  * Task Body
  35:source\asw/tsk_system.c ****  *******************************************************************************/
  36:source\asw/tsk_system.c **** 
  37:source\asw/tsk_system.c **** 
  38:source\asw/tsk_system.c **** /*
  39:source\asw/tsk_system.c **** * description: System task to update the age of signals
  40:source\asw/tsk_system.c **** * events: 
  41:source\asw/tsk_system.c **** * mode: System
  42:source\asw/tsk_system.c **** * name: tsk_system
  43:source\asw/tsk_system.c **** * shortname: system
  44:source\asw/tsk_system.c **** * signalpoolsRO: sp_common
  45:source\asw/tsk_system.c **** * signalpoolsRW: sp_common
  46:source\asw/tsk_system.c **** * tickEvent: 0
  47:source\asw/tsk_system.c **** * timertickperiod: 1
  48:source\asw/tsk_system.c **** */
  49:source\asw/tsk_system.c **** TASK(tsk_system)
  50:source\asw/tsk_system.c **** {
  28              		.loc 1 50 0
  29              		.cfi_startproc
  30              		@ args = 0, pretend = 0, frame = 0
  31              		@ frame_needed = 0, uses_anonymous_args = 0
  32 0000 08B5     		push	{r3, lr}
  33              		.cfi_def_cfa_offset 8
  34              		.cfi_offset 3, -8
  35              		.cfi_offset 14, -4
  51:source\asw/tsk_system.c **** 	//Increment the age of all signals
  52:source\asw/tsk_system.c **** 	//Ticktime of the task: 1 ms
  53:source\asw/tsk_system.c ****     
  54:source\asw/tsk_system.c **** 	/* USER CODE START TSK_SYSTEM_TASKBOBY_PRE */
  55:source\asw/tsk_system.c **** 
  56:source\asw/tsk_system.c **** 	/* USER CODE END TSK_SYSTEM_TASKBODY_PRE */
  57:source\asw/tsk_system.c **** 	
  58:source\asw/tsk_system.c ****     // tick for signalpool sp_common
  59:source\asw/tsk_system.c ****     RTE_timertick_sp_common_tick(1);
  36              		.loc 1 59 0
  37 0002 0120     		movs	r0, #1
  38 0004 FFF7FEFF 		bl	RTE_timertick_sp_common_tick
  39              	.LVL0:
  40 0008 08BD     		pop	{r3, pc}
  41              		.cfi_endproc
  42              	.LFE110:
  43              		.size	Functsk_system, .-Functsk_system
  44 000a 00BF     		.text
  45              	.Letext0:
  46              		.file 2 "c:\\program files (x86)\\cypress\\psoc creator\\4.4\\psoc creator\\import\\gnu\\arm\\5.4.
  47              		.file 3 "c:\\program files (x86)\\cypress\\psoc creator\\4.4\\psoc creator\\import\\gnu\\arm\\5.4.
  48              		.file 4 "Generated_Source\\PSoC5/ErikaOS_common_ee_types.inc"
  49              		.file 5 "Generated_Source\\PSoC5/ErikaOS_cortex_mx_ee_cpu.inc"
  50              		.file 6 "Generated_Source\\PSoC5/ErikaOS_ee_oo_intfunc.inc"
  51              		.file 7 "Generated_Source\\PSoC5/ErikaOS_cortex_mx_ee_context.inc"
  52              		.file 8 "Generated_Source\\PSoC5/ErikaOS_common_ee_primitives.inc"
  53              		.file 9 "Generated_Source\\PSoC5/core_cm3.h"
  54              		.section	.debug_info,"",%progbits
  55              	.Ldebug_info0:
ARM GAS  C:\Users\aditi\AppData\Local\Temp\cctLoRYs.s 			page 3


  56 0000 61010000 		.4byte	0x161
  57 0004 0400     		.2byte	0x4
  58 0006 00000000 		.4byte	.Ldebug_abbrev0
  59 000a 04       		.byte	0x4
  60 000b 01       		.uleb128 0x1
  61 000c 5C000000 		.4byte	.LASF27
  62 0010 0C       		.byte	0xc
  63 0011 37020000 		.4byte	.LASF28
  64 0015 52010000 		.4byte	.LASF29
  65 0019 00000000 		.4byte	.Ldebug_ranges0+0
  66 001d 00000000 		.4byte	0
  67 0021 00000000 		.4byte	.Ldebug_line0
  68 0025 02       		.uleb128 0x2
  69 0026 01       		.byte	0x1
  70 0027 06       		.byte	0x6
  71 0028 6E020000 		.4byte	.LASF0
  72 002c 02       		.uleb128 0x2
  73 002d 01       		.byte	0x1
  74 002e 08       		.byte	0x8
  75 002f 3D010000 		.4byte	.LASF1
  76 0033 02       		.uleb128 0x2
  77 0034 02       		.byte	0x2
  78 0035 05       		.byte	0x5
  79 0036 4F020000 		.4byte	.LASF2
  80 003a 02       		.uleb128 0x2
  81 003b 02       		.byte	0x2
  82 003c 07       		.byte	0x7
  83 003d 05010000 		.4byte	.LASF3
  84 0041 03       		.uleb128 0x3
  85 0042 00000000 		.4byte	.LASF9
  86 0046 02       		.byte	0x2
  87 0047 3F       		.byte	0x3f
  88 0048 4C000000 		.4byte	0x4c
  89 004c 02       		.uleb128 0x2
  90 004d 04       		.byte	0x4
  91 004e 05       		.byte	0x5
  92 004f 59020000 		.4byte	.LASF4
  93 0053 02       		.uleb128 0x2
  94 0054 04       		.byte	0x4
  95 0055 07       		.byte	0x7
  96 0056 F3000000 		.4byte	.LASF5
  97 005a 02       		.uleb128 0x2
  98 005b 08       		.byte	0x8
  99 005c 05       		.byte	0x5
 100 005d 07020000 		.4byte	.LASF6
 101 0061 02       		.uleb128 0x2
 102 0062 08       		.byte	0x8
 103 0063 07       		.byte	0x7
 104 0064 CC010000 		.4byte	.LASF7
 105 0068 04       		.uleb128 0x4
 106 0069 04       		.byte	0x4
 107 006a 05       		.byte	0x5
 108 006b 696E7400 		.ascii	"int\000"
 109 006f 02       		.uleb128 0x2
 110 0070 04       		.byte	0x4
 111 0071 07       		.byte	0x7
 112 0072 AD010000 		.4byte	.LASF8
ARM GAS  C:\Users\aditi\AppData\Local\Temp\cctLoRYs.s 			page 4


 113 0076 03       		.uleb128 0x3
 114 0077 F6010000 		.4byte	.LASF10
 115 007b 03       		.byte	0x3
 116 007c 2C       		.byte	0x2c
 117 007d 41000000 		.4byte	0x41
 118 0081 02       		.uleb128 0x2
 119 0082 04       		.byte	0x4
 120 0083 04       		.byte	0x4
 121 0084 47000000 		.4byte	.LASF11
 122 0088 02       		.uleb128 0x2
 123 0089 08       		.byte	0x8
 124 008a 04       		.byte	0x4
 125 008b 4B010000 		.4byte	.LASF12
 126 008f 02       		.uleb128 0x2
 127 0090 01       		.byte	0x1
 128 0091 08       		.byte	0x8
 129 0092 15020000 		.4byte	.LASF13
 130 0096 02       		.uleb128 0x2
 131 0097 08       		.byte	0x8
 132 0098 04       		.byte	0x4
 133 0099 62020000 		.4byte	.LASF14
 134 009d 03       		.uleb128 0x3
 135 009e EA000000 		.4byte	.LASF15
 136 00a2 04       		.byte	0x4
 137 00a3 53       		.byte	0x53
 138 00a4 68000000 		.4byte	0x68
 139 00a8 03       		.uleb128 0x3
 140 00a9 C2010000 		.4byte	.LASF16
 141 00ad 04       		.byte	0x4
 142 00ae 54       		.byte	0x54
 143 00af 6F000000 		.4byte	0x6f
 144 00b3 03       		.uleb128 0x3
 145 00b4 1A020000 		.4byte	.LASF17
 146 00b8 05       		.byte	0x5
 147 00b9 4D       		.byte	0x4d
 148 00ba A8000000 		.4byte	0xa8
 149 00be 03       		.uleb128 0x3
 150 00bf BA010000 		.4byte	.LASF18
 151 00c3 05       		.byte	0x5
 152 00c4 4F       		.byte	0x4f
 153 00c5 A8000000 		.4byte	0xa8
 154 00c9 03       		.uleb128 0x3
 155 00ca 23000000 		.4byte	.LASF19
 156 00ce 05       		.byte	0x5
 157 00cf 78       		.byte	0x78
 158 00d0 9D000000 		.4byte	0x9d
 159 00d4 02       		.uleb128 0x2
 160 00d5 04       		.byte	0x4
 161 00d6 07       		.byte	0x7
 162 00d7 FE010000 		.4byte	.LASF20
 163 00db 05       		.uleb128 0x5
 164 00dc 4D000000 		.4byte	.LASF30
 165 00e0 01       		.byte	0x1
 166 00e1 31       		.byte	0x31
 167 00e2 00000000 		.4byte	.LFB110
 168 00e6 0A000000 		.4byte	.LFE110-.LFB110
 169 00ea 01       		.uleb128 0x1
ARM GAS  C:\Users\aditi\AppData\Local\Temp\cctLoRYs.s 			page 5


 170 00eb 9C       		.byte	0x9c
 171 00ec 11010000 		.4byte	0x111
 172 00f0 06       		.uleb128 0x6
 173 00f1 2A000000 		.4byte	.LASF31
 174 00f5 01       		.byte	0x1
 175 00f6 3B       		.byte	0x3b
 176 00f7 68000000 		.4byte	0x68
 177 00fb 01010000 		.4byte	0x101
 178 00ff 07       		.uleb128 0x7
 179 0100 00       		.byte	0
 180 0101 08       		.uleb128 0x8
 181 0102 08000000 		.4byte	.LVL0
 182 0106 59010000 		.4byte	0x159
 183 010a 09       		.uleb128 0x9
 184 010b 01       		.uleb128 0x1
 185 010c 50       		.byte	0x50
 186 010d 01       		.uleb128 0x1
 187 010e 31       		.byte	0x31
 188 010f 00       		.byte	0
 189 0110 00       		.byte	0
 190 0111 0A       		.uleb128 0xa
 191 0112 18010000 		.4byte	.LASF21
 192 0116 06       		.byte	0x6
 193 0117 40       		.byte	0x40
 194 0118 B3000000 		.4byte	0xb3
 195 011c 0A       		.uleb128 0xa
 196 011d 0A000000 		.4byte	.LASF22
 197 0121 06       		.byte	0x6
 198 0122 47       		.byte	0x47
 199 0123 BE000000 		.4byte	0xbe
 200 0127 0A       		.uleb128 0xa
 201 0128 E3010000 		.4byte	.LASF23
 202 012c 06       		.byte	0x6
 203 012d 4A       		.byte	0x4a
 204 012e B3000000 		.4byte	0xb3
 205 0132 0A       		.uleb128 0xa
 206 0133 94010000 		.4byte	.LASF24
 207 0137 07       		.byte	0x7
 208 0138 48       		.byte	0x48
 209 0139 C9000000 		.4byte	0xc9
 210 013d 0A       		.uleb128 0xa
 211 013e 22020000 		.4byte	.LASF25
 212 0142 08       		.byte	0x8
 213 0143 44       		.byte	0x44
 214 0144 B3000000 		.4byte	0xb3
 215 0148 0B       		.uleb128 0xb
 216 0149 30010000 		.4byte	.LASF26
 217 014d 09       		.byte	0x9
 218 014e 1207     		.2byte	0x712
 219 0150 54010000 		.4byte	0x154
 220 0154 0C       		.uleb128 0xc
 221 0155 76000000 		.4byte	0x76
 222 0159 0D       		.uleb128 0xd
 223 015a 2A000000 		.4byte	.LASF31
 224 015e 2A000000 		.4byte	.LASF31
 225 0162 01       		.byte	0x1
 226 0163 3B       		.byte	0x3b
ARM GAS  C:\Users\aditi\AppData\Local\Temp\cctLoRYs.s 			page 6


 227 0164 00       		.byte	0
 228              		.section	.debug_abbrev,"",%progbits
 229              	.Ldebug_abbrev0:
 230 0000 01       		.uleb128 0x1
 231 0001 11       		.uleb128 0x11
 232 0002 01       		.byte	0x1
 233 0003 25       		.uleb128 0x25
 234 0004 0E       		.uleb128 0xe
 235 0005 13       		.uleb128 0x13
 236 0006 0B       		.uleb128 0xb
 237 0007 03       		.uleb128 0x3
 238 0008 0E       		.uleb128 0xe
 239 0009 1B       		.uleb128 0x1b
 240 000a 0E       		.uleb128 0xe
 241 000b 55       		.uleb128 0x55
 242 000c 17       		.uleb128 0x17
 243 000d 11       		.uleb128 0x11
 244 000e 01       		.uleb128 0x1
 245 000f 10       		.uleb128 0x10
 246 0010 17       		.uleb128 0x17
 247 0011 00       		.byte	0
 248 0012 00       		.byte	0
 249 0013 02       		.uleb128 0x2
 250 0014 24       		.uleb128 0x24
 251 0015 00       		.byte	0
 252 0016 0B       		.uleb128 0xb
 253 0017 0B       		.uleb128 0xb
 254 0018 3E       		.uleb128 0x3e
 255 0019 0B       		.uleb128 0xb
 256 001a 03       		.uleb128 0x3
 257 001b 0E       		.uleb128 0xe
 258 001c 00       		.byte	0
 259 001d 00       		.byte	0
 260 001e 03       		.uleb128 0x3
 261 001f 16       		.uleb128 0x16
 262 0020 00       		.byte	0
 263 0021 03       		.uleb128 0x3
 264 0022 0E       		.uleb128 0xe
 265 0023 3A       		.uleb128 0x3a
 266 0024 0B       		.uleb128 0xb
 267 0025 3B       		.uleb128 0x3b
 268 0026 0B       		.uleb128 0xb
 269 0027 49       		.uleb128 0x49
 270 0028 13       		.uleb128 0x13
 271 0029 00       		.byte	0
 272 002a 00       		.byte	0
 273 002b 04       		.uleb128 0x4
 274 002c 24       		.uleb128 0x24
 275 002d 00       		.byte	0
 276 002e 0B       		.uleb128 0xb
 277 002f 0B       		.uleb128 0xb
 278 0030 3E       		.uleb128 0x3e
 279 0031 0B       		.uleb128 0xb
 280 0032 03       		.uleb128 0x3
 281 0033 08       		.uleb128 0x8
 282 0034 00       		.byte	0
 283 0035 00       		.byte	0
ARM GAS  C:\Users\aditi\AppData\Local\Temp\cctLoRYs.s 			page 7


 284 0036 05       		.uleb128 0x5
 285 0037 2E       		.uleb128 0x2e
 286 0038 01       		.byte	0x1
 287 0039 3F       		.uleb128 0x3f
 288 003a 19       		.uleb128 0x19
 289 003b 03       		.uleb128 0x3
 290 003c 0E       		.uleb128 0xe
 291 003d 3A       		.uleb128 0x3a
 292 003e 0B       		.uleb128 0xb
 293 003f 3B       		.uleb128 0x3b
 294 0040 0B       		.uleb128 0xb
 295 0041 27       		.uleb128 0x27
 296 0042 19       		.uleb128 0x19
 297 0043 11       		.uleb128 0x11
 298 0044 01       		.uleb128 0x1
 299 0045 12       		.uleb128 0x12
 300 0046 06       		.uleb128 0x6
 301 0047 40       		.uleb128 0x40
 302 0048 18       		.uleb128 0x18
 303 0049 9742     		.uleb128 0x2117
 304 004b 19       		.uleb128 0x19
 305 004c 01       		.uleb128 0x1
 306 004d 13       		.uleb128 0x13
 307 004e 00       		.byte	0
 308 004f 00       		.byte	0
 309 0050 06       		.uleb128 0x6
 310 0051 2E       		.uleb128 0x2e
 311 0052 01       		.byte	0x1
 312 0053 3F       		.uleb128 0x3f
 313 0054 19       		.uleb128 0x19
 314 0055 03       		.uleb128 0x3
 315 0056 0E       		.uleb128 0xe
 316 0057 3A       		.uleb128 0x3a
 317 0058 0B       		.uleb128 0xb
 318 0059 3B       		.uleb128 0x3b
 319 005a 0B       		.uleb128 0xb
 320 005b 49       		.uleb128 0x49
 321 005c 13       		.uleb128 0x13
 322 005d 3C       		.uleb128 0x3c
 323 005e 19       		.uleb128 0x19
 324 005f 01       		.uleb128 0x1
 325 0060 13       		.uleb128 0x13
 326 0061 00       		.byte	0
 327 0062 00       		.byte	0
 328 0063 07       		.uleb128 0x7
 329 0064 18       		.uleb128 0x18
 330 0065 00       		.byte	0
 331 0066 00       		.byte	0
 332 0067 00       		.byte	0
 333 0068 08       		.uleb128 0x8
 334 0069 898201   		.uleb128 0x4109
 335 006c 01       		.byte	0x1
 336 006d 11       		.uleb128 0x11
 337 006e 01       		.uleb128 0x1
 338 006f 31       		.uleb128 0x31
 339 0070 13       		.uleb128 0x13
 340 0071 00       		.byte	0
ARM GAS  C:\Users\aditi\AppData\Local\Temp\cctLoRYs.s 			page 8


 341 0072 00       		.byte	0
 342 0073 09       		.uleb128 0x9
 343 0074 8A8201   		.uleb128 0x410a
 344 0077 00       		.byte	0
 345 0078 02       		.uleb128 0x2
 346 0079 18       		.uleb128 0x18
 347 007a 9142     		.uleb128 0x2111
 348 007c 18       		.uleb128 0x18
 349 007d 00       		.byte	0
 350 007e 00       		.byte	0
 351 007f 0A       		.uleb128 0xa
 352 0080 34       		.uleb128 0x34
 353 0081 00       		.byte	0
 354 0082 03       		.uleb128 0x3
 355 0083 0E       		.uleb128 0xe
 356 0084 3A       		.uleb128 0x3a
 357 0085 0B       		.uleb128 0xb
 358 0086 3B       		.uleb128 0x3b
 359 0087 0B       		.uleb128 0xb
 360 0088 49       		.uleb128 0x49
 361 0089 13       		.uleb128 0x13
 362 008a 3F       		.uleb128 0x3f
 363 008b 19       		.uleb128 0x19
 364 008c 3C       		.uleb128 0x3c
 365 008d 19       		.uleb128 0x19
 366 008e 00       		.byte	0
 367 008f 00       		.byte	0
 368 0090 0B       		.uleb128 0xb
 369 0091 34       		.uleb128 0x34
 370 0092 00       		.byte	0
 371 0093 03       		.uleb128 0x3
 372 0094 0E       		.uleb128 0xe
 373 0095 3A       		.uleb128 0x3a
 374 0096 0B       		.uleb128 0xb
 375 0097 3B       		.uleb128 0x3b
 376 0098 05       		.uleb128 0x5
 377 0099 49       		.uleb128 0x49
 378 009a 13       		.uleb128 0x13
 379 009b 3F       		.uleb128 0x3f
 380 009c 19       		.uleb128 0x19
 381 009d 3C       		.uleb128 0x3c
 382 009e 19       		.uleb128 0x19
 383 009f 00       		.byte	0
 384 00a0 00       		.byte	0
 385 00a1 0C       		.uleb128 0xc
 386 00a2 35       		.uleb128 0x35
 387 00a3 00       		.byte	0
 388 00a4 49       		.uleb128 0x49
 389 00a5 13       		.uleb128 0x13
 390 00a6 00       		.byte	0
 391 00a7 00       		.byte	0
 392 00a8 0D       		.uleb128 0xd
 393 00a9 2E       		.uleb128 0x2e
 394 00aa 00       		.byte	0
 395 00ab 3F       		.uleb128 0x3f
 396 00ac 19       		.uleb128 0x19
 397 00ad 3C       		.uleb128 0x3c
ARM GAS  C:\Users\aditi\AppData\Local\Temp\cctLoRYs.s 			page 9


 398 00ae 19       		.uleb128 0x19
 399 00af 6E       		.uleb128 0x6e
 400 00b0 0E       		.uleb128 0xe
 401 00b1 03       		.uleb128 0x3
 402 00b2 0E       		.uleb128 0xe
 403 00b3 3A       		.uleb128 0x3a
 404 00b4 0B       		.uleb128 0xb
 405 00b5 3B       		.uleb128 0x3b
 406 00b6 0B       		.uleb128 0xb
 407 00b7 00       		.byte	0
 408 00b8 00       		.byte	0
 409 00b9 00       		.byte	0
 410              		.section	.debug_aranges,"",%progbits
 411 0000 1C000000 		.4byte	0x1c
 412 0004 0200     		.2byte	0x2
 413 0006 00000000 		.4byte	.Ldebug_info0
 414 000a 04       		.byte	0x4
 415 000b 00       		.byte	0
 416 000c 0000     		.2byte	0
 417 000e 0000     		.2byte	0
 418 0010 00000000 		.4byte	.LFB110
 419 0014 0A000000 		.4byte	.LFE110-.LFB110
 420 0018 00000000 		.4byte	0
 421 001c 00000000 		.4byte	0
 422              		.section	.debug_ranges,"",%progbits
 423              	.Ldebug_ranges0:
 424 0000 00000000 		.4byte	.LFB110
 425 0004 0A000000 		.4byte	.LFE110
 426 0008 00000000 		.4byte	0
 427 000c 00000000 		.4byte	0
 428              		.section	.debug_line,"",%progbits
 429              	.Ldebug_line0:
 430 0000 0C020000 		.section	.debug_str,"MS",%progbits,1
 430      0200F401 
 430      00000201 
 430      FB0E0D00 
 430      01010101 
 431              	.LASF9:
 432 0000 5F5F696E 		.ascii	"__int32_t\000"
 432      7433325F 
 432      7400
 433              	.LASF22:
 434 000a 45455F6F 		.ascii	"EE_oo_IRQ_suspend_status\000"
 434      6F5F4952 
 434      515F7375 
 434      7370656E 
 434      645F7374 
 435              	.LASF19:
 436 0023 45455F54 		.ascii	"EE_TID\000"
 436      494400
 437              	.LASF31:
 438 002a 5254455F 		.ascii	"RTE_timertick_sp_common_tick\000"
 438      74696D65 
 438      72746963 
 438      6B5F7370 
 438      5F636F6D 
 439              	.LASF11:
ARM GAS  C:\Users\aditi\AppData\Local\Temp\cctLoRYs.s 			page 10


 440 0047 666C6F61 		.ascii	"float\000"
 440      7400
 441              	.LASF30:
 442 004d 46756E63 		.ascii	"Functsk_system\000"
 442      74736B5F 
 442      73797374 
 442      656D00
 443              	.LASF27:
 444 005c 474E5520 		.ascii	"GNU C11 5.4.1 20160609 (release) [ARM/embedded-5-br"
 444      43313120 
 444      352E342E 
 444      31203230 
 444      31363036 
 445 008f 616E6368 		.ascii	"anch revision 237715] -mcpu=cortex-m3 -mthumb -g -O"
 445      20726576 
 445      6973696F 
 445      6E203233 
 445      37373135 
 446 00c2 67202D66 		.ascii	"g -ffunction-sections -ffat-lto-objects\000"
 446      66756E63 
 446      74696F6E 
 446      2D736563 
 446      74696F6E 
 447              	.LASF15:
 448 00ea 45455F49 		.ascii	"EE_INT32\000"
 448      4E543332 
 448      00
 449              	.LASF5:
 450 00f3 6C6F6E67 		.ascii	"long unsigned int\000"
 450      20756E73 
 450      69676E65 
 450      6420696E 
 450      7400
 451              	.LASF3:
 452 0105 73686F72 		.ascii	"short unsigned int\000"
 452      7420756E 
 452      7369676E 
 452      65642069 
 452      6E7400
 453              	.LASF21:
 454 0118 45455F6F 		.ascii	"EE_oo_IRQ_disable_count\000"
 454      6F5F4952 
 454      515F6469 
 454      7361626C 
 454      655F636F 
 455              	.LASF26:
 456 0130 49544D5F 		.ascii	"ITM_RxBuffer\000"
 456      52784275 
 456      66666572 
 456      00
 457              	.LASF1:
 458 013d 756E7369 		.ascii	"unsigned char\000"
 458      676E6564 
 458      20636861 
 458      7200
 459              	.LASF12:
 460 014b 646F7562 		.ascii	"double\000"
ARM GAS  C:\Users\aditi\AppData\Local\Temp\cctLoRYs.s 			page 11


 460      6C6500
 461              	.LASF29:
 462 0152 433A5C44 		.ascii	"C:\\Darmstadt\\SecondSem\\EAA\\Lab2\\Lab2_EAA\\Elec"
 462      61726D73 
 462      74616474 
 462      5C536563 
 462      6F6E6453 
 463 017f 74726F6E 		.ascii	"tronicClock_v1.cydsn\000"
 463      6963436C 
 463      6F636B5F 
 463      76312E63 
 463      7964736E 
 464              	.LASF24:
 465 0194 45455F73 		.ascii	"EE_std_endcycle_next_tid\000"
 465      74645F65 
 465      6E646379 
 465      636C655F 
 465      6E657874 
 466              	.LASF8:
 467 01ad 756E7369 		.ascii	"unsigned int\000"
 467      676E6564 
 467      20696E74 
 467      00
 468              	.LASF18:
 469 01ba 45455F46 		.ascii	"EE_FREG\000"
 469      52454700 
 470              	.LASF16:
 471 01c2 45455F55 		.ascii	"EE_UINT32\000"
 471      494E5433 
 471      3200
 472              	.LASF7:
 473 01cc 6C6F6E67 		.ascii	"long long unsigned int\000"
 473      206C6F6E 
 473      6720756E 
 473      7369676E 
 473      65642069 
 474              	.LASF23:
 475 01e3 45455F41 		.ascii	"EE_ApplicationMode\000"
 475      70706C69 
 475      63617469 
 475      6F6E4D6F 
 475      646500
 476              	.LASF10:
 477 01f6 696E7433 		.ascii	"int32_t\000"
 477      325F7400 
 478              	.LASF20:
 479 01fe 73697A65 		.ascii	"sizetype\000"
 479      74797065 
 479      00
 480              	.LASF6:
 481 0207 6C6F6E67 		.ascii	"long long int\000"
 481      206C6F6E 
 481      6720696E 
 481      7400
 482              	.LASF13:
 483 0215 63686172 		.ascii	"char\000"
 483      00
ARM GAS  C:\Users\aditi\AppData\Local\Temp\cctLoRYs.s 			page 12


 484              	.LASF17:
 485 021a 45455F55 		.ascii	"EE_UREG\000"
 485      52454700 
 486              	.LASF25:
 487 0222 45455F49 		.ascii	"EE_IRQ_nesting_level\000"
 487      52515F6E 
 487      65737469 
 487      6E675F6C 
 487      6576656C 
 488              	.LASF28:
 489 0237 736F7572 		.ascii	"source\\asw\\tsk_system.c\000"
 489      63655C61 
 489      73775C74 
 489      736B5F73 
 489      79737465 
 490              	.LASF2:
 491 024f 73686F72 		.ascii	"short int\000"
 491      7420696E 
 491      7400
 492              	.LASF4:
 493 0259 6C6F6E67 		.ascii	"long int\000"
 493      20696E74 
 493      00
 494              	.LASF14:
 495 0262 6C6F6E67 		.ascii	"long double\000"
 495      20646F75 
 495      626C6500 
 496              	.LASF0:
 497 026e 7369676E 		.ascii	"signed char\000"
 497      65642063 
 497      68617200 
 498              		.ident	"GCC: (GNU Tools for ARM Embedded Processors) 5.4.1 20160609 (release) [ARM/embedded-5-bran
