ARM GAS  C:\Users\aditi\AppData\Local\Temp\ccVxy45f.s 			page 1


   1              		.syntax unified
   2              		.cpu cortex-m3
   3              		.fpu softvfp
   4              		.eabi_attribute 20, 1
   5              		.eabi_attribute 21, 1
   6              		.eabi_attribute 23, 3
   7              		.eabi_attribute 24, 1
   8              		.eabi_attribute 25, 1
   9              		.eabi_attribute 26, 1
  10              		.eabi_attribute 30, 1
  11              		.eabi_attribute 34, 1
  12              		.eabi_attribute 18, 4
  13              		.thumb
  14              		.syntax unified
  15              		.file	"tsk_cyclic.c"
  16              		.text
  17              	.Ltext0:
  18              		.cfi_sections	.debug_frame
  19              		.section	.text.Functsk_cyclic,"ax",%progbits
  20              		.align	2
  21              		.global	Functsk_cyclic
  22              		.thumb
  23              		.thumb_func
  24              		.type	Functsk_cyclic, %function
  25              	Functsk_cyclic:
  26              	.LFB110:
  27              		.file 1 "source\\asw\\tsk_cyclic.c"
   1:source\asw/tsk_cyclic.c **** 
   2:source\asw/tsk_cyclic.c **** 
   3:source\asw/tsk_cyclic.c **** /*
   4:source\asw/tsk_cyclic.c ****  * Filename: tsk_cyclic.c
   5:source\asw/tsk_cyclic.c ****  *
   6:source\asw/tsk_cyclic.c ****  * Author: Autogenerated by H-DA RTE Generator, (c) Prof. Fromm
   7:source\asw/tsk_cyclic.c ****  */
   8:source\asw/tsk_cyclic.c **** 
   9:source\asw/tsk_cyclic.c **** #include "project.h"
  10:source\asw/tsk_cyclic.c **** #include "global.h"
  11:source\asw/tsk_cyclic.c **** #include "rte.h"
  12:source\asw/tsk_cyclic.c **** #include "rte_types.h"
  13:source\asw/tsk_cyclic.c **** #include "tsk_cyclic.h"
  14:source\asw/tsk_cyclic.c **** 
  15:source\asw/tsk_cyclic.c **** 
  16:source\asw/tsk_cyclic.c **** 
  17:source\asw/tsk_cyclic.c **** /* USER CODE START TSK_CYCLIC_INCLUDE */
  18:source\asw/tsk_cyclic.c **** 
  19:source\asw/tsk_cyclic.c **** /* USER CODE END TSK_CYCLIC_INCLUDE */
  20:source\asw/tsk_cyclic.c **** 
  21:source\asw/tsk_cyclic.c **** #include "swc_clock.h"
  22:source\asw/tsk_cyclic.c **** 
  23:source\asw/tsk_cyclic.c **** 
  24:source\asw/tsk_cyclic.c **** 
  25:source\asw/tsk_cyclic.c **** /* USER CODE START TSK_CYCLIC_USERDEFINITIONS */
  26:source\asw/tsk_cyclic.c **** 
  27:source\asw/tsk_cyclic.c **** /* USER CODE END TSK_CYCLIC_USERDEFINITIONS */
  28:source\asw/tsk_cyclic.c **** 
  29:source\asw/tsk_cyclic.c **** /*******************************************************************************
  30:source\asw/tsk_cyclic.c ****  * Runnable Tables from Activation Engine
ARM GAS  C:\Users\aditi\AppData\Local\Temp\ccVxy45f.s 			page 2


  31:source\asw/tsk_cyclic.c ****  *******************************************************************************/
  32:source\asw/tsk_cyclic.c **** 
  33:source\asw/tsk_cyclic.c **** /* Cyclic Table */
  34:source\asw/tsk_cyclic.c **** 
  35:source\asw/tsk_cyclic.c **** const RTE_cyclicTable_t RTE_cyclicActivationTable_tsk_cyclic[] = {
  36:source\asw/tsk_cyclic.c **** 	{ CLOCK_input_run, 50 },	//Runnable to process incoming events
  37:source\asw/tsk_cyclic.c **** 	{ CLOCK_display_run, 250 },	//Runnable for display driver
  38:source\asw/tsk_cyclic.c **** };
  39:source\asw/tsk_cyclic.c **** const uint16_t RTE_cyclicActivation_tsk_cyclic_size = sizeof (RTE_cyclicActivationTable_tsk_cyclic)
  40:source\asw/tsk_cyclic.c **** 
  41:source\asw/tsk_cyclic.c **** 
  42:source\asw/tsk_cyclic.c **** /*******************************************************************************
  43:source\asw/tsk_cyclic.c ****  * Task Body
  44:source\asw/tsk_cyclic.c ****  *******************************************************************************/
  45:source\asw/tsk_cyclic.c **** 
  46:source\asw/tsk_cyclic.c **** 
  47:source\asw/tsk_cyclic.c **** /*
  48:source\asw/tsk_cyclic.c **** * description: Cyclic task for cyclic runnables
  49:source\asw/tsk_cyclic.c **** * events: 
  50:source\asw/tsk_cyclic.c **** * mode: Cyclic
  51:source\asw/tsk_cyclic.c **** * name: tsk_cyclic
  52:source\asw/tsk_cyclic.c **** * shortname: cyclic
  53:source\asw/tsk_cyclic.c **** * signalpoolsRO: sp_common
  54:source\asw/tsk_cyclic.c **** * signalpoolsRW: sp_common
  55:source\asw/tsk_cyclic.c **** * tickEvent: 0
  56:source\asw/tsk_cyclic.c **** * timertickperiod: 10
  57:source\asw/tsk_cyclic.c **** */
  58:source\asw/tsk_cyclic.c **** TASK(tsk_cyclic)
  59:source\asw/tsk_cyclic.c **** {
  28              		.loc 1 59 0
  29              		.cfi_startproc
  30              		@ args = 0, pretend = 0, frame = 0
  31              		@ frame_needed = 0, uses_anonymous_args = 0
  32 0000 10B5     		push	{r4, lr}
  33              		.cfi_def_cfa_offset 8
  34              		.cfi_offset 4, -8
  35              		.cfi_offset 14, -4
  60:source\asw/tsk_cyclic.c **** 	/* ticktime of the task */
  61:source\asw/tsk_cyclic.c **** 	static uint32_t ticktime = 0;
  62:source\asw/tsk_cyclic.c **** 
  63:source\asw/tsk_cyclic.c **** 	/* USER CODE START TSK_CYCLIC_TASKBOBY_PRE */
  64:source\asw/tsk_cyclic.c **** 
  65:source\asw/tsk_cyclic.c **** 	/* USER CODE END TSK_CYCLIC_TASKBODY_PRE */
  66:source\asw/tsk_cyclic.c ****     
  67:source\asw/tsk_cyclic.c ****     //Process all cyclic runnables which are due
  68:source\asw/tsk_cyclic.c ****     RTE_ProcessCyclicTable(RTE_cyclicActivationTable_tsk_cyclic, RTE_cyclicActivation_tsk_cyclic_si
  36              		.loc 1 68 0
  37 0002 074C     		ldr	r4, .L4
  38 0004 2268     		ldr	r2, [r4]
  39 0006 0221     		movs	r1, #2
  40 0008 0648     		ldr	r0, .L4+4
  41 000a FFF7FEFF 		bl	RTE_ProcessCyclicTable
  42              	.LVL0:
  69:source\asw/tsk_cyclic.c **** 	
  70:source\asw/tsk_cyclic.c **** 	/* USER CODE START TSK_CYCLIC_TASKBODY_POST */
  71:source\asw/tsk_cyclic.c **** 
  72:source\asw/tsk_cyclic.c **** 	/* USER CODE END TSK_CYCLIC_TASKBODY_POST */
ARM GAS  C:\Users\aditi\AppData\Local\Temp\ccVxy45f.s 			page 3


  73:source\asw/tsk_cyclic.c **** 
  74:source\asw/tsk_cyclic.c **** 	ticktime += 10;
  43              		.loc 1 74 0
  44 000e 2368     		ldr	r3, [r4]
  45 0010 0A33     		adds	r3, r3, #10
  46 0012 2360     		str	r3, [r4]
  75:source\asw/tsk_cyclic.c **** 	if (ticktime > 0xFFFFFF00) ticktime = 0;
  47              		.loc 1 75 0
  48 0014 13F5807F 		cmn	r3, #256
  49 0018 01D9     		bls	.L1
  50              		.loc 1 75 0 is_stmt 0 discriminator 1
  51 001a 0022     		movs	r2, #0
  52 001c 2260     		str	r2, [r4]
  53              	.L1:
  54 001e 10BD     		pop	{r4, pc}
  55              	.L5:
  56              		.align	2
  57              	.L4:
  58 0020 00000000 		.word	.LANCHOR0
  59 0024 00000000 		.word	.LANCHOR1
  60              		.cfi_endproc
  61              	.LFE110:
  62              		.size	Functsk_cyclic, .-Functsk_cyclic
  63              		.global	RTE_cyclicActivation_tsk_cyclic_size
  64              		.global	RTE_cyclicActivationTable_tsk_cyclic
  65              		.section	.rodata
  66              		.align	2
  67              		.set	.LANCHOR1,. + 0
  68              		.type	RTE_cyclicActivationTable_tsk_cyclic, %object
  69              		.size	RTE_cyclicActivationTable_tsk_cyclic, 16
  70              	RTE_cyclicActivationTable_tsk_cyclic:
  71 0000 00000000 		.word	CLOCK_input_run
  72 0004 3200     		.short	50
  73 0006 0000     		.space	2
  74 0008 00000000 		.word	CLOCK_display_run
  75 000c FA00     		.short	250
  76 000e 0000     		.space	2
  77              		.type	RTE_cyclicActivation_tsk_cyclic_size, %object
  78              		.size	RTE_cyclicActivation_tsk_cyclic_size, 2
  79              	RTE_cyclicActivation_tsk_cyclic_size:
  80 0010 0200     		.short	2
  81              		.bss
  82              		.align	2
  83              		.set	.LANCHOR0,. + 0
  84              		.type	ticktime.6413, %object
  85              		.size	ticktime.6413, 4
  86              	ticktime.6413:
  87 0000 00000000 		.space	4
  88              		.text
  89              	.Letext0:
  90              		.file 2 "c:\\program files (x86)\\cypress\\psoc creator\\4.4\\psoc creator\\import\\gnu\\arm\\5.4.
  91              		.file 3 "c:\\program files (x86)\\cypress\\psoc creator\\4.4\\psoc creator\\import\\gnu\\arm\\5.4.
  92              		.file 4 "Generated_Source\\PSoC5/ErikaOS_common_ee_types.inc"
  93              		.file 5 "Generated_Source\\PSoC5/ErikaOS_cortex_mx_ee_cpu.inc"
  94              		.file 6 "Generated_Source\\PSoC5/ErikaOS_ee_oo_common.inc"
  95              		.file 7 ".\\source\\rte/rte_types.h"
  96              		.file 8 ".\\source\\rte/rte.h"
ARM GAS  C:\Users\aditi\AppData\Local\Temp\ccVxy45f.s 			page 4


  97              		.file 9 "Generated_Source\\PSoC5/ErikaOS_ee_oo_intfunc.inc"
  98              		.file 10 "Generated_Source\\PSoC5/ErikaOS_cortex_mx_ee_context.inc"
  99              		.file 11 "Generated_Source\\PSoC5/ErikaOS_common_ee_primitives.inc"
 100              		.file 12 "Generated_Source\\PSoC5/core_cm3.h"
 101              		.section	.debug_info,"",%progbits
 102              	.Ldebug_info0:
 103 0000 36020000 		.4byte	0x236
 104 0004 0400     		.2byte	0x4
 105 0006 00000000 		.4byte	.Ldebug_abbrev0
 106 000a 04       		.byte	0x4
 107 000b 01       		.uleb128 0x1
 108 000c C8000000 		.4byte	.LASF38
 109 0010 0C       		.byte	0xc
 110 0011 19030000 		.4byte	.LASF39
 111 0015 E0010000 		.4byte	.LASF40
 112 0019 00000000 		.4byte	.Ldebug_ranges0+0
 113 001d 00000000 		.4byte	0
 114 0021 00000000 		.4byte	.Ldebug_line0
 115 0025 02       		.uleb128 0x2
 116 0026 01       		.byte	0x1
 117 0027 06       		.byte	0x6
 118 0028 FF020000 		.4byte	.LASF0
 119 002c 02       		.uleb128 0x2
 120 002d 01       		.byte	0x1
 121 002e 08       		.byte	0x8
 122 002f BA000000 		.4byte	.LASF1
 123 0033 02       		.uleb128 0x2
 124 0034 02       		.byte	0x2
 125 0035 05       		.byte	0x5
 126 0036 CE020000 		.4byte	.LASF2
 127 003a 03       		.uleb128 0x3
 128 003b C0010000 		.4byte	.LASF4
 129 003f 02       		.byte	0x2
 130 0040 2B       		.byte	0x2b
 131 0041 45000000 		.4byte	0x45
 132 0045 02       		.uleb128 0x2
 133 0046 02       		.byte	0x2
 134 0047 07       		.byte	0x7
 135 0048 71010000 		.4byte	.LASF3
 136 004c 03       		.uleb128 0x3
 137 004d 25000000 		.4byte	.LASF5
 138 0051 02       		.byte	0x2
 139 0052 3F       		.byte	0x3f
 140 0053 57000000 		.4byte	0x57
 141 0057 02       		.uleb128 0x2
 142 0058 04       		.byte	0x4
 143 0059 05       		.byte	0x5
 144 005a EA020000 		.4byte	.LASF6
 145 005e 03       		.uleb128 0x3
 146 005f D5010000 		.4byte	.LASF7
 147 0063 02       		.byte	0x2
 148 0064 41       		.byte	0x41
 149 0065 69000000 		.4byte	0x69
 150 0069 02       		.uleb128 0x2
 151 006a 04       		.byte	0x4
 152 006b 07       		.byte	0x7
 153 006c 5F010000 		.4byte	.LASF8
ARM GAS  C:\Users\aditi\AppData\Local\Temp\ccVxy45f.s 			page 5


 154 0070 02       		.uleb128 0x2
 155 0071 08       		.byte	0x8
 156 0072 05       		.byte	0x5
 157 0073 9E020000 		.4byte	.LASF9
 158 0077 02       		.uleb128 0x2
 159 0078 08       		.byte	0x8
 160 0079 07       		.byte	0x7
 161 007a 5C020000 		.4byte	.LASF10
 162 007e 04       		.uleb128 0x4
 163 007f 04       		.byte	0x4
 164 0080 05       		.byte	0x5
 165 0081 696E7400 		.ascii	"int\000"
 166 0085 02       		.uleb128 0x2
 167 0086 04       		.byte	0x4
 168 0087 07       		.byte	0x7
 169 0088 34020000 		.4byte	.LASF11
 170 008c 03       		.uleb128 0x3
 171 008d D8020000 		.4byte	.LASF12
 172 0091 03       		.byte	0x3
 173 0092 24       		.byte	0x24
 174 0093 3A000000 		.4byte	0x3a
 175 0097 03       		.uleb128 0x3
 176 0098 8D020000 		.4byte	.LASF13
 177 009c 03       		.byte	0x3
 178 009d 2C       		.byte	0x2c
 179 009e 4C000000 		.4byte	0x4c
 180 00a2 03       		.uleb128 0x3
 181 00a3 E1020000 		.4byte	.LASF14
 182 00a7 03       		.byte	0x3
 183 00a8 30       		.byte	0x30
 184 00a9 5E000000 		.4byte	0x5e
 185 00ad 02       		.uleb128 0x2
 186 00ae 04       		.byte	0x4
 187 00af 04       		.byte	0x4
 188 00b0 91000000 		.4byte	.LASF15
 189 00b4 02       		.uleb128 0x2
 190 00b5 08       		.byte	0x8
 191 00b6 04       		.byte	0x4
 192 00b7 86020000 		.4byte	.LASF16
 193 00bb 02       		.uleb128 0x2
 194 00bc 01       		.byte	0x1
 195 00bd 08       		.byte	0x8
 196 00be AC020000 		.4byte	.LASF17
 197 00c2 02       		.uleb128 0x2
 198 00c3 08       		.byte	0x8
 199 00c4 04       		.byte	0x4
 200 00c5 F3020000 		.4byte	.LASF18
 201 00c9 03       		.uleb128 0x3
 202 00ca 56010000 		.4byte	.LASF19
 203 00ce 04       		.byte	0x4
 204 00cf 53       		.byte	0x53
 205 00d0 7E000000 		.4byte	0x7e
 206 00d4 03       		.uleb128 0x3
 207 00d5 49020000 		.4byte	.LASF20
 208 00d9 04       		.byte	0x4
 209 00da 54       		.byte	0x54
 210 00db 85000000 		.4byte	0x85
ARM GAS  C:\Users\aditi\AppData\Local\Temp\ccVxy45f.s 			page 6


 211 00df 03       		.uleb128 0x3
 212 00e0 B1020000 		.4byte	.LASF21
 213 00e4 05       		.byte	0x5
 214 00e5 4D       		.byte	0x4d
 215 00e6 D4000000 		.4byte	0xd4
 216 00ea 03       		.uleb128 0x3
 217 00eb 41020000 		.4byte	.LASF22
 218 00ef 05       		.byte	0x5
 219 00f0 4F       		.byte	0x4f
 220 00f1 D4000000 		.4byte	0xd4
 221 00f5 03       		.uleb128 0x3
 222 00f6 8A000000 		.4byte	.LASF23
 223 00fa 05       		.byte	0x5
 224 00fb 78       		.byte	0x78
 225 00fc C9000000 		.4byte	0xc9
 226 0100 05       		.uleb128 0x5
 227 0101 3E000000 		.4byte	.LASF24
 228 0105 06       		.byte	0x6
 229 0106 2C02     		.2byte	0x22c
 230 0108 DF000000 		.4byte	0xdf
 231 010c 02       		.uleb128 0x2
 232 010d 04       		.byte	0x4
 233 010e 07       		.byte	0x7
 234 010f 95020000 		.4byte	.LASF25
 235 0113 03       		.uleb128 0x3
 236 0114 CB010000 		.4byte	.LASF26
 237 0118 07       		.byte	0x7
 238 0119 21       		.byte	0x21
 239 011a 00010000 		.4byte	0x100
 240 011e 03       		.uleb128 0x3
 241 011f 0B030000 		.4byte	.LASF27
 242 0123 08       		.byte	0x8
 243 0124 66       		.byte	0x66
 244 0125 29010000 		.4byte	0x129
 245 0129 06       		.uleb128 0x6
 246 012a 04       		.byte	0x4
 247 012b 2F010000 		.4byte	0x12f
 248 012f 07       		.uleb128 0x7
 249 0130 3A010000 		.4byte	0x13a
 250 0134 08       		.uleb128 0x8
 251 0135 13010000 		.4byte	0x113
 252 0139 00       		.byte	0
 253 013a 09       		.uleb128 0x9
 254 013b 08       		.byte	0x8
 255 013c 08       		.byte	0x8
 256 013d 6B       		.byte	0x6b
 257 013e 5B010000 		.4byte	0x15b
 258 0142 0A       		.uleb128 0xa
 259 0143 72756E00 		.ascii	"run\000"
 260 0147 08       		.byte	0x8
 261 0148 6D       		.byte	0x6d
 262 0149 1E010000 		.4byte	0x11e
 263 014d 00       		.byte	0
 264 014e 0B       		.uleb128 0xb
 265 014f B0000000 		.4byte	.LASF28
 266 0153 08       		.byte	0x8
 267 0154 6E       		.byte	0x6e
ARM GAS  C:\Users\aditi\AppData\Local\Temp\ccVxy45f.s 			page 7


 268 0155 8C000000 		.4byte	0x8c
 269 0159 04       		.byte	0x4
 270 015a 00       		.byte	0
 271 015b 03       		.uleb128 0x3
 272 015c 22020000 		.4byte	.LASF29
 273 0160 08       		.byte	0x8
 274 0161 6F       		.byte	0x6f
 275 0162 3A010000 		.4byte	0x13a
 276 0166 0C       		.uleb128 0xc
 277 0167 2F000000 		.4byte	.LASF41
 278 016b 01       		.byte	0x1
 279 016c 3A       		.byte	0x3a
 280 016d 00000000 		.4byte	.LFB110
 281 0171 28000000 		.4byte	.LFE110-.LFB110
 282 0175 01       		.uleb128 0x1
 283 0176 9C       		.byte	0x9c
 284 0177 A5010000 		.4byte	0x1a5
 285 017b 0D       		.uleb128 0xd
 286 017c 53020000 		.4byte	.LASF42
 287 0180 01       		.byte	0x1
 288 0181 3D       		.byte	0x3d
 289 0182 A2000000 		.4byte	0xa2
 290 0186 05       		.uleb128 0x5
 291 0187 03       		.byte	0x3
 292 0188 00000000 		.4byte	ticktime.6413
 293 018c 0E       		.uleb128 0xe
 294 018d 0E000000 		.4byte	.LVL0
 295 0191 2E020000 		.4byte	0x22e
 296 0195 0F       		.uleb128 0xf
 297 0196 01       		.uleb128 0x1
 298 0197 50       		.byte	0x50
 299 0198 05       		.uleb128 0x5
 300 0199 03       		.byte	0x3
 301 019a 00000000 		.4byte	.LANCHOR1
 302 019e 0F       		.uleb128 0xf
 303 019f 01       		.uleb128 0x1
 304 01a0 51       		.byte	0x51
 305 01a1 01       		.uleb128 0x1
 306 01a2 32       		.byte	0x32
 307 01a3 00       		.byte	0
 308 01a4 00       		.byte	0
 309 01a5 10       		.uleb128 0x10
 310 01a6 84010000 		.4byte	.LASF30
 311 01aa 09       		.byte	0x9
 312 01ab 40       		.byte	0x40
 313 01ac DF000000 		.4byte	0xdf
 314 01b0 10       		.uleb128 0x10
 315 01b1 71000000 		.4byte	.LASF31
 316 01b5 09       		.byte	0x9
 317 01b6 47       		.byte	0x47
 318 01b7 EA000000 		.4byte	0xea
 319 01bb 10       		.uleb128 0x10
 320 01bc 73020000 		.4byte	.LASF32
 321 01c0 09       		.byte	0x9
 322 01c1 4A       		.byte	0x4a
 323 01c2 DF000000 		.4byte	0xdf
 324 01c6 10       		.uleb128 0x10
ARM GAS  C:\Users\aditi\AppData\Local\Temp\ccVxy45f.s 			page 8


 325 01c7 97000000 		.4byte	.LASF33
 326 01cb 0A       		.byte	0xa
 327 01cc 48       		.byte	0x48
 328 01cd F5000000 		.4byte	0xf5
 329 01d1 10       		.uleb128 0x10
 330 01d2 B9020000 		.4byte	.LASF34
 331 01d6 0B       		.byte	0xb
 332 01d7 44       		.byte	0x44
 333 01d8 DF000000 		.4byte	0xdf
 334 01dc 11       		.uleb128 0x11
 335 01dd 9C010000 		.4byte	.LASF35
 336 01e1 0C       		.byte	0xc
 337 01e2 1207     		.2byte	0x712
 338 01e4 E8010000 		.4byte	0x1e8
 339 01e8 12       		.uleb128 0x12
 340 01e9 97000000 		.4byte	0x97
 341 01ed 13       		.uleb128 0x13
 342 01ee FD010000 		.4byte	0x1fd
 343 01f2 FD010000 		.4byte	0x1fd
 344 01f6 14       		.uleb128 0x14
 345 01f7 0C010000 		.4byte	0x10c
 346 01fb 01       		.byte	0x1
 347 01fc 00       		.byte	0
 348 01fd 15       		.uleb128 0x15
 349 01fe 5B010000 		.4byte	0x15b
 350 0202 16       		.uleb128 0x16
 351 0203 00000000 		.4byte	.LASF36
 352 0207 01       		.byte	0x1
 353 0208 23       		.byte	0x23
 354 0209 13020000 		.4byte	0x213
 355 020d 05       		.uleb128 0x5
 356 020e 03       		.byte	0x3
 357 020f 00000000 		.4byte	RTE_cyclicActivationTable_tsk_cyclic
 358 0213 15       		.uleb128 0x15
 359 0214 ED010000 		.4byte	0x1ed
 360 0218 16       		.uleb128 0x16
 361 0219 4C000000 		.4byte	.LASF37
 362 021d 01       		.byte	0x1
 363 021e 27       		.byte	0x27
 364 021f 29020000 		.4byte	0x229
 365 0223 05       		.uleb128 0x5
 366 0224 03       		.byte	0x3
 367 0225 00000000 		.4byte	RTE_cyclicActivation_tsk_cyclic_size
 368 0229 15       		.uleb128 0x15
 369 022a 8C000000 		.4byte	0x8c
 370 022e 17       		.uleb128 0x17
 371 022f A9010000 		.4byte	.LASF43
 372 0233 A9010000 		.4byte	.LASF43
 373 0237 08       		.byte	0x8
 374 0238 8E       		.byte	0x8e
 375 0239 00       		.byte	0
 376              		.section	.debug_abbrev,"",%progbits
 377              	.Ldebug_abbrev0:
 378 0000 01       		.uleb128 0x1
 379 0001 11       		.uleb128 0x11
 380 0002 01       		.byte	0x1
 381 0003 25       		.uleb128 0x25
ARM GAS  C:\Users\aditi\AppData\Local\Temp\ccVxy45f.s 			page 9


 382 0004 0E       		.uleb128 0xe
 383 0005 13       		.uleb128 0x13
 384 0006 0B       		.uleb128 0xb
 385 0007 03       		.uleb128 0x3
 386 0008 0E       		.uleb128 0xe
 387 0009 1B       		.uleb128 0x1b
 388 000a 0E       		.uleb128 0xe
 389 000b 55       		.uleb128 0x55
 390 000c 17       		.uleb128 0x17
 391 000d 11       		.uleb128 0x11
 392 000e 01       		.uleb128 0x1
 393 000f 10       		.uleb128 0x10
 394 0010 17       		.uleb128 0x17
 395 0011 00       		.byte	0
 396 0012 00       		.byte	0
 397 0013 02       		.uleb128 0x2
 398 0014 24       		.uleb128 0x24
 399 0015 00       		.byte	0
 400 0016 0B       		.uleb128 0xb
 401 0017 0B       		.uleb128 0xb
 402 0018 3E       		.uleb128 0x3e
 403 0019 0B       		.uleb128 0xb
 404 001a 03       		.uleb128 0x3
 405 001b 0E       		.uleb128 0xe
 406 001c 00       		.byte	0
 407 001d 00       		.byte	0
 408 001e 03       		.uleb128 0x3
 409 001f 16       		.uleb128 0x16
 410 0020 00       		.byte	0
 411 0021 03       		.uleb128 0x3
 412 0022 0E       		.uleb128 0xe
 413 0023 3A       		.uleb128 0x3a
 414 0024 0B       		.uleb128 0xb
 415 0025 3B       		.uleb128 0x3b
 416 0026 0B       		.uleb128 0xb
 417 0027 49       		.uleb128 0x49
 418 0028 13       		.uleb128 0x13
 419 0029 00       		.byte	0
 420 002a 00       		.byte	0
 421 002b 04       		.uleb128 0x4
 422 002c 24       		.uleb128 0x24
 423 002d 00       		.byte	0
 424 002e 0B       		.uleb128 0xb
 425 002f 0B       		.uleb128 0xb
 426 0030 3E       		.uleb128 0x3e
 427 0031 0B       		.uleb128 0xb
 428 0032 03       		.uleb128 0x3
 429 0033 08       		.uleb128 0x8
 430 0034 00       		.byte	0
 431 0035 00       		.byte	0
 432 0036 05       		.uleb128 0x5
 433 0037 16       		.uleb128 0x16
 434 0038 00       		.byte	0
 435 0039 03       		.uleb128 0x3
 436 003a 0E       		.uleb128 0xe
 437 003b 3A       		.uleb128 0x3a
 438 003c 0B       		.uleb128 0xb
ARM GAS  C:\Users\aditi\AppData\Local\Temp\ccVxy45f.s 			page 10


 439 003d 3B       		.uleb128 0x3b
 440 003e 05       		.uleb128 0x5
 441 003f 49       		.uleb128 0x49
 442 0040 13       		.uleb128 0x13
 443 0041 00       		.byte	0
 444 0042 00       		.byte	0
 445 0043 06       		.uleb128 0x6
 446 0044 0F       		.uleb128 0xf
 447 0045 00       		.byte	0
 448 0046 0B       		.uleb128 0xb
 449 0047 0B       		.uleb128 0xb
 450 0048 49       		.uleb128 0x49
 451 0049 13       		.uleb128 0x13
 452 004a 00       		.byte	0
 453 004b 00       		.byte	0
 454 004c 07       		.uleb128 0x7
 455 004d 15       		.uleb128 0x15
 456 004e 01       		.byte	0x1
 457 004f 27       		.uleb128 0x27
 458 0050 19       		.uleb128 0x19
 459 0051 01       		.uleb128 0x1
 460 0052 13       		.uleb128 0x13
 461 0053 00       		.byte	0
 462 0054 00       		.byte	0
 463 0055 08       		.uleb128 0x8
 464 0056 05       		.uleb128 0x5
 465 0057 00       		.byte	0
 466 0058 49       		.uleb128 0x49
 467 0059 13       		.uleb128 0x13
 468 005a 00       		.byte	0
 469 005b 00       		.byte	0
 470 005c 09       		.uleb128 0x9
 471 005d 13       		.uleb128 0x13
 472 005e 01       		.byte	0x1
 473 005f 0B       		.uleb128 0xb
 474 0060 0B       		.uleb128 0xb
 475 0061 3A       		.uleb128 0x3a
 476 0062 0B       		.uleb128 0xb
 477 0063 3B       		.uleb128 0x3b
 478 0064 0B       		.uleb128 0xb
 479 0065 01       		.uleb128 0x1
 480 0066 13       		.uleb128 0x13
 481 0067 00       		.byte	0
 482 0068 00       		.byte	0
 483 0069 0A       		.uleb128 0xa
 484 006a 0D       		.uleb128 0xd
 485 006b 00       		.byte	0
 486 006c 03       		.uleb128 0x3
 487 006d 08       		.uleb128 0x8
 488 006e 3A       		.uleb128 0x3a
 489 006f 0B       		.uleb128 0xb
 490 0070 3B       		.uleb128 0x3b
 491 0071 0B       		.uleb128 0xb
 492 0072 49       		.uleb128 0x49
 493 0073 13       		.uleb128 0x13
 494 0074 38       		.uleb128 0x38
 495 0075 0B       		.uleb128 0xb
ARM GAS  C:\Users\aditi\AppData\Local\Temp\ccVxy45f.s 			page 11


 496 0076 00       		.byte	0
 497 0077 00       		.byte	0
 498 0078 0B       		.uleb128 0xb
 499 0079 0D       		.uleb128 0xd
 500 007a 00       		.byte	0
 501 007b 03       		.uleb128 0x3
 502 007c 0E       		.uleb128 0xe
 503 007d 3A       		.uleb128 0x3a
 504 007e 0B       		.uleb128 0xb
 505 007f 3B       		.uleb128 0x3b
 506 0080 0B       		.uleb128 0xb
 507 0081 49       		.uleb128 0x49
 508 0082 13       		.uleb128 0x13
 509 0083 38       		.uleb128 0x38
 510 0084 0B       		.uleb128 0xb
 511 0085 00       		.byte	0
 512 0086 00       		.byte	0
 513 0087 0C       		.uleb128 0xc
 514 0088 2E       		.uleb128 0x2e
 515 0089 01       		.byte	0x1
 516 008a 3F       		.uleb128 0x3f
 517 008b 19       		.uleb128 0x19
 518 008c 03       		.uleb128 0x3
 519 008d 0E       		.uleb128 0xe
 520 008e 3A       		.uleb128 0x3a
 521 008f 0B       		.uleb128 0xb
 522 0090 3B       		.uleb128 0x3b
 523 0091 0B       		.uleb128 0xb
 524 0092 27       		.uleb128 0x27
 525 0093 19       		.uleb128 0x19
 526 0094 11       		.uleb128 0x11
 527 0095 01       		.uleb128 0x1
 528 0096 12       		.uleb128 0x12
 529 0097 06       		.uleb128 0x6
 530 0098 40       		.uleb128 0x40
 531 0099 18       		.uleb128 0x18
 532 009a 9742     		.uleb128 0x2117
 533 009c 19       		.uleb128 0x19
 534 009d 01       		.uleb128 0x1
 535 009e 13       		.uleb128 0x13
 536 009f 00       		.byte	0
 537 00a0 00       		.byte	0
 538 00a1 0D       		.uleb128 0xd
 539 00a2 34       		.uleb128 0x34
 540 00a3 00       		.byte	0
 541 00a4 03       		.uleb128 0x3
 542 00a5 0E       		.uleb128 0xe
 543 00a6 3A       		.uleb128 0x3a
 544 00a7 0B       		.uleb128 0xb
 545 00a8 3B       		.uleb128 0x3b
 546 00a9 0B       		.uleb128 0xb
 547 00aa 49       		.uleb128 0x49
 548 00ab 13       		.uleb128 0x13
 549 00ac 02       		.uleb128 0x2
 550 00ad 18       		.uleb128 0x18
 551 00ae 00       		.byte	0
 552 00af 00       		.byte	0
ARM GAS  C:\Users\aditi\AppData\Local\Temp\ccVxy45f.s 			page 12


 553 00b0 0E       		.uleb128 0xe
 554 00b1 898201   		.uleb128 0x4109
 555 00b4 01       		.byte	0x1
 556 00b5 11       		.uleb128 0x11
 557 00b6 01       		.uleb128 0x1
 558 00b7 31       		.uleb128 0x31
 559 00b8 13       		.uleb128 0x13
 560 00b9 00       		.byte	0
 561 00ba 00       		.byte	0
 562 00bb 0F       		.uleb128 0xf
 563 00bc 8A8201   		.uleb128 0x410a
 564 00bf 00       		.byte	0
 565 00c0 02       		.uleb128 0x2
 566 00c1 18       		.uleb128 0x18
 567 00c2 9142     		.uleb128 0x2111
 568 00c4 18       		.uleb128 0x18
 569 00c5 00       		.byte	0
 570 00c6 00       		.byte	0
 571 00c7 10       		.uleb128 0x10
 572 00c8 34       		.uleb128 0x34
 573 00c9 00       		.byte	0
 574 00ca 03       		.uleb128 0x3
 575 00cb 0E       		.uleb128 0xe
 576 00cc 3A       		.uleb128 0x3a
 577 00cd 0B       		.uleb128 0xb
 578 00ce 3B       		.uleb128 0x3b
 579 00cf 0B       		.uleb128 0xb
 580 00d0 49       		.uleb128 0x49
 581 00d1 13       		.uleb128 0x13
 582 00d2 3F       		.uleb128 0x3f
 583 00d3 19       		.uleb128 0x19
 584 00d4 3C       		.uleb128 0x3c
 585 00d5 19       		.uleb128 0x19
 586 00d6 00       		.byte	0
 587 00d7 00       		.byte	0
 588 00d8 11       		.uleb128 0x11
 589 00d9 34       		.uleb128 0x34
 590 00da 00       		.byte	0
 591 00db 03       		.uleb128 0x3
 592 00dc 0E       		.uleb128 0xe
 593 00dd 3A       		.uleb128 0x3a
 594 00de 0B       		.uleb128 0xb
 595 00df 3B       		.uleb128 0x3b
 596 00e0 05       		.uleb128 0x5
 597 00e1 49       		.uleb128 0x49
 598 00e2 13       		.uleb128 0x13
 599 00e3 3F       		.uleb128 0x3f
 600 00e4 19       		.uleb128 0x19
 601 00e5 3C       		.uleb128 0x3c
 602 00e6 19       		.uleb128 0x19
 603 00e7 00       		.byte	0
 604 00e8 00       		.byte	0
 605 00e9 12       		.uleb128 0x12
 606 00ea 35       		.uleb128 0x35
 607 00eb 00       		.byte	0
 608 00ec 49       		.uleb128 0x49
 609 00ed 13       		.uleb128 0x13
ARM GAS  C:\Users\aditi\AppData\Local\Temp\ccVxy45f.s 			page 13


 610 00ee 00       		.byte	0
 611 00ef 00       		.byte	0
 612 00f0 13       		.uleb128 0x13
 613 00f1 01       		.uleb128 0x1
 614 00f2 01       		.byte	0x1
 615 00f3 49       		.uleb128 0x49
 616 00f4 13       		.uleb128 0x13
 617 00f5 01       		.uleb128 0x1
 618 00f6 13       		.uleb128 0x13
 619 00f7 00       		.byte	0
 620 00f8 00       		.byte	0
 621 00f9 14       		.uleb128 0x14
 622 00fa 21       		.uleb128 0x21
 623 00fb 00       		.byte	0
 624 00fc 49       		.uleb128 0x49
 625 00fd 13       		.uleb128 0x13
 626 00fe 2F       		.uleb128 0x2f
 627 00ff 0B       		.uleb128 0xb
 628 0100 00       		.byte	0
 629 0101 00       		.byte	0
 630 0102 15       		.uleb128 0x15
 631 0103 26       		.uleb128 0x26
 632 0104 00       		.byte	0
 633 0105 49       		.uleb128 0x49
 634 0106 13       		.uleb128 0x13
 635 0107 00       		.byte	0
 636 0108 00       		.byte	0
 637 0109 16       		.uleb128 0x16
 638 010a 34       		.uleb128 0x34
 639 010b 00       		.byte	0
 640 010c 03       		.uleb128 0x3
 641 010d 0E       		.uleb128 0xe
 642 010e 3A       		.uleb128 0x3a
 643 010f 0B       		.uleb128 0xb
 644 0110 3B       		.uleb128 0x3b
 645 0111 0B       		.uleb128 0xb
 646 0112 49       		.uleb128 0x49
 647 0113 13       		.uleb128 0x13
 648 0114 3F       		.uleb128 0x3f
 649 0115 19       		.uleb128 0x19
 650 0116 02       		.uleb128 0x2
 651 0117 18       		.uleb128 0x18
 652 0118 00       		.byte	0
 653 0119 00       		.byte	0
 654 011a 17       		.uleb128 0x17
 655 011b 2E       		.uleb128 0x2e
 656 011c 00       		.byte	0
 657 011d 3F       		.uleb128 0x3f
 658 011e 19       		.uleb128 0x19
 659 011f 3C       		.uleb128 0x3c
 660 0120 19       		.uleb128 0x19
 661 0121 6E       		.uleb128 0x6e
 662 0122 0E       		.uleb128 0xe
 663 0123 03       		.uleb128 0x3
 664 0124 0E       		.uleb128 0xe
 665 0125 3A       		.uleb128 0x3a
 666 0126 0B       		.uleb128 0xb
ARM GAS  C:\Users\aditi\AppData\Local\Temp\ccVxy45f.s 			page 14


 667 0127 3B       		.uleb128 0x3b
 668 0128 0B       		.uleb128 0xb
 669 0129 00       		.byte	0
 670 012a 00       		.byte	0
 671 012b 00       		.byte	0
 672              		.section	.debug_aranges,"",%progbits
 673 0000 1C000000 		.4byte	0x1c
 674 0004 0200     		.2byte	0x2
 675 0006 00000000 		.4byte	.Ldebug_info0
 676 000a 04       		.byte	0x4
 677 000b 00       		.byte	0
 678 000c 0000     		.2byte	0
 679 000e 0000     		.2byte	0
 680 0010 00000000 		.4byte	.LFB110
 681 0014 28000000 		.4byte	.LFE110-.LFB110
 682 0018 00000000 		.4byte	0
 683 001c 00000000 		.4byte	0
 684              		.section	.debug_ranges,"",%progbits
 685              	.Ldebug_ranges0:
 686 0000 00000000 		.4byte	.LFB110
 687 0004 28000000 		.4byte	.LFE110
 688 0008 00000000 		.4byte	0
 689 000c 00000000 		.4byte	0
 690              		.section	.debug_line,"",%progbits
 691              	.Ldebug_line0:
 692 0000 55020000 		.section	.debug_str,"MS",%progbits,1
 692      02003502 
 692      00000201 
 692      FB0E0D00 
 692      01010101 
 693              	.LASF36:
 694 0000 5254455F 		.ascii	"RTE_cyclicActivationTable_tsk_cyclic\000"
 694      6379636C 
 694      69634163 
 694      74697661 
 694      74696F6E 
 695              	.LASF5:
 696 0025 5F5F696E 		.ascii	"__int32_t\000"
 696      7433325F 
 696      7400
 697              	.LASF41:
 698 002f 46756E63 		.ascii	"Functsk_cyclic\000"
 698      74736B5F 
 698      6379636C 
 698      696300
 699              	.LASF24:
 700 003e 4576656E 		.ascii	"EventMaskType\000"
 700      744D6173 
 700      6B547970 
 700      6500
 701              	.LASF37:
 702 004c 5254455F 		.ascii	"RTE_cyclicActivation_tsk_cyclic_size\000"
 702      6379636C 
 702      69634163 
 702      74697661 
 702      74696F6E 
 703              	.LASF31:
ARM GAS  C:\Users\aditi\AppData\Local\Temp\ccVxy45f.s 			page 15


 704 0071 45455F6F 		.ascii	"EE_oo_IRQ_suspend_status\000"
 704      6F5F4952 
 704      515F7375 
 704      7370656E 
 704      645F7374 
 705              	.LASF23:
 706 008a 45455F54 		.ascii	"EE_TID\000"
 706      494400
 707              	.LASF15:
 708 0091 666C6F61 		.ascii	"float\000"
 708      7400
 709              	.LASF33:
 710 0097 45455F73 		.ascii	"EE_std_endcycle_next_tid\000"
 710      74645F65 
 710      6E646379 
 710      636C655F 
 710      6E657874 
 711              	.LASF28:
 712 00b0 6379636C 		.ascii	"cycleTime\000"
 712      6554696D 
 712      6500
 713              	.LASF1:
 714 00ba 756E7369 		.ascii	"unsigned char\000"
 714      676E6564 
 714      20636861 
 714      7200
 715              	.LASF38:
 716 00c8 474E5520 		.ascii	"GNU C11 5.4.1 20160609 (release) [ARM/embedded-5-br"
 716      43313120 
 716      352E342E 
 716      31203230 
 716      31363036 
 717 00fb 616E6368 		.ascii	"anch revision 237715] -mcpu=cortex-m3 -mthumb -g -O"
 717      20726576 
 717      6973696F 
 717      6E203233 
 717      37373135 
 718 012e 67202D66 		.ascii	"g -ffunction-sections -ffat-lto-objects\000"
 718      66756E63 
 718      74696F6E 
 718      2D736563 
 718      74696F6E 
 719              	.LASF19:
 720 0156 45455F49 		.ascii	"EE_INT32\000"
 720      4E543332 
 720      00
 721              	.LASF8:
 722 015f 6C6F6E67 		.ascii	"long unsigned int\000"
 722      20756E73 
 722      69676E65 
 722      6420696E 
 722      7400
 723              	.LASF3:
 724 0171 73686F72 		.ascii	"short unsigned int\000"
 724      7420756E 
 724      7369676E 
 724      65642069 
ARM GAS  C:\Users\aditi\AppData\Local\Temp\ccVxy45f.s 			page 16


 724      6E7400
 725              	.LASF30:
 726 0184 45455F6F 		.ascii	"EE_oo_IRQ_disable_count\000"
 726      6F5F4952 
 726      515F6469 
 726      7361626C 
 726      655F636F 
 727              	.LASF35:
 728 019c 49544D5F 		.ascii	"ITM_RxBuffer\000"
 728      52784275 
 728      66666572 
 728      00
 729              	.LASF43:
 730 01a9 5254455F 		.ascii	"RTE_ProcessCyclicTable\000"
 730      50726F63 
 730      65737343 
 730      79636C69 
 730      63546162 
 731              	.LASF4:
 732 01c0 5F5F7569 		.ascii	"__uint16_t\000"
 732      6E743136 
 732      5F7400
 733              	.LASF26:
 734 01cb 5254455F 		.ascii	"RTE_event\000"
 734      6576656E 
 734      7400
 735              	.LASF7:
 736 01d5 5F5F7569 		.ascii	"__uint32_t\000"
 736      6E743332 
 736      5F7400
 737              	.LASF40:
 738 01e0 433A5C44 		.ascii	"C:\\Darmstadt\\SecondSem\\EAA\\Lab2\\Lab2_EAA\\Elec"
 738      61726D73 
 738      74616474 
 738      5C536563 
 738      6F6E6453 
 739 020d 74726F6E 		.ascii	"tronicClock_v1.cydsn\000"
 739      6963436C 
 739      6F636B5F 
 739      76312E63 
 739      7964736E 
 740              	.LASF29:
 741 0222 5254455F 		.ascii	"RTE_cyclicTable_t\000"
 741      6379636C 
 741      69635461 
 741      626C655F 
 741      7400
 742              	.LASF11:
 743 0234 756E7369 		.ascii	"unsigned int\000"
 743      676E6564 
 743      20696E74 
 743      00
 744              	.LASF22:
 745 0241 45455F46 		.ascii	"EE_FREG\000"
 745      52454700 
 746              	.LASF20:
 747 0249 45455F55 		.ascii	"EE_UINT32\000"
ARM GAS  C:\Users\aditi\AppData\Local\Temp\ccVxy45f.s 			page 17


 747      494E5433 
 747      3200
 748              	.LASF42:
 749 0253 7469636B 		.ascii	"ticktime\000"
 749      74696D65 
 749      00
 750              	.LASF10:
 751 025c 6C6F6E67 		.ascii	"long long unsigned int\000"
 751      206C6F6E 
 751      6720756E 
 751      7369676E 
 751      65642069 
 752              	.LASF32:
 753 0273 45455F41 		.ascii	"EE_ApplicationMode\000"
 753      70706C69 
 753      63617469 
 753      6F6E4D6F 
 753      646500
 754              	.LASF16:
 755 0286 646F7562 		.ascii	"double\000"
 755      6C6500
 756              	.LASF13:
 757 028d 696E7433 		.ascii	"int32_t\000"
 757      325F7400 
 758              	.LASF25:
 759 0295 73697A65 		.ascii	"sizetype\000"
 759      74797065 
 759      00
 760              	.LASF9:
 761 029e 6C6F6E67 		.ascii	"long long int\000"
 761      206C6F6E 
 761      6720696E 
 761      7400
 762              	.LASF17:
 763 02ac 63686172 		.ascii	"char\000"
 763      00
 764              	.LASF21:
 765 02b1 45455F55 		.ascii	"EE_UREG\000"
 765      52454700 
 766              	.LASF34:
 767 02b9 45455F49 		.ascii	"EE_IRQ_nesting_level\000"
 767      52515F6E 
 767      65737469 
 767      6E675F6C 
 767      6576656C 
 768              	.LASF2:
 769 02ce 73686F72 		.ascii	"short int\000"
 769      7420696E 
 769      7400
 770              	.LASF12:
 771 02d8 75696E74 		.ascii	"uint16_t\000"
 771      31365F74 
 771      00
 772              	.LASF14:
 773 02e1 75696E74 		.ascii	"uint32_t\000"
 773      33325F74 
 773      00
ARM GAS  C:\Users\aditi\AppData\Local\Temp\ccVxy45f.s 			page 18


 774              	.LASF6:
 775 02ea 6C6F6E67 		.ascii	"long int\000"
 775      20696E74 
 775      00
 776              	.LASF18:
 777 02f3 6C6F6E67 		.ascii	"long double\000"
 777      20646F75 
 777      626C6500 
 778              	.LASF0:
 779 02ff 7369676E 		.ascii	"signed char\000"
 779      65642063 
 779      68617200 
 780              	.LASF27:
 781 030b 5254455F 		.ascii	"RTE_pRunnable\000"
 781      7052756E 
 781      6E61626C 
 781      6500
 782              	.LASF39:
 783 0319 736F7572 		.ascii	"source\\asw\\tsk_cyclic.c\000"
 783      63655C61 
 783      73775C74 
 783      736B5F63 
 783      79636C69 
 784              		.ident	"GCC: (GNU Tools for ARM Embedded Processors) 5.4.1 20160609 (release) [ARM/embedded-5-bran
