--------------- Build Started: 07/25/2021 19:33:50 Project: ElectronicClock_v1, Configuration: ARM GCC 5.4-2016-q2-update Debug ---------------
cydsfit.exe -.appdatapath "C:\Users\aditi\AppData\Local\Cypress Semiconductor\PSoC Creator\4.4" -.fdsnotice -.fdswarpdepfile=warp_dependencies.txt -.fdselabdepfile=elab_dependencies.txt -.fdsbldfile=generated_files.txt -.fdsreffile=referenced_files.txt -p C:\Darmstadt\SecondSem\EAA\Lab2\Lab2_EAA\ElectronicClock_v1.cydsn\ElectronicClock_v1.cyprj -d CY8C5888LTQ-LP097 -s C:\Darmstadt\SecondSem\EAA\Lab2\Lab2_EAA\ElectronicClock_v1.cydsn\Generated_Source\PSoC5 -- -yv2 -q10 -ygs -o2 -v3 -.fftcfgtype=LE
Elaborating Design...
ADD: fit.M0032: warning: Clock Warning: (TFT_SPI_IntClock's accuracy range '24 MHz +/- 1%, (23.76 MHz - 24.24 MHz)' is not within the specified tolerance range '66 MHz +/- 5%, (62.7 MHz - 69.3 MHz)'.).
 * C:\Darmstadt\SecondSem\EAA\Lab2\Lab2_EAA\ElectronicClock_v1.cydsn\ElectronicClock_v1.cydwr (TFT_SPI_IntClock)
 * C:\Program Files (x86)\Cypress\PSoC Creator\4.4\PSoC Creator\psoc\content\CyComponentLibrary\CyComponentLibrary.cylib\SPI_Master_v2_50\SPI_Master_v2_50.cysch (Instance:IntClock)
HDL Generation...
Synthesis...
Tech Mapping...
Analog Placement...
Analog Routing...
Analog Code Generation...
Digital Placement...
Digital Routing...
Bitstream Generation...
Bitstream Verification...
Static timing analysis...
API Generation...
Dependency Generation...
Cleanup...
arm-none-eabi-gcc.exe -mcpu=cortex-m3 -mthumb -I.\source\asw -I.\source\bsw -I.\source\rte -I.\source\bsw\labboard -I.\source\bsw\services -I.\source\bsw\tft -I.\source\bsw\tft\fonts -I. -IGenerated_Source\PSoC5 -Wa,-alh=.\CortexM3\ARM_GCC_541\Debug/ErikaOS_eecfg.lst -g -D DEBUG -D CY_CORE_ID=0 -Wall -ffunction-sections -ffat-lto-objects -Og -c Generated_Source\PSoC5\ErikaOS_eecfg.c -o .\CortexM3\ARM_GCC_541\Debug\ErikaOS_eecfg.o
Generated_Source\PSoC5\ErikaOS_eecfg.c:1943:62: warning: initialization from incompatible pointer type [-Wincompatible-pointer-types]
         { (EE_OO_AUTOSTART_TASK_MODE_OSDEFAULTAPPMODE_SIZE), EE_oo_autostart_task_mode_OSDEFAULTAPPMODE}
                                                              ^
Generated_Source\PSoC5\ErikaOS_eecfg.c:1943:62: note: (near initialization for 'EE_oo_autostart_task_data[0].task')
arm-none-eabi-ar.exe -rs .\CortexM3\ARM_GCC_541\Debug\ElectronicClock_v1.a .\CortexM3\ARM_GCC_541\Debug\CyDmac.o .\CortexM3\ARM_GCC_541\Debug\CyFlash.o .\CortexM3\ARM_GCC_541\Debug\CyLib.o .\CortexM3\ARM_GCC_541\Debug\cyPm.o .\CortexM3\ARM_GCC_541\Debug\CySpc.o .\CortexM3\ARM_GCC_541\Debug\cyutils.o .\CortexM3\ARM_GCC_541\Debug\cy_em_eeprom.o .\CortexM3\ARM_GCC_541\Debug\ErikaOS_ee_activate.o .\CortexM3\ARM_GCC_541\Debug\ErikaOS_ee_alcancel.o .\CortexM3\ARM_GCC_541\Debug\ErikaOS_ee_alget.o .\CortexM3\ARM_GCC_541\Debug\ErikaOS_ee_algetbase.o .\CortexM3\ARM_GCC_541\Debug\ErikaOS_ee_alsetabs.o .\CortexM3\ARM_GCC_541\Debug\ErikaOS_ee_alsetrel.o .\CortexM3\ARM_GCC_541\Debug\ErikaOS_ee_altick.o .\CortexM3\ARM_GCC_541\Debug\ErikaOS_ee_chaintas.o .\CortexM3\ARM_GCC_541\Debug\ErikaOS_ee_evclear.o .\CortexM3\ARM_GCC_541\Debug\ErikaOS_ee_evget.o .\CortexM3\ARM_GCC_541\Debug\ErikaOS_ee_evset.o .\CortexM3\ARM_GCC_541\Debug\ErikaOS_ee_evwait.o .\CortexM3\ARM_GCC_541\Debug\ErikaOS_ee_force_schedule.o .\CortexM3\ARM_GCC_541\Debug\ErikaOS_ee_getcountervalue.o .\CortexM3\ARM_GCC_541\Debug\ErikaOS_ee_getelapsedvalue.o .\CortexM3\ARM_GCC_541\Debug\ErikaOS_ee_gettaskid.o .\CortexM3\ARM_GCC_541\Debug\ErikaOS_ee_gettaskstate.o .\CortexM3\ARM_GCC_541\Debug\ErikaOS_ee_iparam.o .\CortexM3\ARM_GCC_541\Debug\ErikaOS_ee_irqendin.o .\CortexM3\ARM_GCC_541\Debug\ErikaOS_ee_lockres.o .\CortexM3\ARM_GCC_541\Debug\ErikaOS_ee_lookup.o .\CortexM3\ARM_GCC_541\Debug\ErikaOS_ee_rq_exchg.o .\CortexM3\ARM_GCC_541\Debug\ErikaOS_ee_rq_first.o .\CortexM3\ARM_GCC_541\Debug\ErikaOS_ee_rq_inser.o .\CortexM3\ARM_GCC_541\Debug\ErikaOS_ee_schedule.o .\CortexM3\ARM_GCC_541\Debug\ErikaOS_ee_semgetvalue.o .\CortexM3\ARM_GCC_541\Debug\ErikaOS_ee_sempost.o .\CortexM3\ARM_GCC_541\Debug\ErikaOS_ee_semtrywait.o .\CortexM3\ARM_GCC_541\Debug\ErikaOS_ee_semwait.o .\CortexM3\ARM_GCC_541\Debug\ErikaOS_ee_shtdown.o .\CortexM3\ARM_GCC_541\Debug\ErikaOS_ee_startos.o .\CortexM3\ARM_GCC_541\Debug\ErikaOS_ee_terminat.o .\CortexM3\ARM_GCC_541\Debug\ErikaOS_ee_thendin.o .\CortexM3\ARM_GCC_541\Debug\ErikaOS_ee_tnterm.o .\CortexM3\ARM_GCC_541\Debug\ErikaOS_ee_tstub.o .\CortexM3\ARM_GCC_541\Debug\ErikaOS_ee_ulockallres.o .\CortexM3\ARM_GCC_541\Debug\ErikaOS_ee_ulockres.o .\CortexM3\ARM_GCC_541\Debug\ErikaOS_cortex_mx_ee_context.o .\CortexM3\ARM_GCC_541\Debug\ErikaOS_cortex_mx_ee_system_timer.o .\CortexM3\ARM_GCC_541\Debug\ErikaOS_cortex_mx_ee_utils.o .\CortexM3\ARM_GCC_541\Debug\ErikaOS_common_ee_hal_structs.o .\CortexM3\ARM_GCC_541\Debug\ErikaOS_eecfg.o .\CortexM3\ARM_GCC_541\Debug\Pin_ButtonLeft.o .\CortexM3\ARM_GCC_541\Debug\Pin_ButtonRight.o .\CortexM3\ARM_GCC_541\Debug\isr_button.o .\CortexM3\ARM_GCC_541\Debug\UART_LOG.o .\CortexM3\ARM_GCC_541\Debug\UART_LOG_PM.o .\CortexM3\ARM_GCC_541\Debug\UART_LOG_INT.o .\CortexM3\ARM_GCC_541\Debug\UART_LOG_BOOT.o .\CortexM3\ARM_GCC_541\Debug\UART_LOG_IntClock.o .\CortexM3\ARM_GCC_541\Debug\TFT_SPI.o .\CortexM3\ARM_GCC_541\Debug\TFT_SPI_PM.o .\CortexM3\ARM_GCC_541\Debug\TFT_SPI_INT.o .\CortexM3\ARM_GCC_541\Debug\TFT_BackLight.o .\CortexM3\ARM_GCC_541\Debug\TFT_BackLight_PM.o .\CortexM3\ARM_GCC_541\Debug\PWM_clk.o .\CortexM3\ARM_GCC_541\Debug\TFT_DC.o .\CortexM3\ARM_GCC_541\Debug\TFT_CS.o .\CortexM3\ARM_GCC_541\Debug\TFT_RES.o .\CortexM3\ARM_GCC_541\Debug\TFT_SCL.o .\CortexM3\ARM_GCC_541\Debug\TFT_SDA.o .\CortexM3\ARM_GCC_541\Debug\TFT_LED.o .\CortexM3\ARM_GCC_541\Debug\TFT_SPI_IntClock.o .\CortexM3\ARM_GCC_541\Debug\CyBootAsmGnu.o .\CortexM3\ARM_GCC_541\Debug\ErikaOS_ee_gnu_change_context_isr.o .\CortexM3\ARM_GCC_541\Debug\ErikaOS_ee_gnu_irq_stack.o .\CortexM3\ARM_GCC_541\Debug\ErikaOS_ee_gnu_multi_context.o .\CortexM3\ARM_GCC_541\Debug\ErikaOS_ee_gnu_oo.o
arm-none-eabi-ar.exe: creating .\CortexM3\ARM_GCC_541\Debug\ElectronicClock_v1.a
arm-none-eabi-gcc.exe -Wl,--start-group -o C:\Darmstadt\SecondSem\EAA\Lab2\Lab2_EAA\ElectronicClock_v1.cydsn\CortexM3\ARM_GCC_541\Debug\ElectronicClock_v1.elf .\CortexM3\ARM_GCC_541\Debug\swc_clock.o .\CortexM3\ARM_GCC_541\Debug\tsk_cyclic.o .\CortexM3\ARM_GCC_541\Debug\tsk_event.o .\CortexM3\ARM_GCC_541\Debug\tsk_system.o .\CortexM3\ARM_GCC_541\Debug\main.o .\CortexM3\ARM_GCC_541\Debug\statemachine.o .\CortexM3\ARM_GCC_541\Debug\logging.o .\CortexM3\ARM_GCC_541\Debug\tft.o .\CortexM3\ARM_GCC_541\Debug\rte.o .\CortexM3\ARM_GCC_541\Debug\sc_clock.o .\CortexM3\ARM_GCC_541\Debug\sc_display.o .\CortexM3\ARM_GCC_541\Debug\sc_display_type.o .\CortexM3\ARM_GCC_541\Debug\sc_event.o .\CortexM3\ARM_GCC_541\Debug\sp_common.o .\CortexM3\ARM_GCC_541\Debug\cyfitter_cfg.o .\CortexM3\ARM_GCC_541\Debug\cymetadata.o .\CortexM3\ARM_GCC_541\Debug\Cm3Start.o .\CortexM3\ARM_GCC_541\Debug\ElectronicClock_v1.a "C:\Program Files (x86)\Cypress\PSoC Creator\4.4\PSoC Creator\psoc\content\cycomponentlibrary\CyComponentLibrary.cylib\CortexM3\ARM_GCC_541\Debug\CyComponentLibrary.a" -mcpu=cortex-m3 -mthumb -L Generated_Source\PSoC5 -Wl,-Map,.\CortexM3\ARM_GCC_541\Debug/ElectronicClock_v1.map -T Generated_Source\PSoC5\cm3gcc.ld -specs=nano.specs -Wl,--gc-sections -g -ffunction-sections -Og -ffat-lto-objects -Wl,--end-group
cyelftool.exe -C C:\Darmstadt\SecondSem\EAA\Lab2\Lab2_EAA\ElectronicClock_v1.cydsn\CortexM3\ARM_GCC_541\Debug\ElectronicClock_v1.elf --flash_row_size 256 --flash_size 262144 --flash_offset 0x00000000
No ELF section .cychecksum found, creating one
Application checksum calculated and stored in ELF section .cychecksum
Checksum calculated and stored in ELF section .cymeta
cyelftool.exe -S C:\Darmstadt\SecondSem\EAA\Lab2\Lab2_EAA\ElectronicClock_v1.cydsn\CortexM3\ARM_GCC_541\Debug\ElectronicClock_v1.elf
Flash used: 17184 of 262144 bytes (6.6%).
SRAM used: 5353 of 65536 bytes (8.2%). Stack: 2048 bytes. Heap: 128 bytes.
--------------- Build Succeeded: 07/25/2021 19:34:03 ---------------
